"report-file-0"
"Iteration" "cs-htc etc.."
("Iteration" "cs-htc" "cs-temp" "max-temp" "p-in")
1 0.2900760984951307 410.8504081785358 411.4517822265625 9790572.768990649
2 0.2654441540645278 451.9354452255767 452.4922180175781 9792204.118605731
3 -0.2266360409293552 497.1289893863443 497.6978759765625 9794178.787576478
4 -0.1900436748075482 546.8418905192715 547.4241333007813 9796183.324164752
5 -0.1772468899555589 601.5260720508121 602.1231689453125 9796933.061448073
6 -0.04416588864276354 628.6357007133548 662.292236328125 9798080.70492745
7 16038.2095299245 635.0880087069762 728.4782104492188 9799261.926553812
8 16783.53353853543 642.9281796481139 801.2828369140625 9799726.770720806
9 17867.17059645073 647.5443585144816 855.6700439453125 9800200.564600052
10 18421.87669586007 649.7993712193741 876.3947143554688 9800735.115917988
11 18807.42402407631 651.2909736773311 888.0750122070313 9800987.660422258
12 19246.15448546112 652.0377504195698 895.0132446289063 9801218.833832782
13 19690.64361691064 651.8728659765587 898.8644409179688 9801403.939876996
14 20169.31607374804 650.4411840289191 900.1609497070313 9802006.288336501
15 20578.92125067375 648.9774887721863 900.44091796875 9802161.078656824
16 21026.38893225185 646.8626210474135 899.5612182617188 9802302.745344942
17 21452.92322787196 644.7758047353227 898.2191772460938 9802426.834523164
18 21868.85720668704 642.6057704192934 896.4453735351563 9802736.873274133
19 22244.03154163276 640.3819906692578 894.3749389648438 9803226.381074091
20 22523.61111933377 638.6772599916303 892.6101684570313 9803287.621082595
21 22777.95819600533 637.0623668540683 890.859619140625 9803343.084581962
22 23015.43406138851 635.4980688960302 889.1198120117188 9803388.038610429
23 23233.30625249394 634.0597215230105 887.466064453125 9803427.239862166
24 23488.5192957274 632.3751312547258 885.4905395507813 9803665.040217549
25 23637.39893913237 631.2556349597379 884.1205444335938 9803688.331900097
26 23801.95043104229 630.2439828428776 882.8773803710938 9803719.216007555
27 23953.33233337267 629.2454938063205 881.6221313476563 9803738.947561739
28 24060.52047170462 628.4543409457007 880.6436767578125 9803813.343943659
29 24159.21015271811 627.7944868763185 879.7923583984375 9803841.393910069
30 24232.62594359253 627.210866913491 878.9806518554688 9803855.857404089
31 24258.41217929665 626.8592759219655 878.464599609375 9803870.02745392
32 24295.02725034986 626.5461371996232 878.023193359375 9803889.100770965
33 24325.44777413154 626.2438973528386 877.6114501953125 9803908.962272646
34 24349.13084441986 625.9843784265594 877.2630004882813 9803919.891628753
35 24364.69447465474 625.8023690570769 877.0037841796875 9803928.765316896
36 24359.18274992628 625.7566730624751 876.8541870117188 9803938.061480807
37 24346.37739611741 625.7339321629631 876.7581787109375 9803950.453461321
38 24344.74523862135 625.6517781056974 876.636962890625 9803958.384716066
39 24342.01392101414 625.57594969866 876.5308837890625 9803997.123829192
40 24332.6992469246 625.5658844938204 876.480712890625 9804003.700793179
41 24331.00421484543 625.5428666879419 876.437744140625 9804008.995729594
42 24321.62721301987 625.5658833676841 876.4312133789063 9804012.833787777
43 24300.14536265667 625.6115751395467 876.4511108398438 9804021.706192395
44 24289.92837448214 625.5909775180802 876.4376831054688 9804026.237452134
45 24284.76073054093 625.5767747351662 876.42333984375 9804030.049537404
46 24269.28899268555 625.6308023653958 876.4619140625 9804041.728031978
47 24258.65717365798 625.686746086503 876.5122680664063 9804043.408017356
48 24252.3437409397 625.7187298637716 876.5498046875 9804044.384400003
49 24233.6724459736 625.775025425472 876.60205078125 9804047.162791962
50 24216.79108880203 625.7958703480916 876.6343994140625 9804049.244060136
51 24209.00357147832 625.8043233894296 876.6541748046875 9804052.227817461
52 24196.84634273589 625.8657619294795 876.7078247070313 9804054.852472849
53 24185.0769320656 625.9369361869982 876.7800903320313 9804056.717691522
54 24179.99018406503 625.9770688812312 876.8294677734375 9804057.951481715
55 24166.31392583116 626.0206499843169 876.8778076171875 9804068.648141298
56 24144.90133970357 626.0693608835687 876.92529296875 9804073.102207579
57 24126.8045297712 626.1061751352562 876.9689331054688 9804074.91544901
58 24110.30170910447 626.1748087559185 877.0388793945313 9804077.995705156
59 24094.75300018785 626.2651771382556 877.1323852539063 9804079.360467093
60 24082.34320353352 626.3505005423939 877.228515625 9804080.328832546
61 24071.86301817952 626.416579980463 877.308349609375 9804080.888938041
62 24052.8928167508 626.5033829791581 877.4037475585938 9804081.449852113
63 24030.32897925095 626.5981928545943 877.5033569335938 9804082.662517147
64 24006.1897455944 626.7066554243436 877.61572265625 9804085.424755154
65 23985.55612115727 626.8229246337099 877.7404174804688 9804087.366906084
66 23970.06573678512 626.9383834489429 877.8709106445313 9804090.156118898
67 23960.94744055728 627.0279629263345 877.983154296875 9804091.659553654
68 23950.12375957199 627.1097920490918 878.0834350585938 9804093.110117655
69 23933.12423110104 627.198622537731 878.1753540039063 9804094.617773568
70 23909.94002038228 627.2992012567706 878.2781372070313 9804096.59616184
71 23888.40600148071 627.4067948899229 878.3919677734375 9804099.276835777
72 23871.23145788709 627.5192336054599 878.5214233398438 9804102.78997319
73 23862.06716431719 627.6102481491155 878.6355590820313 9804105.228579111
74 23856.52512030432 627.675691418969 878.7205200195313 9804107.83566954
75 23845.39968149102 627.7476763853246 878.8028564453125 9804111.181194708
76 23828.10130164131 627.834007663277 878.892333984375 9804119.107447505
77 23809.0231071715 627.9302435514259 878.9937744140625 9804121.517869873
78 23792.8677271764 628.0301417902822 879.10791015625 9804123.830795716
79 23784.34594937039 628.1081747934718 879.2023315429688 9804126.739875404
80 23778.15777910043 628.1726998245499 879.2853393554688 9804128.598071551
81 23770.10501220093 628.242354108582 879.3709106445313 9804129.761586662
82 23759.39164330571 628.3129802583298 879.4467163085938 9804130.987177594
83 23742.68445493667 628.4010498100038 879.541015625 9804132.767474191
84 23729.64126289072 628.4790102081066 879.62646484375 9804134.589358062
85 23714.54890361078 628.5796875824491 879.748779296875 9804136.320503164
86 23711.43758218597 628.6351739439235 879.8202514648438 9804142.326953514
87 23705.37424525278 628.6863386544159 879.884765625 9804143.749613341
88 23698.20491896423 628.7361211279787 879.9404296875 9804144.830433773
89 23685.73293488145 628.8041752632042 880.0136108398438 9804149.874156404
90 23675.90135217069 628.8618149609808 880.0753784179688 9804151.782979636
91 23665.65844871177 628.9220446226587 880.1445922851563 9804152.909684787
92 23658.36154584528 628.976836046421 880.2117919921875 9804155.54782944
93 23652.96153515508 629.0239208381334 880.2708740234375 9804158.494727414
94 23647.73818034476 629.0657694545465 880.3203735351563 9804159.607279509
95 23638.56352063199 629.1216570959186 880.3829345703125 9804160.636233581
96 23629.83451652361 629.1764222214631 880.4440307617188 9804163.259798983
97 23622.60212134812 629.220829302875 880.49365234375 9804163.988701925
98 23614.57727931194 629.2699200430824 880.551513671875 9804165.112278484
99 23609.41662898986 629.3093124807453 880.5985717773438 9804166.061156718
100 23603.92304351542 629.3470478584819 880.642822265625 9804166.770959059
101 23597.25419198185 629.3898958030599 880.69140625 9804167.471136149
102 23590.88015136944 629.4297775716134 880.7349243164063 9804168.371702885
103 23583.1667961902 629.4735642720026 880.783935546875 9804169.177522726
104 23576.84866487698 629.5129828079145 880.8294677734375 9804170.753046475
105 23571.15421267822 629.5493108112065 880.8721313476563 9804171.44714419
106 23566.00043364198 629.5830397977952 880.9117431640625 9804172.102802524
107 23560.82910898303 629.6159562184145 880.9495239257813 9804172.814812651
108 23555.34486005506 629.6491063808622 880.9866943359375 9804173.892112365
109 23549.75327513125 629.6817024772274 881.023193359375 9804174.554271685
110 23544.32465448692 629.7131769306943 881.0587768554688 9804175.199217672
111 23539.32694223594 629.7428263050375 881.0928344726563 9804176.256870903
112 23535.07728990656 629.7683077432962 881.1218872070313 9804177.07018508
113 23530.33463092855 629.7959057948082 881.153564453125 9804178.173307218
114 23526.35462776164 629.8202944137104 881.180908203125 9804179.083411044
115 23521.97486320616 629.8447707323342 881.2081298828125 9804179.66355182
116 23517.43004580489 629.8708683841098 881.23779296875 9804180.893226886
117 23513.64837417555 629.8937420487422 881.2635498046875 9804181.718858307
118 23509.46815132592 629.9176352786928 881.2911376953125 9804182.242678881
119 23505.85440417338 629.9399629745438 881.3169555664063 9804182.761546474
120 23502.52553651847 629.9598076770222 881.33935546875 9804183.408307599
121 23498.75592575223 629.9810313401434 881.363525390625 9804184.069747726
122 23495.32804193761 630.0015241055048 881.3868408203125 9804184.744048931
123 23492.17838003476 630.0196782622259 881.4072265625 9804185.359390751
124 23488.69689356396 630.0389595877555 881.42919921875 9804185.814285455
125 23485.64819905601 630.0570415641869 881.4498901367188 9804186.428347839
126 23482.85690935662 630.0729803657611 881.4678344726563 9804186.883014681
127 23479.54471902247 630.0915105505726 881.4891357421875 9804187.616744539
128 23477.13706245087 630.1061457830575 881.505615234375 9804188.099841377
129 23474.34120730604 630.1208990567548 881.5220947265625 9804188.703122854
130 23471.46446115764 630.1369908283795 881.5405883789063 9804189.258541439
131 23469.21706819203 630.150318667748 881.5557250976563 9804189.84780943
132 23466.56881565225 630.1648658371657 881.5724487304688 9804190.390926518
133 23464.52624456795 630.1769201055562 881.586181640625 9804190.755433755
134 23462.09579612303 630.1902753460359 881.6015625 9804191.105313862
135 23459.98993949316 630.202805061835 881.615966796875 9804191.440499363
136 23457.90577908844 630.2147263857802 881.6295776367188 9804191.894189896
137 23456.05057942051 630.2250129878979 881.64111328125 9804192.233732641
138 23453.91114591186 630.2363916401962 881.654052734375 9804192.717197498
139 23452.06237763982 630.247037417912 881.6661987304688 9804193.026546184
140 23450.2318701449 630.2572743473816 881.6778564453125 9804193.323201573
141 23448.48601825581 630.2669748340021 881.6888427734375 9804193.978434177
142 23446.78587423363 630.276374422302 881.6995239257813 9804194.250657674
143 23445.2675586799 630.2845958021593 881.7086181640625 9804194.525054144
144 23443.65633391723 630.2928839349241 881.7177734375 9804194.986351244
145 23442.01695598982 630.3016903703012 881.727783203125 9804195.394824903
146 23440.72938968379 630.3089048191554 881.7359008789063 9804195.796964223
147 23439.32921869119 630.3161435823017 881.7440185546875 9804196.346462607
148 23438.04887067241 630.3228680816587 881.7515869140625 9804196.575448023
149 23436.82651855019 630.3293285833928 881.7589111328125 9804196.936984135
150 23435.57037741362 630.3361655278046 881.7667846679688 9804197.554804621
151 23434.5576229138 630.3418826503496 881.7732543945313 9804197.836931296
152 23433.45364516202 630.3475462662291 881.7796630859375 9804198.196944011
153 23432.31576336119 630.3536327648495 881.78662109375 9804198.525497278
154 23431.33161159588 630.3591401799782 881.7929077148438 9804198.818156054
155 23430.36739700306 630.3642951561421 881.798828125 9804199.054124892
156 23429.50709300639 630.3687614592344 881.8037719726563 9804199.427059494
157 23428.56039972137 630.3734658533522 881.8091430664063 9804199.761654301
158 23427.80884935955 630.3773917459685 881.8135986328125 9804200.051023528
159 23427.03615909624 630.3811217092633 881.8177490234375 9804200.226420691
160 23426.30533777392 630.3847303936444 881.8218383789063 9804200.400510786
161 23425.60365048721 630.3882161553636 881.82568359375 9804200.602822918
162 23424.92068975227 630.391551103914 881.8294067382813 9804200.762254868
163 23424.26097098097 630.3947615450996 881.8330078125 9804200.938038835
164 23423.57824055049 630.39814737555 881.8369140625 9804201.316713376
165 23423.00600435178 630.4011466052029 881.84033203125 9804201.485141164
166 23422.42610385392 630.4039416847181 881.843505859375 9804201.65104406
167 23421.88645258715 630.406500219825 881.8463745117188 9804201.837516466
168 23421.37579024548 630.4088708226684 881.8490600585938 9804202.00250938
169 23420.88993576713 630.4110914676104 881.8515625 9804202.233452642
170 23420.45447791316 630.4129751666464 881.8536376953125 9804202.39411452
171 23420.02152815234 630.4147670799008 881.8555908203125 9804202.579842297
172 23419.59875075208 630.4165810861092 881.857666015625 9804202.7375868
173 23419.24322342531 630.4180852591847 881.8593139648438 9804202.875030123
174 23418.88478494111 630.4194821161673 881.86083984375 9804203.035767402
175 23418.52819042642 630.4209417354855 881.8624877929688 9804203.281190468
176 23418.35297031187 630.4212730513136 881.863037109375 9804204.757859319
177 23418.10275574656 630.4220835884506 881.8638916015625 9804204.821237458
178 23417.9174705075 630.4227002953264 881.8646240234375 9804204.867967689
179 23417.73755009481 630.423261394982 881.8652954101563 9804204.919238629
180 23417.57194427183 630.4237424303321 881.8657836914063 9804205.03921932
181 23417.42678985534 630.4240698180979 881.8661499023438 9804205.26077763
182 23417.27298222284 630.4244143755905 881.8665161132813 9804205.313346613
183 23417.14753816038 630.42457216677 881.8666381835938 9804205.614630029
184 23417.01697345333 630.4247301901885 881.8668212890625 9804205.726124028
185 23416.89815543245 630.4248417546929 881.8668823242188 9804205.801121745
186 23416.7812806136 630.4249424689841 881.8668823242188 9804205.897400472
187 23416.66759670199 630.4250275501338 881.866943359375 9804205.958483294
188 23416.55802232996 630.4251012231397 881.866943359375 9804206.043741371
189 23416.43418923583 630.425242729566 881.8670043945313 9804206.119164817
190 23416.31331386789 630.4253762631282 881.8670654296875 9804206.207566477
191 23416.19169858056 630.4255049658555 881.8671264648438 9804206.342259895
192 23416.07188295971 630.4256227529469 881.8671875 9804206.438195862
193 23415.95911139776 630.4257333096016 881.8671875 9804206.637778485
194 23415.85100971624 630.4258095073081 881.8672485351563 9804206.82597498
195 23415.77042561687 630.4257676689635 881.8671264648438 9804206.96065684
196 23415.70374430205 630.4256524059321 881.8670043945313 9804207.09393502
197 23415.65515846064 630.4254658022799 881.8667602539063 9804207.287580516
198 23415.61863600042 630.4251953876211 881.866455078125 9804207.417973062
199 23415.60764456767 630.424826630283 881.8660278320313 9804207.54552478
200 23415.60487551904 630.4243865979995 881.8655395507813 9804207.691652194
201 23415.61896885132 630.423857962776 881.8649291992188 9804207.857380783
202 23415.63660630941 630.4233298826715 881.8643188476563 9804207.968936959
203 23415.68554678153 630.4226601529664 881.8635864257813 9804208.137486828
204 23415.73836929902 630.4218880016714 881.8626708984375 9804208.221979894
205 23415.79438077231 630.421121415048 881.86181640625 9804208.300423829
206 23415.85506522085 630.420349801925 881.8609008789063 9804208.382400913
207 23415.91899714034 630.4195436766797 881.8599853515625 9804208.473413203
208 23415.96920420507 630.4188094843173 881.859130859375 9804208.553689692
209 23416.04871345358 630.4179521307969 881.858154296875 9804208.629631421
210 23416.10081311952 630.4171817262646 881.8572387695313 9804208.707519004
211 23416.22677153055 630.415996451271 881.85595703125 9804209.499420827
212 23416.31586908426 630.4150612460395 881.8548583984375 9804209.602666143
213 23416.43891813575 630.4139897073194 881.8536376953125 9804209.673241423
214 23416.5457733322 630.4129493381428 881.8524169921875 9804209.748534193
215 23416.6543468073 630.4119334080153 881.8512573242188 9804209.775944876
216 23416.75191258265 630.4109962776766 881.85009765625 9804209.834560724
217 23416.84121414026 630.4101044922133 881.8490600585938 9804209.917711705
218 23416.92136540292 630.4092376747819 881.8480224609375 9804209.994697874
219 23417.00020587352 630.4083820294589 881.8469848632813 9804210.096034028
220 23417.07446375921 630.4075576573281 881.8460083007813 9804210.186486255
221 23417.13767677689 630.4068252854684 881.8451538085938 9804210.288285937
222 23417.22641306802 630.4059928608634 881.8441162109375 9804210.386963304
223 23417.30020822296 630.4051952556986 881.8432006835938 9804210.523569327
224 23417.36474334024 630.404485416531 881.8423461914063 9804210.616157861
225 23417.45830212182 630.4036697476988 881.8414306640625 9804210.708582018
226 23417.52427764589 630.4029475531406 881.8405151367188 9804210.860531691
227 23417.61059959182 630.4021198185452 881.839599609375 9804211.15262674
228 23417.67470888206 630.4014487244377 881.8388061523438 9804211.264418876
229 23417.7630746269 630.4007154491845 881.8380126953125 9804211.384076387
230 23417.86077685734 630.3999048595753 881.8370361328125 9804211.510072771
231 23417.94836911932 630.3990976818253 881.8361206054688 9804211.642080719
232 23418.04390158705 630.3982653259646 881.8351440429688 9804211.794207115
233 23418.14068876785 630.3974314258597 881.834228515625 9804212.007876156
234 23418.25360401344 630.3965082763596 881.8331909179688 9804212.207995299
235 23418.38338718528 630.3954929175248 881.83203125 9804212.401975181
236 23418.55295118083 630.3942360204021 881.8306884765625 9804212.830153452
237 23418.71506049598 630.3930551656121 881.8294067382813 9804212.967053434
238 23418.89332235039 630.3918218923783 881.8280639648438 9804213.041622946
239 23419.07827755136 630.3905290340932 881.8265991210938 9804213.151699828
240 23419.2542522297 630.3892573063085 881.8251953125 9804213.234725222
241 23419.44520999388 630.3879079707281 881.8236694335938 9804213.302288847
242 23419.60998342928 630.3866749201936 881.8223266601563 9804213.387925189
243 23419.78125778274 630.3854365024732 881.8209228515625 9804213.457671078
244 23419.9473628362 630.3841949810098 881.8195190429688 9804213.538851269
245 23420.10815546551 630.3829791588796 881.818115234375 9804213.617723862
246 23420.26558556161 630.38177625268 881.8167114257813 9804213.696404643
247 23420.42029431045 630.3805897337312 881.8153686523438 9804213.784060316
248 23420.56197611879 630.3794733627797 881.8140869140625 9804213.883635269
249 23420.70448357014 630.3783934289041 881.8128051757813 9804213.948073927
250 23420.84422097039 630.3773294108732 881.8115844726563 9804214.063967055
251 23420.9798417188 630.3762805728941 881.8104248046875 9804214.150035569
252 23421.11525284098 630.3752415988904 881.8092651367188 9804214.460671805
253 23421.28301358796 630.3740658455721 881.8079223632813 9804214.703176085
254 23421.42979141036 630.3729520949328 881.806640625 9804214.780502198
255 23421.58257519364 630.3718491656796 881.805419921875 9804214.858643332
256 23421.71701563245 630.370877432206 881.8043212890625 9804214.994792024
257 23421.87562671437 630.3698181227032 881.8031616210938 9804215.077770015
258 23422.02846597152 630.368768427999 881.802001953125 9804215.196830016
259 23422.17662840738 630.3677469920596 881.8008422851563 9804215.362548536
260 23422.31270086996 630.3667737868735 881.7997436523438 9804215.518957712
261 23422.44877312797 630.3657961012258 881.7986450195313 9804215.614778938
262 23422.57528634099 630.3648747879672 881.797607421875 9804215.803157667
263 23422.72637848767 630.363773763374 881.7963256835938 9804216.002586579
264 23422.8393776683 630.3628210598367 881.7952270507813 9804216.184504414
265 23423.01051439338 630.3616605371403 881.7938842773438 9804216.303063082
266 23423.14184341196 630.3606537687746 881.792724609375 9804216.445063043
267 23423.27625781001 630.3597145787292 881.791748046875 9804216.577934237
268 23423.43752860294 630.3586699202227 881.79052734375 9804216.723089749
269 23423.57923395664 630.3576480920185 881.7893676757813 9804216.934323478
270 23423.73561842704 630.3565508592807 881.7881469726563 9804217.199303286
271 23423.89358766331 630.3554429728304 881.7869262695313 9804217.380645815
272 23424.06424501986 630.354306526624 881.78564453125 9804217.513167685
273 23424.22818068872 630.3532223742283 881.7844848632813 9804217.657520594
274 23424.41230196145 630.3520831102702 881.7832641601563 9804217.799816007
275 23424.61947231161 630.350748393881 881.7817993164063 9804217.973451572
276 23424.82074287971 630.3493440736373 881.7802734375 9804218.10470661
277 23425.03547216389 630.3478879318719 881.7786865234375 9804218.251880137
278 23425.25276971041 630.3464378295313 881.7770385742188 9804218.396214142
279 23425.47297310956 630.3449799950866 881.7754516601563 9804218.496303888
280 23425.69174914366 630.3435262959495 881.7738037109375 9804218.579584477
281 23425.90914172949 630.3420749999348 881.772216796875 9804218.648922903
282 23426.11580041031 630.3406696873291 881.7706298828125 9804218.722403107
283 23426.29279299093 630.3394469057436 881.769287109375 9804218.791251225
284 23426.50169374634 630.3380824302984 881.7677001953125 9804218.884823406
285 23426.65495323981 630.3369277680021 881.7664184570313 9804219.00938151
286 23426.85777784981 630.3355639216962 881.7648315429688 9804219.111416841
287 23426.98891523272 630.3344991381447 881.7636108398438 9804219.196604697
288 23427.17805892048 630.3332423342988 881.7621459960938 9804219.291661121
289 23427.32159478325 630.3321321481961 881.7608642578125 9804219.380891487
290 23427.45832870108 630.3311477455612 881.759765625 9804219.481433567
291 23427.62768503724 630.3300265534474 881.7584838867188 9804219.570417784
292 23427.76917952574 630.3289826444782 881.75732421875 9804219.831187181
293 23427.94235679145 630.3278552394288 881.756103515625 9804220.097934011
294 23428.11072079065 630.32674849108 881.7548217773438 9804220.211568246
295 23428.27925682735 630.3256631134734 881.753662109375 9804220.291780429
296 23428.46055107224 630.3244914862979 881.7523193359375 9804220.393282136
297 23428.61008458109 630.3234284083497 881.7510375976563 9804220.53379485
298 23428.75206994926 630.322434061119 881.7498779296875 9804220.645678744
299 23428.89008967231 630.3214519944854 881.7487182617188 9804220.809713079
300 23429.02906397348 630.3204635486176 881.7476196289063 9804220.953797434
301 23429.22874415354 630.3190774663406 881.74609375 9804221.719875846
302 23429.36949919903 630.3181119677569 881.7450561523438 9804221.874332113
303 23429.56774941659 630.3169664078891 881.7437744140625 9804221.973912245
304 23429.72688872814 630.3159545751408 881.74267578125 9804222.086661583
305 23429.92254882056 630.3148034644282 881.7413330078125 9804222.235581424
306 23430.09382282957 630.3136768991353 881.7401123046875 9804222.361783724
307 23430.24760529194 630.31267130051 881.7389526367188 9804222.516397662
308 23430.43410058213 630.3115167634926 881.7376708984375 9804222.661913436
309 23430.58262445969 630.3104895185237 881.7365112304688 9804222.794596393
310 23430.77213022755 630.3092939871606 881.7351684570313 9804222.95510098
311 23430.95165179496 630.3080507356893 881.7337646484375 9804223.101833433
312 23431.13962346185 630.3067888642834 881.7323608398438 9804223.224477608
313 23431.34175757454 630.3054602678834 881.7308959960938 9804223.34824718
314 23431.54659586188 630.3041208736425 881.7294311523438 9804223.490059746
315 23431.73840827645 630.3028876055748 881.7280883789063 9804223.605906516
316 23431.97318121888 630.3014587243497 881.7265014648438 9804223.725519463
317 23432.16608855755 630.3001699406411 881.72509765625 9804223.841388157
318 23432.3747317436 630.2988940250304 881.7236938476563 9804223.906703448
319 23432.57672387498 630.2976037831379 881.7222290039063 9804223.98225229
320 23432.76615887682 630.2963601693 881.7208251953125 9804224.063204348
321 23432.94608184294 630.2951566874532 881.719482421875 9804224.133100007
322 23433.13429172785 630.293878058051 881.7179565429688 9804224.187725781
323 23433.29484752632 630.2926872338801 881.716552734375 9804224.27753656
324 23433.43092945515 630.2916920781327 881.7153930664063 9804224.336525341
325 23433.58372339053 630.2906808963819 881.7142333984375 9804224.497976921
326 23433.73981072328 630.2896154656806 881.7130126953125 9804224.560110165
327 23433.88099121687 630.2885744792998 881.7117919921875 9804224.726928016
328 23434.01809741781 630.2876049624824 881.710693359375 9804224.952076927
329 23434.17103071258 630.286606005217 881.7095336914063 9804225.152935553
330 23434.33238965895 630.2855667076162 881.7084350585938 9804225.306741834
331 23434.48739179641 630.2845927087733 881.7073364257813 9804225.350795247
332 23434.6507201227 630.2835719839914 881.7061157226563 9804225.39125959
333 23434.78247840772 630.2826690707595 881.7050170898438 9804225.443545243
334 23434.90002094586 630.2818662062609 881.7041015625 9804225.55169731
335 23434.99764522418 630.2811741770339 881.7032470703125 9804225.630179079
336 23435.1153486774 630.2803985374943 881.7023315429688 9804225.720762389
337 23435.21292121215 630.2796782455259 881.7014770507813 9804225.986455716
338 23435.32368212613 630.2789632221097 881.70068359375 9804226.164318027
339 23435.43960000585 630.2782247964825 881.6998291015625 9804226.346482746
340 23435.5756819036 630.2773773010109 881.6989135742188 9804226.528115861
341 23435.6962722936 630.2765947753644 881.697998046875 9804226.599625409
342 23435.82385514575 630.2758087742495 881.6970825195313 9804226.751020176
343 23435.94690445108 630.2750502110655 881.6962280273438 9804226.930970892
344 23436.0736401165 630.2742598197747 881.6953735351563 9804227.230900375
345 23436.23040150514 630.273323804378 881.6943359375 9804227.486996792
346 23436.38372443047 630.2723574306975 881.6932373046875 9804227.746574447
347 23436.53530132942 630.2714457462487 881.6921997070313 9804227.810590059
348 23436.69055503424 630.270524431984 881.6912231445313 9804227.902926227
349 23436.85339165333 630.2695412299969 881.6901245117188 9804227.982488001
350 23437.02312035246 630.2684981036653 881.68896484375 9804228.030793438
351 23437.1769523986 630.2675567463592 881.6879272460938 9804228.166117497
352 23437.3821474604 630.2663575915819 881.6865844726563 9804228.222741719
353 23437.5518762492 630.265229809425 881.685302734375 9804228.277087836
354 23437.71751478976 630.2641445834403 881.68408203125 9804228.299420027
355 23437.88595134539 630.2630597417358 881.682861328125 9804228.315200454
356 23438.02305388968 630.2621598361445 881.6818237304688 9804228.325993856
357 23438.16984123347 630.2612692480624 881.6808471679688 9804228.334652619
358 23438.29927098062 630.2604367727436 881.6798706054688 9804228.341994833
359 23438.43501931917 630.2595438803844 881.6787719726563 9804228.348926451
360 23438.54365631964 630.2587495142208 881.6778564453125 9804228.36849072
361 23438.64581766736 630.2580232480078 881.6769409179688 9804228.380125377
362 23438.73812697346 630.2573733619738 881.6761474609375 9804228.398087312
363 23438.82638456334 630.2567622002379 881.6754150390625 9804228.424441123
364 23438.91073047198 630.2561784652816 881.6747436523438 9804228.45585279
365 23438.99555032411 630.2555972781905 881.6740112304688 9804228.491662446
366 23439.08277973581 630.2550094531946 881.67333984375 9804228.525060331
367 23439.15858923554 630.2545117344677 881.6727294921875 9804228.594571359
368 23439.23558031358 630.2540557364653 881.6721801757813 9804228.632045045
369 23439.29516965462 630.2537108497622 881.6717529296875 9804228.668079015
