"report-file-0"
"Iteration" "cs-htc etc.."
("Iteration" "cs-htc" "cs-temp" "max-temp" "p-in")
1 0.3498731574314772 331.0713359222468 331.6329650878906 9642526.014136711
2 0.1904918237867989 364.1784610503819 364.6965637207031 9649172.381900067
3 0.4735222501380307 400.5963102255017 401.1236572265625 9656643.852069801
4 3.172861926981508 440.6559587873841 441.1935119628906 9664307.40563743
5 -44.35725287310093 482.0031739282292 485.2704772949219 9668476.162454672
6 624777.7638477297 485.8370791769608 533.7552490234375 9672736.325268971
7 228048.3106046194 485.3792979576322 587.088623046875 9674586.442139791
8 110078.295394329 485.2090835989059 645.7554931640625 9676619.107987525
9 -17736.63411178568 483.3880512804938 679.8875122070313 9678263.925332399
10 -1184833.829618728 479.9292740804453 689.888916015625 9679758.836062519
11 323492.9615818365 476.1069294468334 693.1176147460938 9680795.299853705
12 2945406.219742881 473.0402946836967 693.93603515625 9681705.611658461
13 -1224906.142772598 470.6802412837662 693.37451171875 9683410.091589024
14 84424.99627534552 468.3836183119536 692.2301025390625 9684284.768048475
15 -119505.4942148878 465.943522417286 690.5376586914063 9685270.611715995
16 -16560.06655438566 463.6915930194242 688.7596435546875 9685959.006189257
17 -69509.26935841117 461.7049079372653 686.9235229492188 9687553.948199835
18 -401348.0004285609 460.2338198388069 685.390380859375 9688954.837301601
19 -700681.5627269383 458.8963652759569 683.8841552734375 9689417.986330021
20 -458656.0055024383 457.61637112849 682.5460205078125 9690070.691267636
21 -2486123.00551992 456.3326882763919 681.123291015625 9691110.07918244
22 -625014.3407238203 455.4170391457795 679.9771118164063 9691471.5970136
23 -438729.3848214519 454.3208711104942 678.6834716796875 9691797.632764043
24 -355223.6983798217 453.3060480970967 677.5598754882813 9692023.608834742
25 -308572.9086043195 452.2755108890096 676.261474609375 9692200.608367309
26 -282525.9853411781 451.4703813039715 675.1555786132813 9692384.572292481
27 -262465.5333955941 450.7551016819832 674.2269287109375 9692880.939080613
28 -248685.4752986341 450.2242508220994 673.5780639648438 9693062.217113923
29 -239590.8952883745 449.7733203618823 672.9942016601563 9693274.03175851
30 -232799.8200571541 449.4107625867427 672.48974609375 9693508.439252861
31 -225826.9716351554 449.0768393463728 672.0184326171875 9693629.841646377
32 -223597.6835066227 448.9336435134036 671.7105712890625 9693779.264235869
33 -223962.5908062408 448.9742892027812 671.591552734375 9693866.823891141
34 -221356.258225208 448.938757324476 671.4991455078125 9693961.119658288
35 -220146.2955996133 448.9323059055898 671.430419921875 9694039.121234268
36 -221476.4167181078 449.0010015090833 671.4293212890625 9694114.923870906
37 -221927.1162638355 449.0348276626862 671.4392700195313 9694316.212323546
38 -220968.4265987789 449.0370100786624 671.4592895507813 9694487.863008073
39 -221909.572637973 449.1121021928438 671.520263671875 9694528.243935751
40 -220774.6324535504 449.0558332874302 671.484619140625 9694627.986986253
41 -219034.9890315031 448.9389947304852 671.3797607421875 9694718.317762958
42 -218721.3988706054 448.8971665369793 671.3106689453125 9694771.193975126
43 -217866.3014885251 448.8528796494645 671.24365234375 9694926.212128116
44 -216911.8365419757 448.8178896459412 671.1952514648438 9694973.362740522
45 -217280.6663691818 448.8476956121985 671.1946411132813 9695014.004389845
46 -217640.156960041 448.8741938972046 671.1996459960938 9695077.419920374
47 -217623.3247790475 448.8778863648686 671.1912231445313 9695090.620096954
48 -220100.7333546356 449.0336762031901 671.30859375 9695100.054571459
49 -222470.1190577751 449.1873377502914 671.4542846679688 9695114.650106845
50 -224635.4932087104 449.3357601579195 671.6029663085938 9695128.298617495
51 -228200.3103226132 449.5613237330323 671.8350830078125 9695155.099499429
52 -231496.3502352163 449.7448020039332 672.0379638671875 9695190.34358025
53 -232296.2629058196 449.7997388531551 672.1288452148438 9695215.312858557
54 -234924.703555397 449.9416731449078 672.28369140625 9695230.273742562
55 -236721.6715416172 450.044374494198 672.4183349609375 9695258.836039552
56 -239190.8833043249 450.1459355455904 672.5463256835938 9695281.970527096
57 -242382.1169937822 450.2819314580918 672.6973876953125 9695313.234724769
58 -245405.3110651137 450.4038065136352 672.84130859375 9695346.04450023
59 -247140.2466265026 450.4766316178514 672.9375 9695382.419247655
60 -248956.468647661 450.5727091926017 673.042724609375 9695398.022881502
61 -250930.8855422835 450.6948334230568 673.1803588867188 9695410.765300523
62 -253549.674266192 450.8043706047756 673.3050537109375 9695499.801405814
63 -256785.5976516229 450.910097569418 673.42236328125 9695555.481914986
64 -259397.6677840874 450.9992032881083 673.5338745117188 9695577.6263167
65 -260886.0178819374 451.0614382694298 673.6217041015625 9695588.713400237
66 -261041.2570093907 451.0959312215702 673.6749267578125 9695590.997384211
67 -263414.2323963761 451.2172863460208 673.7916870117188 9695613.7206794
68 -267458.9006299322 451.3783383141328 673.949462890625 9695641.91476482
69 -271606.0424627023 451.5157350352986 674.0994262695313 9695664.11828864
70 -274484.0554292371 451.6108957031319 674.2183227539063 9695685.524676889
71 -276368.6234925572 451.6883552179492 674.3218383789063 9695699.093408911
72 -275642.547020518 451.7047605981621 674.368408203125 9695704.311555866
73 -277367.9585894108 451.7909517145406 674.4546508789063 9695704.105145616
74 -282191.6901584941 451.9583632218884 674.60400390625 9695716.187106613
75 -286769.2569014362 452.0976944144208 674.7508544921875 9695733.021295013
76 -290193.0265662781 452.19004459098 674.8633422851563 9695784.387226388
77 -292455.6637054709 452.2670248835212 674.97412109375 9695799.981944716
78 -292425.5569113987 452.3017573505242 675.0386352539063 9695807.958789632
79 -293148.0968413115 452.3570700305285 675.1021728515625 9695816.500355655
80 -297653.3238358956 452.4968700466908 675.2229614257813 9695823.291396266
81 -302708.6058278598 452.6353587860982 675.3583984375 9695839.35627518
82 -307216.6110474268 452.7397579091792 675.4774169921875 9695856.335295632
83 -309886.6348565914 452.8057866008093 675.5691528320313 9695881.853937697
84 -310213.9204438538 452.834359706687 675.627197265625 9695892.202873157
85 -309975.011497423 452.8571675343251 675.6651611328125 9695898.783038115
86 -313002.1267032868 452.9467547982196 675.74755859375 9695908.187142299
87 -317336.8366955384 453.0521585235202 675.8414306640625 9695961.181335533
88 -321975.6584081776 453.1530631970509 675.9526977539063 9695975.965857217
89 -324733.4244199325 453.2141267582416 676.0352172851563 9696035.306717239
90 -325538.6420314392 453.2502008071456 676.1019897460938 9696040.561443977
91 -325205.0718699524 453.269375397059 676.138671875 9696042.063173484
92 -326945.8087381005 453.3254269892655 676.1946411132813 9696041.191926489
93 -331251.427982442 453.422336565767 676.2804565429688 9696042.809626406
94 -336203.3163649148 453.5184348479584 676.37646484375 9696048.992884004
95 -339832.5444488457 453.5856446238075 676.4547729492188 9696058.170529323
96 -341712.2796864368 453.6300071703795 676.5230712890625 9696072.138968283
97 -341719.6828202439 453.6480133577135 676.560791015625 9696073.836678784
98 -342177.8679046981 453.6768885655526 676.5989379882813 9696073.14543101
99 -344852.3018066472 453.7352077448664 676.6524047851563 9696072.737178076
100 -348912.2934640522 453.8091106799122 676.72119140625 9696074.87129472
101 -352458.8545876332 453.8693766555672 676.7883911132813 9696081.13226136
102 -354489.8601107878 453.9066636822405 676.8397827148438 9696084.843742598
103 -355072.1438606729 453.9289899075555 676.8801879882813 9696088.22565864
104 -355302.4945937593 453.9492116878409 676.91015625 9696089.442547821
105 -356914.6681470795 453.9869561359815 676.9470825195313 9696089.541854722
106 -360320.6752575503 454.044355169845 676.9962158203125 9696090.658809803
107 -364120.6754931967 454.1033681727361 677.0546875 9696096.515325887
108 -367009.4575179769 454.1483218089316 677.1085205078125 9696100.890811305
109 -368734.3546213919 454.1806118279558 677.1559448242188 9696109.785580246
110 -369357.2825224681 454.201619538932 677.1881103515625 9696113.141836336
111 -370519.0143335239 454.230640509807 677.2225341796875 9696115.087039225
112 -373058.3316619495 454.2729180092199 677.2633056640625 9696119.462980915
113 -376631.3530982375 454.3239238558604 677.3131103515625 9696126.429011701
114 -379552.3206237804 454.3641070198839 677.3570556640625 9696131.102203645
115 -381434.9695565327 454.3924053912842 677.3944091796875 9696134.882319907
116 -382621.0146095995 454.4149565753577 677.4276123046875 9696139.491716487
117 -383460.304989978 454.434445625495 677.4542236328125 9696142.547025459
118 -385110.4848610328 454.4618259918914 677.4833374023438 9696146.394410439
119 -387862.5772230473 454.4982923176902 677.5187377929688 9696154.025220759
120 -390868.9331336352 454.5352703453505 677.55712890625 9696160.210936246
121 -393280.8987357599 454.5645121947796 677.592041015625 9696165.603472069
122 -394717.9189674395 454.583822184164 677.6180419921875 9696170.823143454
123 -395846.5179068639 454.6021967542182 677.64306640625 9696174.695124408
124 -396977.1991678994 454.6205155598698 677.6636962890625 9696178.022178836
125 -399171.0976579728 454.6484597843126 677.69189453125 9696182.263548398
126 -401849.890142796 454.6795073677581 677.7228393554688 9696190.539459623
127 -404459.450832566 454.7086051212022 677.7547607421875 9696195.040530976
128 -406485.7262713596 454.7314822522583 677.78173828125 9696200.049697416
129 -408017.7086261186 454.7508166918334 677.805908203125 9696203.990311434
130 -409661.4416703633 454.7720128524403 677.831787109375 9696207.899935665
131 -411633.8552014775 454.7953584322517 677.8577880859375 9696211.849313421
132 -413901.6568811444 454.8197885184774 677.8827514648438 9696215.046007292
133 -416728.2414091809 454.8482065975281 677.913818359375 9696218.973768316
134 -418905.4074050892 454.8695069327493 677.9378051757813 9696241.016653962
135 -420892.4308249606 454.889341450087 677.9612426757813 9696244.592186721
136 -422741.2182587346 454.9082977997989 677.984619140625 9696247.022742974
137 -424551.7028539401 454.9265407154981 678.00634765625 9696249.213745987
138 -426604.2324492412 454.9456201394044 678.0277099609375 9696251.69586464
139 -428876.5054979862 454.9652829125304 678.0491943359375 9696254.251846727
140 -431156.7142901305 454.9840485125119 678.0701904296875 9696256.368342936
141 -433188.5311768593 455.000399350898 678.08935546875 9696269.073533844
142 -434935.274597557 455.0144995569555 678.105712890625 9696271.232170798
143 -436763.5345170072 455.029387343899 678.123046875 9696272.928949704
144 -438735.2054290341 455.0449623222589 678.140380859375 9696274.45342239
145 -440741.6541538855 455.0601869640705 678.15625 9696276.040589834
146 -443024.8509080773 455.0768694564416 678.1737670898438 9696277.600563919
147 -445562.6436653644 455.0947177345207 678.193359375 9696279.528429987
148 -448491.2809503521 455.1146739175026 678.2161254882813 9696281.159746177
149 -450820.4285597609 455.1303037035198 678.2338256835938 9696283.599198833
150 -453052.7431071172 455.1452201589486 678.2499389648438 9696285.391077353
151 -455547.5448718797 455.1612415229003 678.26708984375 9696286.800973739
152 -458352.7367208799 455.1783132659498 678.2855224609375 9696288.046260208
153 -461628.2424183665 455.1970394098745 678.3062133789063 9696289.225613499
154 -464782.8528498421 455.214145091223 678.3247680664063 9696290.836273737
155 -468661.2844740427 455.2340431845228 678.3468017578125 9696294.582279339
156 -472827.6482271405 455.2539518430119 678.3697509765625 9696296.040451081
157 -477040.8512909525 455.2726347441621 678.3915405273438 9696298.447577067
158 -481057.8497393751 455.2892436046077 678.4105834960938 9696299.012711488
159 -485126.8283034886 455.3048689657936 678.4285278320313 9696300.103553001
160 -488629.1655313266 455.317540936641 678.4427490234375 9696300.303637769
161 -493199.2635831131 455.3327485630918 678.4598999023438 9696300.330554103
162 -497235.0698421977 455.3452831987145 678.473876953125 9696300.267341213
163 -501777.7605509017 455.3582939836523 678.488037109375 9696300.181813886
164 -507031.513321925 455.3719658225255 678.5028076171875 9696300.141023595
165 -513190.6933755358 455.386252298036 678.5181274414063 9696300.046728089
166 -521647.7159440691 455.4031505727085 678.5368041992188 9696299.9301717
167 -531288.0008177232 455.4191256016269 678.5546875 9696299.921216602
168 -542967.6807077844 455.4345563549014 678.5720825195313 9696299.860235061
169 -558705.9911293461 455.4493265468529 678.5887451171875 9696299.821092486
170 -602948.022873388 455.463768489915 678.6050415039063 9696299.844878035
171 -593489.4926725925 455.4777562975967 678.6209106445313 9696299.546261858
172 -587979.0434906286 455.4897793297463 678.6342163085938 9696299.250570023
173 -615788.9003164408 455.5021533493227 678.6477661132813 9696299.108601509
174 -659665.1256379515 455.5146140329293 678.6614990234375 9696299.142959284
175 -907188.2534703745 455.5270223736754 678.6752319335938 9696298.999115638
176 -1508080.902768281 455.5411857303296 678.69140625 9696298.625225836
177 -735198.6124457177 455.5522469976463 678.7039184570313 9696298.088396793
178 -854576.1347185151 455.5651693258809 678.7185668945313 9696298.049403502
179 -130040.3746121674 455.5771678316307 678.7322387695313 9696297.733970525
180 -165841.7528881448 455.5885921360127 678.7452392578125 9696297.680763775
181 -996268.3036306268 455.599671332365 678.7577514648438 9696297.578037091
182 -424832.3373486795 455.6103722344799 678.7698974609375 9696297.496877426
183 591194.3322703724 455.6192998564685 678.77978515625 9696297.635257447
184 -577383.2323538668 455.6300139775614 678.7918090820313 9696297.805405896
185 -503644.4880209308 455.6385235679572 678.8013305664063 9696297.866616817
186 -383244.2692834295 455.648511173275 678.8126831054688 9696298.07030434
187 -266846.9295553266 455.6562647048635 678.821533203125 9696298.904019529
188 -483161.2880874317 455.6652505127555 678.8319091796875 9696299.105193337
189 -304127.3485577529 455.6735291860946 678.841552734375 9696299.378242901
190 -613854.7679618212 455.6814614641165 678.8506469726563 9696299.676393664
191 -939933.2521901651 455.6890478502571 678.8592529296875 9696300.848152839
192 712840.8944272092 455.6966142775134 678.8677368164063 9696300.999456551
193 -963066.0858033234 455.7041648698342 678.876220703125 9696301.26441716
194 -906881.6851347081 455.7117043964253 678.8846435546875 9696301.597703995
195 -539872.9244342223 455.7192417181284 678.89306640625 9696301.804805644
196 -907165.5945396051 455.7266318587413 678.9013061523438 9696302.210575182
197 -293036.3106305996 455.7339590820226 678.9094848632813 9696302.612287566
198 -276330.3320567298 455.7411537735481 678.9175415039063 9696303.070542067
199 -381748.5872266123 455.7481122609365 678.92529296875 9696303.528346503
200 600241.4444435597 455.7547227917407 678.9327392578125 9696303.998166578
201 -56390.98361387862 455.7608415849958 678.9397583007813 9696304.572143301
202 -466657.1384084157 455.7665501529772 678.9462280273438 9696305.102929929
203 -389423.757857634 455.7717984334795 678.9523315429688 9696305.69092386
204 -473603.783015981 455.7767673915098 678.9580688476563 9696306.299694588
205 -544326.7290321699 455.7812774444714 678.9632568359375 9696306.980028557
206 945565.8186093207 455.7855893719695 678.9682006835938 9696307.791826967
207 -544203.1105593788 455.7897339035156 678.9730224609375 9696308.624532707
208 -344941.0478259193 455.7933930040446 678.9771728515625 9696309.314054869
209 -370668.5733345642 455.7966802497642 678.98095703125 9696313.221636394
210 15605.03202732726 455.7998970237902 678.9845581054688 9696315.679419762
211 -312511.8327938758 455.8030245329111 678.988037109375 9696316.127672002
212 -417828.5145018361 455.8059698403324 678.9913330078125 9696317.171210425
213 -460395.5357655371 455.8087864218699 678.9944458007813 9696317.523977406
214 -497936.7872731388 455.8115509057148 678.9974975585938 9696317.890592126
215 -549484.9218646074 455.8141784307541 679.0004272460938 9696318.148618277
216 -919089.293095451 455.8167552157241 679.0032958984375 9696318.275018524
217 -470056.2583325623 455.819217614585 679.0059814453125 9696318.499799121
218 -1105970.067644535 455.8216610240489 679.0087280273438 9696318.548284253
219 -309972.4057101653 455.8239959896525 679.0112915039063 9696318.57305206
220 -425438.0935351762 455.8262431487652 679.0137939453125 9696318.654186668
221 -496426.3050826633 455.8283828245947 679.01611328125 9696318.755293377
222 7833871.156728479 455.8304302355073 679.0183715820313 9696318.858646013
223 -438960.9271563081 455.8323700618022 679.0205078125 9696318.971023034
224 -515756.4157527775 455.8342206285085 679.0225219726563 9696319.085145872
225 -190534.900607289 455.8359137108086 679.0244140625 9696319.233190347
226 -474075.9401246011 455.8375503711783 679.0262451171875 9696319.522394607
227 -518205.7608526876 455.8389927694172 679.02783203125 9696319.746329211
228 -561771.3505078887 455.840396408437 679.0293579101563 9696319.997226108
229 -650928.7960224326 455.8416750081765 679.03076171875 9696320.370675579
230 -591033.3296420977 455.842856203546 679.0321044921875 9696320.760698071
231 -917098.7476052272 455.8439016263535 679.033203125 9696321.180122446
232 -477404.2833358645 455.8448511716512 679.0342407226563 9696321.585256185
233 -1055602.49622436 455.8456986733866 679.03515625 9696321.893052032
234 -890870.4198780091 455.8464567989389 679.0359497070313 9696322.216493433
235 527708.840973331 455.8471139235957 679.0366821289063 9696322.665576519
236 -18052.72597796621 455.8477259915 679.0372924804688 9696323.036406782
237 -172057.5246829236 455.8482404758725 679.0379028320313 9696323.281944737
238 -162200.48883212 455.8486526862891 679.0382690429688 9696323.648063917
239 87203.51704751283 455.848975642546 679.03857421875 9696323.939458488
240 751878.5328508369 455.8493924829291 679.0390014648438 9696324.353246117
241 -1260850.588212008 455.8496808931633 679.0392456054688 9696324.757678518
242 -835570.4811586781 455.8498821431974 679.0394287109375 9696325.139766674
243 -786668.4555581117 455.849935991852 679.0394897460938 9696325.54601261
244 -821278.2226151804 455.8499238688278 679.0394897460938 9696325.777860271
245 -826290.1169300766 455.8498074636345 679.039306640625 9696326.052333636
246 -792452.7751850497 455.8496313252155 679.0391235351563 9696326.308530165
247 -829742.1289418265 455.8493221078037 679.038818359375 9696326.513805997
248 -409728.1108840638 455.8489849608971 679.0383911132813 9696326.747624721
249 -437531.8260429337 455.8484890752288 679.037841796875 9696326.855791096
250 -396624.5338334701 455.8479531529168 679.0372314453125 9696326.943465848
251 -238703.4815387449 455.847261868773 679.0364379882813 9696326.979574043
252 -651010.8931039628 455.8465573101266 679.03564453125 9696326.909041673
253 -452340.8371565657 455.8457910072897 679.0347290039063 9696326.632856628
254 -352031.5381285434 455.8449436667336 679.0337524414063 9696326.444251876
255 -111605.5041820276 455.8442066037617 679.0328979492188 9696325.105012508
256 -630156.8742544771 455.8434192670133 679.031982421875 9696324.884957623
257 -1712391.989402312 455.8426590043795 679.031005859375 9696324.680837227
258 -580318.4640673724 455.8420039138159 679.0302124023438 9696324.279498136
259 -451375.0682791697 455.8413421503818 679.0293579101563 9696324.021224868
260 -866366.2355548969 455.8408202288431 679.0286865234375 9696323.886498855
261 -542506.887382456 455.8402558263023 679.0279541015625 9696323.79844984
262 -496772.1966101313 455.8397632791764 679.02734375 9696323.728235606
263 -465314.751252149 455.8392529527957 679.0266723632813 9696323.718479997
264 -433687.7658663086 455.8387633851005 679.0260620117188 9696323.89829234
265 -386968.1599887824 455.8382688972426 679.0254516601563 9696323.93515389
266 -255667.1114671384 455.8377574230247 679.0248413085938 9696323.995529365
267 -1238536.30239998 455.8371973988808 679.024169921875 9696324.150862176
268 -577193.7623359327 455.836570702422 679.0234375 9696324.306459749
269 -491091.8920708681 455.8358284208272 679.0225830078125 9696324.880331395
270 -432540.9066385115 455.8350914868549 679.021728515625 9696325.051825669
271 -265525.3516796908 455.8342254648757 679.020751953125 9696325.093387341
272 -197578.816886437 455.8333423524981 679.019775390625 9696325.065214928
273 -657200.675246647 455.8323568513106 679.0186767578125 9696325.050557043
274 -546270.867748604 455.8314378815533 679.0176391601563 9696324.990489539
275 -503187.6346148223 455.8304604351852 679.0165405273438 9696324.928145779
276 -473059.8864638368 455.8294331776842 679.015380859375 9696324.861897018
277 -446312.26070753 455.8283981916214 679.01416015625 9696324.818463903
278 -416690.6611171631 455.8273757995483 679.0130004882813 9696324.726846486
279 -370142.2859170822 455.8263450062357 679.0117797851563 9696324.657516483
280 -239467.5895177916 455.825326344788 679.0106201171875 9696324.368428973
281 -1007672.015711736 455.8242822444651 679.0093994140625 9696324.253610158
282 -530435.8921241297 455.8232510294831 679.0081787109375 9696324.073778324
283 -450100.7946253907 455.8222274442722 679.0070190429688 9696323.943740819
284 -380693.1334155809 455.821279837179 679.0059204101563 9696323.554152472
285 -31689.82357235854 455.8202812215792 679.0047607421875 9696323.312842719
286 -425545.0398980081 455.8192997924098 679.0036010742188 9696323.184676977
287 4507565.92765248 455.8182596692262 679.00244140625 9696323.064198045
288 -642961.0637766944 455.8172625164635 679.0012817382813 9696322.712731639
289 -545060.117069415 455.8161995890486 679.0000610351563 9696322.51889687
290 -503701.1818965667 455.8151371245099 678.9988403320313 9696322.268945541
291 -476163.5505367714 455.8140377200415 678.9976196289063 9696321.978472007
292 -454844.0155330829 455.8129949669305 678.9964599609375 9696321.657135222
293 -433060.3470087455 455.8118495180476 678.9951782226563 9696321.298292952
294 -410845.1194780896 455.8107537063015 678.993896484375 9696320.966991773
295 -384658.804472982 455.809724192625 678.9927368164063 9696320.602565251
296 -345785.8801968284 455.8087453583159 678.9916381835938 9696320.284823885
297 -230981.3936812682 455.8077606651722 678.990478515625 9696319.982613744
298 -376613.500334211 455.8068050370503 678.9893188476563 9696319.764595903
299 -805924.3399293623 455.8058643590629 678.9882202148438 9696319.551735813
300 -451624.7599699032 455.8050637691467 678.9873046875 9696319.412634972
301 -364454.6285853896 455.804208406923 678.9862670898438 9696319.308918772
302 -271429.6627971769 455.8034156727742 678.9852905273438 9696319.282564333
303 -91933.45323063873 455.8026801734516 678.9844360351563 9696319.276038609
304 1372941.272990915 455.8019868700941 678.983642578125 9696319.316980006
305 -780179.3768102375 455.8012408353509 678.9827880859375 9696319.460600371
306 -404854.8429521979 455.8004593350927 678.9818725585938 9696319.610715624
307 1594818.766580169 455.7996698490074 678.98095703125 9696319.759150699
308 -763667.7931305766 455.7989022678545 678.9801025390625 9696319.915491305
309 -549807.1095739095 455.7980052277042 678.9790649414063 9696320.059354031
310 -427484.3149156476 455.7970894590782 678.97802734375 9696320.191648565
311 -2464145.760530727 455.7960872437313 678.9769287109375 9696320.280577837
312 -569203.0615423573 455.7951253499282 678.9758911132813 9696320.402314963
313 -489526.5215855212 455.7941331975595 678.9747924804688 9696320.458855171
314 -431799.257021177 455.7930857562757 678.9736328125 9696320.482370544
315 -325657.6636748681 455.7920072846438 678.972412109375 9696320.520714613
316 -1111989.055036229 455.7909501902988 678.97119140625 9696320.57827393
317 -529721.7822086307 455.7898652216282 678.969970703125 9696320.592838993
318 -466596.8309043409 455.7887924746942 678.96875 9696320.56434446
319 -430005.1602468142 455.7877402520421 678.9675903320313 9696320.527273048
320 -400074.6529738832 455.7867845851521 678.966552734375 9696320.495664027
321 -361757.2837110141 455.7857150660811 678.96533203125 9696320.481694287
322 -309818.2505869184 455.7847532107905 678.9641723632813 9696320.466225214
323 -178245.6693241751 455.7837079902647 678.9630126953125 9696320.523712983
324 -164814.6205748256 455.782780132597 678.9619750976563 9696320.54271335
325 179174.3211174812 455.7817750003996 678.9608764648438 9696320.531799825
326 -526634.3967912748 455.7807817988547 678.959716796875 9696320.496429179
327 -4403710.759115996 455.7796503979514 678.9584350585938 9696320.378332132
328 -590938.5890528347 455.7785586401256 678.9572143554688 9696320.220093735
329 -481096.5732306258 455.7774738572694 678.9559936523438 9696320.025208281
330 -410695.8980736971 455.77646383554 678.9548950195313 9696319.740821438
331 -298962.5232610704 455.7754422322677 678.9537353515625 9696319.535163034
332 -522205.9754244193 455.7744575936048 678.95263671875 9696319.340903861
333 -415034.8159291697 455.773399616654 678.951416015625 9696319.157697277
334 -552890.1396083698 455.7724779263711 678.9503173828125 9696319.026027588
335 -987589.5504409244 455.7716387307476 678.9493408203125 9696318.952917064
336 -63582.225299891 455.7708689441866 678.9484252929688 9696318.914250199
337 -677457.976781714 455.7700968295358 678.9475708007813 9696318.996891169
338 -556558.7753989749 455.769346509953 678.9466552734375 9696319.080484498
339 -495561.6212910352 455.7686089319504 678.9457397460938 9696319.262383278
340 -433365.9044411242 455.7679227182821 678.9449462890625 9696319.419655401
341 -307903.9545266951 455.7672619464029 678.9441528320313 9696319.742824284
342 -4167674.986893548 455.7666442819432 678.9434814453125 9696320.074759629
343 -2166878.25056935 455.7659148246474 678.942626953125 9696320.384047123
344 -684779.5408167102 455.7652352772007 678.94189453125 9696320.748975597
345 -592862.9139588283 455.7644181055948 678.9409790039063 9696321.571337108
346 -554579.0296805387 455.763637130886 678.9400634765625 9696321.934696155
347 -527566.0127481925 455.7627513929816 678.9390869140625 9696322.345733432
348 -506035.5930873849 455.7618206033257 678.9381103515625 9696322.653316295
349 -486842.9106901469 455.760847985399 678.93701171875 9696322.948841125
350 -467304.770654881 455.7598219443411 678.9359741210938 9696324.659780849
351 -443263.3914579134 455.7587560417062 678.9347534179688 9696324.836688245
352 -397822.0238404906 455.7576926111838 678.93359375 9696324.979990095
353 -818715.6566971439 455.7565917793643 678.932373046875 9696325.106763829
354 -472282.0314163467 455.7555312573407 678.93115234375 9696325.459558539
355 -431635.0581351869 455.7544135383513 678.929931640625 9696325.556932917
356 -399858.6163764614 455.7533752748443 678.9287109375 9696325.710117187
357 -357591.9236110633 455.752361106216 678.9276123046875 9696325.839114724
358 -229736.804657632 455.7513678775438 678.9264526367188 9696326.12371619
359 -78916.77384074155 455.7504419385807 678.9253540039063 9696326.249869602
360 -357767.3616374368 455.7493626413004 678.9241333007813 9696326.462300431
361 -1051517.72156598 455.7484520466463 678.9231567382813 9696326.72282665
362 -283228.508378398 455.7475291265328 678.922119140625 9696326.993182568
363 -678239.4842280507 455.7464945698945 678.9209594726563 9696327.272721792
364 -484485.4596078895 455.7454572125246 678.9197998046875 9696327.439726623
365 -418479.7349780644 455.7444290068458 678.9186401367188 9696327.565731721
366 -337569.6015626283 455.743325981744 678.9174194335938 9696327.602445271
367 -922958.6919764621 455.7421789414442 678.9161376953125 9696327.594002239
368 7024.162586979493 455.7410899525725 678.9149169921875 9696327.560053414
369 -86403.00394648097 455.7399858883704 678.9136352539063 9696327.513135469
370 -293643.2613848643 455.7390452326721 678.91259765625 9696327.461088549
371 -538283.7626985451 455.7379992698974 678.911376953125 9696327.438408928
372 -431451.7098432741 455.737068169498 678.9102783203125 9696327.412657395
373 -301366.7141834971 455.7362025748452 678.9092407226563 9696327.473511856
374 212975.7398553998 455.7355452717658 678.9085083007813 9696327.500058165
375 -634602.2107945146 455.7346327550868 678.9074096679688 9696327.58944167
376 -514898.103987299 455.7339421454478 678.9066162109375 9696327.785768643
377 -463588.3600594698 455.7332595268549 678.90576171875 9696328.10078376
378 -428853.4639084421 455.7326923323055 678.9050903320313 9696328.36276114
379 -385783.3450169641 455.7320059558698 678.904296875 9696329.402172567
380 -324517.6541132856 455.7313387093582 678.903564453125 9696330.437208353
381 -188701.2786935863 455.7307243848833 678.90283203125 9696330.911498018
382 -999297.012618658 455.7300134223752 678.902099609375 9696331.157599645
383 -1513417.965940062 455.7291794915159 678.9011840820313 9696331.431880346
384 -308689.0247080777 455.728395098297 678.9003295898438 9696331.721131854
385 -913356.4884171517 455.7274866196647 678.8992919921875 9696331.894174075
386 -536049.1284494469 455.7265434350997 678.8982543945313 9696332.158272751
387 -369690.5771848114 455.7255855513307 678.897216796875 9696332.402794318
388 -1409444.218049664 455.7247554394162 678.896240234375 9696332.530168535
389 -527578.8646010064 455.723757798966 678.8951416015625 9696332.72576561
390 -502284.5508798187 455.7229842915028 678.8942260742188 9696332.859682987
391 -464148.1247255959 455.7219995135252 678.8931274414063 9696333.085478315
392 -449722.62796026 455.7211926173321 678.8922119140625 9696333.296825953
393 -429372.1692187876 455.7203098764065 678.8911743164063 9696333.484519176
394 -409648.9091149122 455.7195655134113 678.890380859375 9696333.628686314
395 -382115.3466531512 455.7187478929085 678.8894653320313 9696333.801413959
396 -330775.4144266103 455.71794482891 678.8884887695313 9696334.026268251
397 -80254.55357337017 455.7171884382101 678.8876342773438 9696334.295232497
398 -526687.7268499105 455.7163603420253 678.88671875 9696334.548666481
399 -370849.3637596316 455.7155113300808 678.8858032226563 9696334.93990393
400 -130247.5449119421 455.7147491123492 678.8848876953125 9696335.198017498
401 -452251.1685904774 455.7138234494529 678.8839111328125 9696335.550349398
402 -398294.4743445613 455.7128641456244 678.8828125 9696335.670440584
403 -307561.7966363274 455.7117740325687 678.8816528320313 9696336.019280441
404 1822510.338691336 455.7108591896859 678.880615234375 9696336.055662824
405 -547302.096951714 455.7097716086923 678.87939453125 9696336.058573462
406 -388381.181926606 455.7088148416611 678.8783569335938 9696336.045949843
407 -321467.5085661311 455.7078236497674 678.877197265625 9696336.022447601
408 519009.4657755978 455.706848324135 678.8760986328125 9696336.024956252
409 -213882.0177350893 455.7060706554111 678.8751831054688 9696336.024355425
410 71229.31299899991 455.7052302726502 678.8741455078125 9696336.051326737
411 -259410.3432971339 455.7045183014891 678.8733520507813 9696336.179156737
412 -543398.9842570256 455.7037930364806 678.8724975585938 9696336.394174702
413 -465697.328373251 455.7032048778618 678.8717651367188 9696336.498508446
414 -412515.2449089273 455.7026027032292 678.8710327148438 9696336.735473456
415 -374094.4823892488 455.7020067078678 678.8703002929688 9696337.10820557
416 -318375.6828056491 455.7014730762318 678.8696899414063 9696337.46835047
417 -320236.8198504093 455.7009849054374 678.8690795898438 9696337.872350769
418 -272223.8864437934 455.7004843676521 678.8685302734375 9696338.324870761
419 -276942.0204557593 455.6999831779834 678.867919921875 9696338.714370327
420 -191569.0323572061 455.6993712695869 678.8672485351563 9696339.197044268
421 -182643.2753483313 455.6988261902949 678.8666381835938 9696339.542050563
422 -906592.2116347208 455.6981350359251 678.8658447265625 9696340.047579609
423 -265257.6209850358 455.6974281217973 678.8651123046875 9696340.371573504
424 -2596871.045133693 455.6967819342897 678.8643798828125 9696340.676874053
425 -487395.7845269035 455.6960043787795 678.863525390625 9696341.092292018
426 -819403.5568326423 455.6952231510923 678.8626708984375 9696341.39158326
427 -649990.5243241517 455.6943221173883 678.8616333007813 9696341.847172711
428 -537685.713281329 455.6936197266724 678.8609008789063 9696342.154408975
429 -436990.9078018637 455.6927946663762 678.8599853515625 9696342.448637623
430 -343358.6879759298 455.6919245800311 678.8589477539063 9696342.67864676
431 -210511.8425429449 455.6910734084453 678.8580322265625 9696342.942381829
432 179625.4940283513 455.6903057717706 678.857177734375 9696343.389248082
433 -207681.1591764021 455.6894752637868 678.8562622070313 9696343.878731674
434 -1264611.16713491 455.6886661541522 678.8552856445313 9696344.099995645
435 -21419808.19938608 455.6877810719292 678.8543090820313 9696344.330865508
436 -1081743.937576847 455.6869247193818 678.8533325195313 9696344.545169076
437 1921976.480964859 455.6859771861328 678.8522338867188 9696344.827813247
438 -437614.1909630933 455.6850721580911 678.8511962890625 9696344.976096073
439 -622008.0396343179 455.6840809357569 678.85009765625 9696345.066898543
440 -319878.6474475109 455.6831473045241 678.8490600585938 9696345.109517792
441 -521159.9735389116 455.6821765070111 678.8479614257813 9696345.07695652
442 -628679.0770483712 455.6812567128965 678.846923828125 9696344.995361246
443 -255231.1920022945 455.6803002621365 678.8458862304688 9696344.787006315
444 -503919.6844903653 455.6794961297892 678.8449096679688 9696344.46968738
445 -191151.6917376633 455.6786695008652 678.8439331054688 9696344.197896775
446 -863572.0234992293 455.6780182018105 678.8432006835938 9696344.12906396
447 -552237.3662275576 455.6772854132266 678.84228515625 9696344.089240562
448 -477801.0664771638 455.676695606522 678.841552734375 9696344.078658216
449 -428023.7518083776 455.676131133843 678.8408813476563 9696344.106247494
450 -386142.2085067885 455.6756662588114 678.8402709960938 9696344.171123581
451 -342106.8198146853 455.6752181549752 678.8397216796875 9696344.244081864
452 -290675.3497694723 455.6748638324004 678.8392944335938 9696344.387952711
453 -175656.7103225216 455.6744787834961 678.8388671875 9696344.669478085
454 -2571546.629211788 455.6741241408905 678.83837890625 9696345.038320506
455 -385392.9020531579 455.6737214557631 678.8379516601563 9696345.261496482
456 -225236.6802075112 455.6733511990012 678.8374633789063 9696345.576881483
457 562147.8066072316 455.6728822877105 678.8369750976563 9696345.978948947
