"report-file-0"
"Iteration" "cs-temp etc.."
("Iteration" "cs-temp" "max-temp" "cs-htc" "p-in")
1 415.0667757649177 415.7215270996094 0.5199304730224085 9870530.621627275
2 456.5734471843596 457.1797485351563 0.5878461356690661 9872823.930201868
3 502.2307916499274 502.8504028320313 -0.3744982986279473 9876422.921703255
4 552.4538753212286 553.0881958007813 -0.3599692457274151 9878972.315490713
5 607.3951022663431 608.349853515625 -0.3609057466871315 9881481.172396861
6 632.922934272701 669.1378173828125 2437.507432068892 9883028.69493315
7 629.9659300390175 736.0046997070313 19194.07395340537 9885105.437036913
8 633.9441498377867 809.5581665039063 19734.38321916093 9886302.59464057
9 635.6335635811832 862.7825317382813 21258.64211173754 9887142.17459547
10 635.9357310091123 882.9725952148438 22198.09927322585 9888599.754648672
11 635.8448874482228 894.0357055664063 23112.82787361267 9888885.028059222
12 634.9679445643344 899.809814453125 23989.70566813868 9889167.762323391
13 633.364824140974 902.3353271484375 24802.06498608334 9889417.150101611
14 631.1906181819946 902.6929321289063 25515.77566350818 9889677.082953839
15 628.986116703996 902.0751953125 26093.53337913273 9889903.362010425
16 626.1574500996112 900.3382568359375 26740.5002267405 9890268.276284205
17 623.5449858521318 898.2440185546875 27357.34471428039 9890473.287314001
18 620.8093093506795 895.5680541992188 27983.10676150821 9891143.068469835
19 618.9016154709184 893.4338989257813 28358.0002010515 9891305.399453914
20 617.2961474949736 891.5222778320313 28655.68586473189 9891415.03878092
21 616.103413698478 890.09130859375 28858.01268314517 9891517.106533444
22 614.9262340841051 888.650146484375 29095.8392270558 9891600.449502982
23 614.0003289598238 887.4976196289063 29277.76751378001 9891706.524916256
24 613.1982675026186 886.4683837890625 29458.77005518019 9891775.799514811
25 612.4982886310629 885.5721435546875 29606.8020473572 9891838.001287211
26 611.7417431870907 884.628662109375 29777.46307779006 9891904.768942814
27 611.050111827003 883.7592163085938 29926.52667943369 9891968.612750215
28 610.5182981407906 883.0742797851563 30043.60083616441 9892078.898934461
29 610.1518977216189 882.5877685546875 30132.38686941932 9892145.438574478
30 609.7997510743918 882.104736328125 30214.72736471506 9892204.772765432
31 609.4991610440484 881.6987915039063 30266.38858888184 9892272.694927149
32 609.3081770790208 881.4037475585938 30290.23185670947 9892361.768136686
33 609.2158456386684 881.220703125 30292.84052024506 9892406.904854422
34 609.0998150829034 881.0763549804688 30308.22974371775 9892458.692306727
35 608.9956023595043 880.9255981445313 30325.03785988159 9892503.820525678
36 608.9109131422739 880.78759765625 30325.36668750809 9892537.220833266
37 608.7657036688752 880.6099243164063 30338.06767400045 9892697.512184242
38 608.7466481593407 880.53125 30319.55939989431 9892725.854832217
39 608.7630675924208 880.5144653320313 30299.2465938459 9892753.276436314
40 608.6900717255716 880.4541625976563 30320.75761450378 9892805.104572332
41 608.5230246994176 880.2993774414063 30371.38864127865 9892843.893373434
42 608.4490272345583 880.20166015625 30376.47852696748 9892855.732355826
43 608.4753835449451 880.1837768554688 30344.92612880595 9892888.783973251
44 608.5101049196262 880.2001953125 30322.58513377193 9892900.565462381
45 608.5251455583117 880.215576171875 30319.49954579768 9892914.681221087
46 608.5288333952038 880.2283325195313 30319.14728519886 9892933.834009873
47 608.4539659136933 880.1798706054688 30339.12985948875 9892942.075863287
48 608.3888591188056 880.1204833984375 30352.1884025413 9892950.060441384
49 608.5051906843931 880.184326171875 30310.55178350067 9892956.249296578
50 608.6598900266475 880.3099365234375 30257.58613334011 9892968.591148157
51 608.7405075433896 880.3933715820313 30236.01742167391 9892978.302957306
52 608.7971742815107 880.4698486328125 30222.13003275918 9892985.747608596
53 608.8022673190101 880.5016479492188 30221.61761545928 9892992.081086863
54 608.8229363133509 880.5322265625 30214.8757947317 9893000.030132055
55 608.9373051058983 880.6177368164063 30179.1554525299 9893002.965022475
56 609.1340566563076 880.7909545898438 30116.18446036042 9893006.660869434
57 609.3012555262235 880.9664916992188 30068.84330415534 9893011.040885219
58 609.3851145363374 881.0816650390625 30050.17161590166 9893015.755061105
59 609.4138747372057 881.15234375 30047.43771727525 9893031.627690058
60 609.4775455234828 881.2391967773438 30037.3517851335 9893035.064507551
61 609.5765229198955 881.3327026367188 30012.91886148182 9893037.182337744
62 609.7495096093594 881.49609375 29964.99044819066 9893040.242968859
63 609.9218246375765 881.6621704101563 29918.8226195658 9893042.508875836
64 610.0579180381678 881.8294067382813 29881.26764896777 9893045.665417384
65 610.1042727809059 881.9168701171875 29874.12052183977 9893053.182543444
66 610.1621610174252 882.0011596679688 29862.99222808452 9893071.060592441
67 610.2445937582215 882.08935546875 29845.91249245013 9893072.537899435
68 610.3682443444128 882.212158203125 29814.78478847039 9893073.761527337
69 610.5391980089155 882.3768310546875 29771.41040974103 9893075.589325575
70 610.6837047101701 882.5394287109375 29734.60769700376 9893078.788594635
71 610.7658594654213 882.6614379882813 29717.75704057028 9893081.489787491
72 610.8400925233167 882.7655029296875 29705.98328742171 9893087.561526237
73 610.93199359968 882.87255859375 29688.28869573885 9893094.955462651
74 611.0345953948438 882.9876098632813 29666.90703559166 9893098.897257114
75 611.1653527646148 883.120849609375 29637.56965277988 9893106.807251411
76 611.3151437458104 883.2776489257813 29601.28229628952 9893109.176090235
77 611.408711994125 883.3943481445313 29581.4303075828 9893112.546688553
78 611.4769128543604 883.4888305664063 29568.9223867487 9893120.862839293
79 611.558069342666 883.5848388671875 29553.57010922159 9893124.14080254
80 611.6397130296197 883.6788330078125 29537.82052182083 9893128.100284336
81 611.7448136714847 883.794677734375 29516.20016927876 9893130.695289014
82 611.8591714860797 883.9124145507813 29492.03932924563 9893132.664674936
83 611.969095953645 884.0413818359375 29467.09108227698 9893137.674286999
84 612.0449051374044 884.1412963867188 29453.80438348859 9893139.984185619
85 612.105852719514 884.2188110351563 29442.85043867707 9893142.517728314
86 612.1771880345472 884.304931640625 29428.07323576558 9893145.332663571
87 612.2534429090481 884.3927612304688 29413.8633278321 9893148.131335989
88 612.3335307322959 884.4755859375 29397.77565511736 9893151.34253175
89 612.416624099881 884.5650024414063 29378.5076127479 9893154.436507251
90 612.4839660496444 884.6458740234375 29364.14279878931 9893157.406769343
91 612.5410669799815 884.717529296875 29352.98500872033 9893160.185215853
92 612.605281411444 884.7962646484375 29339.92344968605 9893163.042196561
93 612.6682259405167 884.8710327148438 29328.33607516556 9893167.038383322
94 612.7362306416775 884.9470825195313 29315.18314125004 9893171.047472786
95 612.8013579512503 885.0166625976563 29301.61134811103 9893180.775317637
96 612.8694283484821 885.0952758789063 29286.63576532633 9893183.312100163
97 612.919592334879 885.1563110351563 29277.34651822778 9893188.531986967
98 612.9730613010655 885.2228393554688 29266.25292699274 9893194.940798463
99 613.0155634084806 885.2738037109375 29258.84802252836 9893197.810417052
100 613.0611470236547 885.3263549804688 29249.46456974343 9893199.480650231
101 613.1109097358443 885.3804931640625 29239.19710768071 9893202.418857044
102 613.1650835053214 885.4418334960938 29227.49682454971 9893206.834069893
103 613.2097493373491 885.4935302734375 29218.56073710245 9893208.644202512
104 613.2462898344859 885.5381469726563 29210.65782931822 9893217.964424323
105 613.2816663066218 885.5809326171875 29203.21717953096 9893220.464327704
106 613.3167907933943 885.6221313476563 29196.14281119805 9893221.600855121
107 613.3542256080601 885.6641235351563 29188.35732601195 9893222.539429413
108 613.3974572279533 885.7128295898438 29179.02020999375 9893223.491574384
109 613.4346424826209 885.7543334960938 29171.21784115952 9893224.397357972
110 613.472868235491 885.79931640625 29162.44335298036 9893229.214144873
111 613.5049499334334 885.8369750976563 29155.90062575566 9893230.088142464
112 613.5353221432586 885.8726196289063 29149.16240136153 9893234.200280529
113 613.5697740645469 885.9127807617188 29141.79685339789 9893236.481907794
114 613.6108243221706 885.9603881835938 29133.41818281353 9893237.350101318
115 613.6407506420969 885.9935302734375 29127.72688726114 9893238.003233906
116 613.6759406514174 886.0343627929688 29119.27200411776 9893238.819945116
117 613.7114972763445 886.0763549804688 29111.83609499396 9893239.962468958
118 613.7433187883927 886.1144409179688 29105.40722119276 9893241.065339146
119 613.7686195602121 886.1439208984375 29100.19631307893 9893242.334161334
120 613.7993200985539 886.1793212890625 29093.13950279437 9893243.425735017
121 613.8290054797314 886.2132568359375 29086.87281139092 9893244.116501007
122 613.8534553598939 886.2406005859375 29081.40687912644 9893244.839223338
123 613.8781563428744 886.2681884765625 29075.25860569228 9893245.658302277
124 613.9065679452278 886.3009643554688 29068.57375324336 9893246.620683033
125 613.9267085727395 886.323486328125 29064.23453262867 9893247.724050274
126 613.9514173286474 886.3513793945313 29058.08226038663 9893248.804946993
127 613.9749063078476 886.3781127929688 29052.85361284479 9893251.492085498
128 613.9983780918053 886.4046630859375 29047.53328138793 9893252.523752693
129 614.0208295132838 886.4302978515625 29042.38547947566 9893253.364894522
130 614.0443081106481 886.4578857421875 29037.04296004354 9893254.21639391
131 614.0640805909608 886.480712890625 29032.80789277818 9893255.065166546
132 614.0834332391602 886.5029907226563 29028.2671463125 9893255.734616658
133 614.102071826171 886.5243530273438 29023.98974681483 9893257.858639685
134 614.1224449380078 886.5479736328125 29019.35599767232 9893258.52062883
135 614.1401470269508 886.568115234375 29015.52271744837 9893258.964377649
136 614.1574242864227 886.5877075195313 29011.39504529586 9893260.204487983
137 614.1758502256304 886.609130859375 29007.12587630892 9893261.128792699
138 614.1916337833469 886.627197265625 29003.67140733168 9893261.684086833
139 614.2084751637499 886.6467895507813 28999.69057328519 9893262.730098339
140 614.2232616256955 886.6635131835938 28996.43995374523 9893263.298469663
141 614.2392831849734 886.6820068359375 28992.63274928857 9893263.814452725
142 614.2544859831181 886.6995239257813 28989.2615827013 9893264.468577242
143 614.2678545087953 886.714599609375 28986.16992508871 9893265.151929539
144 614.2828298615286 886.73193359375 28982.55491832265 9893265.815205818
145 614.296454041656 886.74755859375 28979.55395734222 9893266.470693817
146 614.3095327142724 886.7626342773438 28976.49601989167 9893267.526397066
147 614.3210845584023 886.7755737304688 28973.77876346179 9893268.735431725
148 614.3338422392449 886.7901611328125 28970.67443274345 9893269.232445797
149 614.3458616355998 886.8040161132813 28967.96893183615 9893269.880120793
150 614.3563679852709 886.8157958984375 28965.52363911729 9893270.711681867
151 614.3668675303105 886.82763671875 28962.95658322538 9893271.238277035
152 614.3771340538674 886.8392333984375 28960.52143091917 9893271.811405795
153 614.3871947890011 886.8505859375 28958.15572071277 9893272.358445713
154 614.3980493381924 886.8631591796875 28955.65549690968 9893273.025572009
155 614.4073169570114 886.8736572265625 28953.62065714379 9893273.558527147
156 614.4164359090989 886.8839721679688 28951.43016489601 9893274.318909163
157 614.4262882468928 886.8953247070313 28949.13858840759 9893275.244934686
158 614.4353832355633 886.9058837890625 28947.14238718266 9893275.878132833
159 614.4434915628109 886.9154052734375 28945.28983957864 9893277.875072809
160 614.4507504965079 886.9236450195313 28943.60941657856 9893278.550191887
161 614.4572543028321 886.9315185546875 28942.01276484926 9893282.163078323
162 614.4633651213487 886.9385375976563 28940.64931028261 9893282.338170007
163 614.469674390621 886.9459838867188 28939.18726559888 9893282.446864478
164 614.4749790102111 886.9521484375 28938.03744585141 9893282.560797088
165 614.4801476794717 886.9580688476563 28936.80584108277 9893282.812931389
166 614.4857341677847 886.9645385742188 28935.505343861 9893282.853324141
167 614.4905877715181 886.969970703125 28934.41765706124 9893282.911883641
168 614.4959146743618 886.97607421875 28933.12648987686 9893282.982645914
169 614.5010472375034 886.9818725585938 28931.95850251364 9893283.151124243
170 614.5060489427756 886.9874877929688 28930.78094054317 9893283.271953797
171 614.5109967173551 886.9930419921875 28929.61213838913 9893283.37639093
172 614.5154988867123 886.9979858398438 28928.5379923079 9893283.49742646
173 614.520536857345 887.0036010742188 28927.30139933349 9893283.756982515
174 614.5249226053205 887.0084228515625 28926.29088521109 9893284.222698605
175 614.529702810673 887.0137939453125 28925.12870788259 9893284.729336908
176 614.5338510740185 887.0183715820313 28924.18946449559 9893285.093999673
177 614.5379723293102 887.02294921875 28923.19062914935 9893285.4666695
178 614.5421201532127 887.0277709960938 28922.22450214941 9893286.483941181
179 614.5460593869763 887.0322875976563 28921.36795219566 9893286.650496254
180 614.5493935649437 887.0360717773438 28920.62869763874 9893286.837299822
181 614.5529508782502 887.0401611328125 28919.7999830166 9893287.016065558
182 614.5560781044483 887.0438232421875 28919.12942113373 9893287.904959224
183 614.5590092540285 887.0472412109375 28918.48280187574 9893288.406523485
184 614.5617316835189 887.0503540039063 28917.88872502609 9893288.558386534
185 614.5640081544591 887.0529174804688 28917.3903243583 9893288.647630932
186 614.5665131996955 887.0557861328125 28916.81501360713 9893288.764686016
187 614.5686865148771 887.0582275390625 28916.36195646471 9893288.925279506
188 614.5710259603006 887.0608520507813 28915.83285398931 9893289.058013817
189 614.5732041874078 887.0633544921875 28915.37638868977 9893289.353328951
190 614.5752417297135 887.065673828125 28914.94543344041 9893289.563094607
191 614.5769874892893 887.0675659179688 28914.56749867661 9893289.726388311
192 614.5788367872514 887.0696411132813 28914.15039937137 9893289.913314655
193 614.5804716145442 887.071533203125 28913.81593798638 9893290.094366211
194 614.5819658221404 887.0731811523438 28913.50680185587 9893290.379933825
195 614.5830797391405 887.074462890625 28913.28164694704 9893290.504149232
196 614.5842059273214 887.0758056640625 28913.04215088225 9893290.614838449
197 614.5851186448614 887.0767822265625 28912.87789845411 9893290.731477154
198 614.5860705337255 887.077880859375 28912.68869729408 9893290.803610878
199 614.5869754934737 887.0789184570313 28912.52985571191 9893290.873400316
200 614.587849158578 887.0798950195313 28912.37012223493 9893290.948336275
201 614.5885613357752 887.0806274414063 28912.24022872587 9893291.348132769
202 614.5892548794138 887.0814208984375 28912.107581766 9893291.717248062
203 614.5899459069782 887.0820922851563 28911.9823863716 9893292.074056048
204 614.5906755056096 887.0828857421875 28911.85629206791 9893292.165928954
205 614.591254455228 887.0834350585938 28911.76745169956 9893292.571233844
206 614.591750367152 887.083984375 28911.68773017514 9893293.319695551
207 614.5920999481745 887.0843505859375 28911.65794915687 9893294.11812331
208 614.592435762792 887.084716796875 28911.63969773191 9893294.232781472
209 614.5927076569046 887.0850219726563 28911.63994408196 9893294.312869156
210 614.5929037507821 887.085205078125 28911.66688024911 9893294.438173836
211 614.5928854851913 887.085205078125 28911.73870418435 9893294.839455934
212 614.5928812330475 887.0851440429688 28911.80538891623 9893294.996741213
213 614.5928128607311 887.0850830078125 28911.88915225055 9893295.156535452
214 614.5926568176326 887.0848999023438 28911.98464227364 9893295.454509573
215 614.5924020407469 887.0845947265625 28912.10448442096 9893295.555414993
216 614.592017500183 887.0841064453125 28912.24894549261 9893295.613211874
217 614.5917324855865 887.083740234375 28912.36609332619 9893295.690741735
218 614.5914648391857 887.0834350585938 28912.48901563415 9893295.747404413
219 614.5912569931495 887.0831298828125 28912.59730527291 9893295.857670201
220 614.5911262028559 887.0828857421875 28912.68728210578 9893296.030584909
221 614.5909898584309 887.0826416015625 28912.77533533295 9893296.159745701
222 614.5907263471997 887.082275390625 28912.88624600454 9893296.733945237
223 614.5905900716992 887.08203125 28912.97296156545 9893296.955390571
224 614.5903117315439 887.0817260742188 28913.09666900178 9893297.080964193
225 614.5898955959622 887.0812377929688 28913.25370020384 9893297.385326013
226 614.5893966100524 887.0806884765625 28913.43533246249 9893297.586073061
227 614.5887736627072 887.0800170898438 28913.64571390295 9893297.685949234
228 614.5879848261372 887.0791625976563 28913.90277725421 9893297.752239043
229 614.5872085418708 887.0783081054688 28914.15100692993 9893297.810307421
230 614.5863361577664 887.0773315429688 28914.43014411691 9893297.850938758
231 614.5854692120716 887.0763549804688 28914.69338285266 9893297.909463257
232 614.5846280552619 887.0753173828125 28914.9487758994 9893297.935641805
233 614.5838264743853 887.0744018554688 28915.19238404626 9893297.968249068
234 614.5831418408923 887.0735473632813 28915.40743956836 9893298.017299186
235 614.5825277460343 887.07275390625 28915.60948706161 9893298.068701325
236 614.5820023021556 887.0720825195313 28915.78741208496 9893298.179209195
237 614.5815538296559 887.0714721679688 28915.94451660959 9893298.318108838
238 614.5811034567876 887.0708618164063 28916.10064576983 9893298.549348539
239 614.5806616927084 887.0702514648438 28916.2508887235 9893298.921658654
240 614.5802770528215 887.0697631835938 28916.39600815204 9893299.089128867
241 614.5797955711491 887.0691528320313 28916.5717367973 9893299.25645972
242 614.5793018348596 887.068603515625 28916.74954094911 9893299.475321999
243 614.5787391821098 887.0679321289063 28916.95018312226 9893299.692393063
244 614.5781061689956 887.0671997070313 28917.16926074497 9893299.874466991
245 614.5774143640107 887.0664672851563 28917.40351532667 9893300.044407714
246 614.5765400697458 887.0654907226563 28917.68324201181 9893300.253151566
247 614.5757192120046 887.0645751953125 28917.93757444098 9893300.411066795
248 614.5747693021107 887.0634765625 28918.2318465978 9893300.751446985
249 614.573783823663 887.0624389648438 28918.52638501107 9893301.229283601
250 614.5727360510741 887.061279296875 28918.8452260823 9893301.473493084
251 614.5719098363662 887.060302734375 28919.10762244122 9893301.612871656
252 614.5709756647353 887.0592041015625 28919.40391939522 9893301.91592508
253 614.5701480521348 887.0582275390625 28919.65403091604 9893302.071511786
254 614.569263950494 887.0571899414063 28919.91443171301 9893302.628089599
255 614.5682965811113 887.0560913085938 28920.18715554343 9893303.326338345
256 614.5674434820248 887.0551147460938 28920.43707906181 9893303.571391094
257 614.5664563265586 887.0540161132813 28920.73316721436 9893303.77817185
258 614.5653466431044 887.0527954101563 28921.05317419898 9893303.927512428
259 614.5639346127191 887.05126953125 28921.44122086319 9893304.340953454
260 614.5626165152278 887.0498046875 28921.80028322687 9893304.399892023
261 614.5611691571823 887.0482788085938 28922.21242106956 9893304.460782802
262 614.5596132329589 887.0465087890625 28922.63665917657 9893304.472998645
263 614.5581195739051 887.0447998046875 28923.03206075626 9893304.488162596
264 614.5567071122234 887.043212890625 28923.41014652583 9893304.508915188
265 614.5553730580102 887.0416259765625 28923.7637980061 9893304.543655954
266 614.554142134984 887.0401611328125 28924.08847425367 9893304.635586346
267 614.5529889780576 887.0387573242188 28924.38804482369 9893304.689509448
268 614.5520602430948 887.0376586914063 28924.63653353397 9893304.766940922
269 614.5512313601994 887.03662109375 28924.87334811976 9893304.911662957
270 614.5505114744982 887.0357055664063 28925.07557106559 9893305.038508905
271 614.5498870044059 887.034912109375 28925.25547926632 9893305.218488207
272 614.5493148394302 887.0341796875 28925.42084067046 9893305.44782304
273 614.548787154813 887.033447265625 28925.57008248282 9893305.701735912
274 614.5482666685434 887.0328369140625 28925.72096406376 9893305.963659961
275 614.5476354980067 887.0321044921875 28925.90133598871 9893306.256627643
276 614.546976353752 887.0313110351563 28926.09303256735 9893306.674680509
277 614.5460217286267 887.0303344726563 28926.35436103511 9893307.419150019
278 614.5450679833849 887.029296875 28926.62526422912 9893307.761053575
279 614.543934723358 887.028076171875 28926.94836159293 9893308.035509229
280 614.5427724646041 887.0269165039063 28927.27979821835 9893308.314893242
281 614.5413970872401 887.0254516601563 28927.66876673897 9893308.459561342
282 614.5401147181658 887.0240478515625 28928.01684091395 9893308.587354347
283 614.5387503643936 887.0225219726563 28928.39574667314 9893308.706971746
284 614.5375983577319 887.021240234375 28928.70393180416 9893308.875130789
285 614.5364679708503 887.0199584960938 28929.01861365799 9893309.087410979
286 614.5353958530269 887.0186767578125 28929.30525932502 9893309.298945816
287 614.5342546553874 887.0173950195313 28929.59797330545 9893309.699485872
288 614.5331554265467 887.01611328125 28929.87643795178 9893309.938180646
289 614.5318695166276 887.0146484375 28930.18420855022 9893310.664891347
290 614.5304525244198 887.0130004882813 28930.52286452212 9893311.298089955
291 614.5291344858324 887.0115356445313 28930.8430732066 9893311.451230854
292 614.5278140417263 887.0101318359375 28931.19004225589 9893311.572134217
293 614.5263709533739 887.008544921875 28931.57400036222 9893311.819954913
294 614.5248042298427 887.0068359375 28931.97491684013 9893311.899777861
295 614.5232302985348 887.0050659179688 28932.35707770584 9893312.03732764
296 614.5216733814297 887.0032958984375 28932.73634533826 9893312.089666279
297 614.520221826077 887.0015869140625 28933.0832799805 9893312.134956909
298 614.5189358011362 887.0000610351563 28933.39507718439 9893312.188585579
299 614.5177012558493 886.9986572265625 28933.69606946822 9893312.271516988
300 614.5166873006124 886.9974365234375 28933.94235928296 9893312.393620649
301 614.5156144448694 886.9961547851563 28934.21066189395 9893312.495441323
302 614.514771271222 886.9951171875 28934.40865621043 9893312.66801727
303 614.5139621102428 886.994140625 28934.61493786029 9893312.786020841
304 614.5129256395119 886.992919921875 28934.86020080209 9893313.64732405
305 614.5121865400063 886.9920654296875 28935.03304378322 9893313.81932931
306 614.5113213338129 886.9910278320313 28935.25804335213 9893314.015318718
307 614.5104661794718 886.9900512695313 28935.46906792166 9893314.296049101
308 614.5096461850154 886.9890747070313 28935.68063776739 9893314.50149768
309 614.508832726237 886.9881591796875 28935.8944260526 9893314.692004174
310 614.5079113695055 886.9871215820313 28936.13946734741 9893314.866207628
311 614.507034064433 886.9861450195313 28936.36392648339 9893315.021545706
312 614.5060716133453 886.985107421875 28936.61857005902 9893315.302529063
313 614.505198671625 886.984130859375 28936.84990380618 9893315.462499818
314 614.5040149678339 886.9828491210938 28937.14810235406 9893315.593361398
315 614.5029933177333 886.981689453125 28937.40289946314 9893315.672967179
316 614.5019489512912 886.98046875 28937.65759641812 9893315.75864605
317 614.5008539379841 886.979248046875 28937.9165720962 9893316.166672951
318 614.499902746097 886.9781494140625 28938.15835497279 9893316.316888561
319 614.4990571709358 886.9771728515625 28938.36238103489 9893316.489379743
320 614.4981789723505 886.9761352539063 28938.58650478923 9893316.688407473
321 614.49734037171 886.9751586914063 28938.78931890372 9893316.917822769
322 614.4964514036179 886.9741821289063 28939.01435692309 9893317.080648648
323 614.4955427909946 886.9730834960938 28939.24264116074 9893317.197689751
324 614.4943921358999 886.9718627929688 28939.5120751144 9893317.345439337
325 614.4933267454525 886.9706420898438 28939.76347896035 9893317.481655115
326 614.4922925163803 886.969482421875 28940.00872184269 9893317.603933465
327 614.4913385682552 886.9683837890625 28940.24042182596 9893317.715856316
328 614.4904130925647 886.9673461914063 28940.47452962868 9893317.859174522
329 614.489605520664 886.9664306640625 28940.67808846429 9893317.944226658
330 614.4887152229511 886.9653930664063 28940.89506483039 9893318.03793506
331 614.4877900535713 886.9642944335938 28941.11054168818 9893318.142673574
332 614.4869086427888 886.9632568359375 28941.30019073372 9893318.316335402
333 614.486203950396 886.96240234375 28941.45519004365 9893318.510472788
334 614.4854793391826 886.9614868164063 28941.62376868529 9893318.710883018
335 614.4849139553145 886.9608154296875 28941.75787193093 9893318.840424461
336 614.4841884025889 886.9599609375 28941.93762803572 9893319.049742414
337 614.4834889325925 886.9591674804688 28942.11215585215 9893319.311465314
338 614.4830741082436 886.9586181640625 28942.21749578288 9893319.469876118
339 614.4823279324461 886.957763671875 28942.4130682358 9893319.725147661
340 614.4816956645101 886.95703125 28942.5629860774 9893320.092490362
341 614.4810115756125 886.956298828125 28942.72790656451 9893320.309018096
342 614.4803656708635 886.95556640625 28942.89117859 9893320.530751331
343 614.4796826062177 886.9547729492188 28943.07208141431 9893320.754489282
344 614.4789184662886 886.9539184570313 28943.26626974437 9893320.971417023
345 614.4781245111573 886.9530639648438 28943.45838447719 9893321.214519048
346 614.4772787470889 886.9520874023438 28943.66367779321 9893321.510977354
347 614.4765340017269 886.9512329101563 28943.84511848825 9893321.621629117
348 614.4757104532882 886.9503173828125 28944.05482636955 9893321.955593878
349 614.475075477813 886.9495239257813 28944.21764916152 9893322.064316018
350 614.4742224459671 886.9486083984375 28944.42644462507 9893322.255334133
351 614.4735097407507 886.94775390625 28944.59831586739 9893322.47981712
352 614.4726839799424 886.9468383789063 28944.79416497313 9893323.17436133
353 614.4717431103281 886.94580078125 28945.01445285385 9893323.953660956
354 614.4706834284426 886.9446411132813 28945.26810826122 9893324.591069754
355 614.4695779575904 886.9434204101563 28945.54139503943 9893324.689491123
356 614.4683423017283 886.9420776367188 28945.85197417153 9893324.799031254
357 614.467046046677 886.940673828125 28946.17551544162 9893324.833822718
358 614.465736830314 886.939208984375 28946.50059601082 9893324.844317731
359 614.4645401661249 886.9379272460938 28946.79655114153 9893324.834800217
360 614.4632702743619 886.9364624023438 28947.11111277619 9893324.818151245
361 614.4621124272675 886.9351196289063 28947.37211603838 9893324.80007459
362 614.4611583414331 886.9339599609375 28947.58759424586 9893324.793083377
363 614.4601904059144 886.9328002929688 28947.81106223653 9893324.806451712
364 614.4594293737364 886.9318237304688 28947.96748597943 9893324.813264757
365 614.4587833261594 886.9310302734375 28948.11240023288 9893324.838115362
366 614.4582491220273 886.9302978515625 28948.22840812577 9893324.897659997
367 614.4578446699583 886.9297485351563 28948.31777532171 9893324.931880767
368 614.4573274279518 886.9290771484375 28948.43380404533 9893325.026694264
369 614.4571678251066 886.9287719726563 28948.45983967247 9893325.170581711
370 614.4569388424447 886.9284057617188 28948.52649320154 9893325.313541809
371 614.456696763837 886.9281005859375 28948.58680070172 9893325.490180271
