"report-file-0"
"Iteration" "cs-temp etc.."
("Iteration" "cs-temp" "max-temp" "cs-htc" "p-in")
1 523.1108321650272 523.8519287109375 -2.75190286357406 9575425.53683787
2 575.4218881574375 576.1112670898438 -0.4791463759927177 9583632.631515563
3 632.9640780263643 633.671875 -0.356597744459711 9593225.572427085
4 693.9875915251271 696.988525390625 -0.7522940812393722 9603329.571022602
5 697.7408596188627 766.6369018554688 6271.534591273027 9607013.838640446
6 700.4996977514863 843.2499389648438 14278.6570294457 9613443.800699348
7 704.07813913748 927.5239868164063 15401.65968928549 9617273.899402386
8 702.6190076896114 962.31640625 16939.65734452549 9621104.013992403
9 698.0353742993827 978.300537109375 18394.30530616546 9627806.796477407
10 694.9078949933911 986.3204956054688 19526.34967141829 9628872.132760294
11 691.1038519396053 988.1728515625 20594.04425508115 9629707.025970787
12 686.5094633637668 987.85546875 21606.25089825039 9630440.230866188
13 682.3670038012809 985.8719482421875 22316.59306084141 9631485.706857881
14 678.0570517269939 982.3316040039063 22896.28526362917 9632497.657051016
15 674.4217996152041 978.924560546875 23257.0183244205 9633293.353536008
16 670.9213950708323 975.3536987304688 23635.96234378675 9633929.205631251
17 668.5717188984318 972.7965087890625 23883.19308926972 9634603.216540642
18 666.9986287462135 970.8342895507813 24080.17515717572 9635302.172454396
19 665.9469076180377 969.4442749023438 24173.31583161366 9635804.697988052
20 665.0790430149918 968.2569580078125 24251.22493743974 9636265.934765272
21 664.1707068364125 967.0154418945313 24344.76946344521 9636926.716970766
22 663.4086468572708 966.0043334960938 24406.60841174127 9637583.793136861
23 662.9666109346165 965.250732421875 24453.36696453983 9637861.740281595
24 662.2074403415678 964.265869140625 24533.0506021305 9638103.640279787
25 661.5139822774136 963.3948974609375 24626.38708515349 9638476.363626989
26 660.8534720837736 962.5823974609375 24734.4512549689 9638774.711423095
27 660.2692854733004 961.8919067382813 24825.63538595948 9639029.886048608
28 659.6668631717652 961.1503295898438 24924.42193443874 9639238.39012685
29 659.2729424819209 960.5713500976563 24960.60208059357 9639420.67908196
30 659.0410191291055 960.196533203125 24956.38919415016 9639730.382771326
31 658.7917961212887 959.8551025390625 24973.37756294681 9639969.635700328
32 658.6177505091262 959.5639038085938 24981.23817198311 9640230.630186139
33 658.5740460666034 959.4216918945313 24965.53735771506 9640385.654830221
34 658.4413192138247 959.2576293945313 24966.90039418853 9640595.377963403
35 658.3376541503214 959.1090698242188 24961.5372101947 9640791.872899432
36 658.3025725900843 959.0164794921875 24941.98832112473 9641108.481148101
37 658.298124976191 958.9591674804688 24935.0605960634 9641230.794061586
38 658.2855478208579 958.9256591796875 24931.1542129573 9641458.917885227
39 658.2596342359735 958.8995361328125 24940.85518844485 9641534.494518023
40 658.1541765323502 958.8024291992188 24967.21960503701 9641594.619657703
41 658.1550105891963 958.7611083984375 24955.7917362546 9641642.65947473
42 658.2705814009802 958.82958984375 24911.11923479656 9641698.969967306
43 658.3468078388821 958.9022827148438 24893.57821052131 9641768.884532586
44 658.4243356203469 958.9895629882813 24888.14572977854 9641839.21473982
45 658.4340506673585 959.0302124023438 24892.2083211497 9641893.039990108
46 658.3581466423675 958.981201171875 24905.97346528356 9641941.689243101
47 658.3734000419748 958.9718017578125 24890.72982496257 9642006.854117036
48 658.5006313392901 959.0582885742188 24847.68291441637 9642088.915968569
49 658.6172174021129 959.1744995117188 24822.46972958212 9642142.013687374
50 658.6858204620073 959.2615356445313 24818.66907650813 9642222.278772008
51 658.7083615687437 959.3182983398438 24819.91013174014 9642281.321352955
52 658.7367933269359 959.3616333007813 24819.90866529139 9642354.960633295
53 658.7827301262271 959.4119873046875 24807.34845270896 9642382.784177631
54 658.8637940038456 959.48291015625 24781.71057962365 9642408.009481661
55 659.0600950653032 959.6507568359375 24742.19535897696 9642445.579249443
56 659.2129045494029 959.823974609375 24720.99897928827 9642502.292007189
57 659.2402991536915 959.8928833007813 24726.18972961053 9642568.212243635
58 659.2773743636149 959.9595947265625 24725.66363144821 9642603.090094479
59 659.3909384431158 960.0736083984375 24708.03037413177 9642617.132844949
60 659.4567313842284 960.1547241210938 24691.03695677944 9642629.761146702
61 659.619865679112 960.2981567382813 24659.67161852416 9642645.979154382
62 659.767656281497 960.4580078125 24637.29168662784 9642675.122115498
63 659.8271591402747 960.5574951171875 24636.30045981273 9642696.15741786
64 659.8950015932252 960.6578979492188 24633.45291633917 9642717.266454382
65 660.0041672417429 960.7698974609375 24621.34233334973 9642731.51573259
66 660.09912919048 960.87646484375 24604.4403059027 9642744.841851991
67 660.2713114633526 961.044921875 24574.54651193195 9642757.359561145
68 660.4664975065757 961.2451171875 24543.78302701522 9642775.905521216
69 660.5516518563941 961.377197265625 24536.35660282896 9642798.791697308
70 660.6133282661655 961.4782104492188 24535.23763605199 9642841.51146898
71 660.7105729751727 961.5877075195313 24526.16428517338 9642894.64084799
72 660.7899965092994 961.692138671875 24517.83437008496 9642907.302613664
73 660.8685655957786 961.7847900390625 24509.55184295169 9642935.700364619
74 661.0212640411706 961.92724609375 24483.95826033552 9642943.302313192
75 661.120674448245 962.0421142578125 24467.8736870102 9642955.221305978
76 661.1810128369007 962.1350708007813 24462.59808246994 9642966.542932598
77 661.2740598101562 962.2445068359375 24453.63381024493 9642978.707891613
78 661.363308755125 962.3504638671875 24443.64368201942 9642990.090237264
79 661.4276773371801 962.428955078125 24436.45790050252 9643000.161430938
80 661.5480911004399 962.5415649414063 24416.48720617884 9643006.795919046
81 661.6975838123025 962.697021484375 24392.21251152984 9643020.346536266
82 661.7846319158701 962.812255859375 24383.52547471956 9643035.48274486
83 661.8678284381517 962.9181518554688 24375.50385830266 9643051.211418582
84 661.9434097141957 963.0098876953125 24368.55312362705 9643063.752271086
85 661.9932531381933 963.080322265625 24365.46611797396 9643074.2634276
86 662.0772353342787 963.173583984375 24355.62517354478 9643082.261031477
87 662.1968288007721 963.2930297851563 24338.46310632089 9643089.611548426
88 662.271667829924 963.381103515625 24328.97818557152 9643099.259383837
89 662.3459587137226 963.4745483398438 24319.27506006744 9643109.926392172
90 662.4162046745234 963.5616455078125 24312.10992911547 9643123.044653723
91 662.4701274662184 963.6357421875 24307.84634026581 9643133.513295595
92 662.5161576498127 963.6924438476563 24304.77110849375 9643141.114891451
93 662.600118343912 963.7735595703125 24292.45225156978 9643149.475709334
94 662.6920421171269 963.8721923828125 24278.76246575193 9643166.587875212
95 662.7550987589817 963.94677734375 24271.62777289288 9643179.136818757
96 662.8191655286673 964.0266723632813 24263.8174362305 9643208.175371401
97 662.8653116120798 964.0873413085938 24260.05661474006 9643218.814838657
98 662.9078441796757 964.1452026367188 24256.71789513452 9643230.814123619
99 662.9618372910109 964.2059326171875 24251.04703678438 9643242.013200756
100 663.0349559766705 964.2807006835938 24240.62447788971 9643248.875919184
101 663.0989692265368 964.3519287109375 24231.94574484765 9643257.375982724
102 663.1484034227537 964.409912109375 24225.83592833519 9643268.370295994
103 663.197833365526 964.4722290039063 24219.85159258021 9643277.676629696
104 663.2335385398904 964.5191650390625 24217.43939246343 9643285.154113358
105 663.2720168792638 964.564453125 24213.75129799186 9643294.192352582
106 663.3299278733006 964.6260375976563 24206.06160511573 9643309.27308525
107 663.388623427307 964.6890869140625 24198.37190960413 9643318.004133839
108 663.4410092856886 964.75048828125 24191.53841071027 9643328.087577885
109 663.484422091972 964.8041381835938 24186.87988739169 9643340.299639929
110 663.5199770172725 964.8507690429688 24183.33917340325 9643350.468089463
111 663.5484746909311 964.8866577148438 24181.12463992042 9643359.272362959
112 663.5878218508598 964.9310913085938 24176.39623072863 9643364.662600305
113 663.6340933889229 964.979736328125 24170.34029639583 9643372.832118977
114 663.6802891944624 965.02978515625 24163.79254308533 9643380.431832056
115 663.715795284277 965.0706176757813 24159.0140351477 9643405.987140918
116 663.7509841555569 965.114501953125 24154.43628266534 9643411.77685309
117 663.7798619756952 965.1521606445313 24151.96026974694 9643416.749776924
118 663.8094521901028 965.1878051757813 24148.96723735204 9643422.410174221
119 663.8408474279212 965.2205810546875 24144.98601605008 9643440.083415139
120 663.8769134067894 965.258056640625 24139.38356640394 9643444.887148416
121 663.9147189381966 965.3006591796875 24133.83096349852 9643451.754478386
122 663.9443947694435 965.337158203125 24130.17231666979 9643492.514211297
123 663.970557161237 965.37060546875 24127.20148592344 9643502.927857583
124 663.9944823523497 965.4008178710938 24124.74893946736 9643510.780335041
125 664.0204036697438 965.430908203125 24121.79189178766 9643512.384045338
126 664.0491444488124 965.46240234375 24118.02515664636 9643515.307072358
127 664.0783024277633 965.4944458007813 24113.92919240096 9643518.347616237
128 664.1037731323632 965.5227661132813 24110.28511018987 9643520.81355842
129 664.1293647619872 965.5533447265625 24106.53117204379 9643525.031951223
130 664.1502432654535 965.578125 24104.01409619652 9643532.994421592
131 664.1740230143504 965.606201171875 24100.73087294163 9643534.93386044
132 664.1969974911589 965.6310424804688 24097.76489602746 9643536.92938325
133 664.2239131604462 965.660888671875 24093.6650963315 9643541.177793639
134 664.2477344794672 965.6868286132813 24090.26048158535 9643548.890939478
135 664.2730524060751 965.7161865234375 24086.34209592717 9643551.666898074
136 664.2963704052102 965.7438354492188 24083.2585055214 9643555.450064853
137 664.3181731698031 965.769775390625 24080.36501930038 9643557.965617295
138 664.3401514779904 965.795166015625 24077.39521943485 9643561.002094159
139 664.3607092010982 965.8176879882813 24074.49456886436 9643563.509429209
140 664.3819488918565 965.8409423828125 24071.1482356442 9643565.710386747
141 664.4016916917781 965.8633422851563 24068.08219655543 9643578.713523421
142 664.4222024567789 965.887939453125 24065.09450004079 9643580.645063164
143 664.4385075188087 965.9075317382813 24063.12501491436 9643584.562185211
144 664.455977094488 965.9288330078125 24060.79465700483 9643586.860274183
145 664.4712120907207 965.9465942382813 24059.01535691092 9643588.602892572
146 664.4867367988591 965.9642944335938 24056.78276162319 9643590.345651835
147 664.5020844612786 965.981689453125 24054.53522099679 9643594.408414485
148 664.5188482260421 966.001220703125 24052.05834634277 9643596.284173427
149 664.5347023250757 966.019775390625 24049.89140817633 9643597.803802343
150 664.5489061375445 966.0357666015625 24047.84443036129 9643599.620788492
151 664.5634563619598 966.052001953125 24045.54920560127 9643602.007870944
152 664.5792778804704 966.0701904296875 24043.15797925293 9643606.733003616
153 664.5924613448013 966.0850830078125 24041.28040811935 9643622.558369165
154 664.6058760781398 966.100341796875 24039.14307051288 9643623.666549554
155 664.6179372709403 966.1145629882813 24037.37883194442 9643631.597515658
156 664.6303148521168 966.1298217773438 24035.71170329502 9643633.254583575
157 664.6415308494295 966.1436157226563 24034.45959903172 9643633.622149877
158 664.6516945188613 966.1560668945313 24033.24206121367 9643638.294889404
159 664.6615934959069 966.16796875 24031.96528909596 9643640.540210472
160 664.6706317842863 966.17822265625 24030.71780987243 9643640.557132924
161 664.6799391794009 966.1886596679688 24029.26123298187 9643641.025813179
162 664.6902215594832 966.200439453125 24027.69211842909 9643643.241947783
163 664.6995545786143 966.2107543945313 24026.35590988693 9643643.986628853
164 664.7100437765997 966.22265625 24024.7101747283 9643644.404560732
165 664.7195163957982 966.2330322265625 24023.35090874575 9643644.886946118
166 664.7299689061333 966.2449340820313 24021.7022598305 9643647.032906089
167 664.7400358203919 966.2564086914063 24020.27668454537 9643648.735881284
168 664.7497928814698 966.2676391601563 24018.84460433229 9643649.28428383
169 664.758949776074 966.2783813476563 24017.56130535656 9643649.816324558
170 664.7677958560212 966.2886962890625 24016.38241201418 9643650.384153325
171 664.7762655255627 966.2986450195313 24015.2653689103 9643651.062225876
172 664.7844786884382 966.3081665039063 24014.15153961734 9643651.914178291
173 664.7925033776578 966.3173828125 24013.03629961553 9643652.701776721
174 664.80042610635 966.3264770507813 24011.91799053723 9643653.40809916
175 664.8083143903403 966.33544921875 24010.79274508542 9643654.196588511
176 664.8161479635886 966.3443603515625 24009.67815025061 9643655.403960977
177 664.8238575777955 966.3530883789063 24008.58233099202 9643656.658429258
178 664.8314891140773 966.3617553710938 24007.50366473041 9643658.934728198
179 664.8386807980442 966.3699951171875 24006.48570890631 9643662.75593018
180 664.845946052181 966.37841796875 24005.47329599767 9643663.869651904
181 664.8527214587949 966.38623046875 24004.57309100287 9643665.123493874
182 664.8593481249876 966.3938598632813 24003.66620308242 9643666.46057409
183 664.8651299135528 966.400634765625 24002.88476935846 9643674.322792457
184 664.8710603643909 966.4075317382813 24002.09822456622 9643675.265895788
185 664.8766312069857 966.4140625 24001.38779005257 9643676.213636354
186 664.8828218317159 966.4214477539063 24000.60887914093 9643676.875971163
187 664.8873013488894 966.4267578125 24000.14720076647 9643680.851856634
188 664.8918761505671 966.4320678710938 23999.53423973597 9643681.437839491
189 664.8971109719261 966.438232421875 23998.87114076826 9643681.960723097
190 664.9012220818585 966.4429931640625 23998.42812794425 9643682.533393085
191 664.9059690136716 966.448486328125 23997.80307873129 9643683.284724139
192 664.90977395242 966.452880859375 23997.37562401154 9643684.098609932
193 664.9140961149661 966.4578857421875 23996.80396601153 9643684.829416364
194 664.9175428250511 966.4617919921875 23996.41980651514 9643685.722577997
195 664.9212046298667 966.466064453125 23995.93893324419 9643689.010151597
196 664.9242470789302 966.4695434570313 23995.60557960339 9643689.322802033
197 664.9277224917156 966.4735717773438 23995.17914165352 9643690.219522187
198 664.9304283808452 966.4766845703125 23994.91058471106 9643691.2525652
199 664.9335879219317 966.4803466796875 23994.53615743803 9643691.475806544
200 664.9361475005376 966.4832153320313 23994.2896844701 9643691.885600936
201 664.9391380118268 966.4866333007813 23993.94183450501 9643692.119863506
202 664.9416196733904 966.4893798828125 23993.69866778536 9643692.600160567
203 664.9444832484111 966.4926147460938 23993.36621845887 9643693.007230952
204 664.947129192997 966.49560546875 23993.10230252093 9643693.448626688
205 664.9496063237589 966.4983520507813 23992.85292271282 9643694.212338518
206 664.9519170470536 966.5009765625 23992.62003526206 9643694.747972632
207 664.9540428803418 966.50341796875 23992.41960881213 9643695.473445186
208 664.9557757774013 966.5054931640625 23992.27408321457 9643697.307679955
209 664.9573040423023 966.50732421875 23992.18052620057 9643698.35633583
210 664.9585654422847 966.5088500976563 23992.13886354911 9643698.6687853
211 664.9596563113586 966.5101318359375 23992.11346161468 9643698.873685652
212 664.9605843021071 966.51123046875 23992.10162721357 9643699.03668873
213 664.9615063765851 966.5122680664063 23992.08049628861 9643699.205492783
214 664.9623070213322 966.51318359375 23992.07532159759 9643699.376704352
215 664.9631053008236 966.5140380859375 23992.06061799513 9643699.383079024
216 664.9639083830255 966.514892578125 23992.04657879002 9643699.54451297
217 664.964667460657 966.515625 23992.03193794222 9643699.628384128
218 664.9653929008153 966.5164184570313 23992.022836558 9643699.697950637
219 664.9660228509558 966.5170288085938 23992.02490017126 9643699.723058
220 664.9665918368974 966.5176391601563 23992.03533961751 9643699.721044244
221 664.9670841494827 966.5181274414063 23992.05764458963 9643699.58264141
222 664.9675650163266 966.5186157226563 23992.08547706121 9643699.391530192
223 664.9680108102763 966.51904296875 23992.12322170866 9643699.172560357
224 664.9684971589046 966.51953125 23992.151121008 9643698.921059143
225 664.9689887036673 966.5199584960938 23992.17795477332 9643698.701572759
226 664.9695027412508 966.5204467773438 23992.19593916001 9643698.509146992
227 664.9700733090116 966.52099609375 23992.20643311717 9643698.368824381
228 664.9706762647127 966.5215454101563 23992.21761733999 9643698.347070903
229 664.9712802481887 966.5221557617188 23992.23417408835 9643698.518280506
230 664.971819449949 966.522705078125 23992.26111126846 9643698.67186603
231 664.9722959229699 966.5231323242188 23992.29630186087 9643699.068661939
232 664.9726733869721 966.5234985351563 23992.34579654731 9643699.435917474
233 664.9728647841553 966.523681640625 23992.42337346854 9643700.886288559
234 664.9730236937212 966.5238647460938 23992.50647781791 9643701.150375299
235 664.9730185783969 966.5238647460938 23992.6159627303 9643701.813056266
236 664.972961368595 966.5237426757813 23992.7315413799 9643701.922409723
237 664.9728378828553 966.5236206054688 23992.857483879 9643702.065111797
238 664.9726562214225 966.5233764648438 23992.99067186639 9643702.140245067
239 664.9724202056786 966.5230712890625 23993.12872779354 9643702.416857485
240 664.9721632374293 966.5227661132813 23993.26809996955 9643702.453116899
241 664.9718826388311 966.5223999023438 23993.40846487282 9643702.476049129
242 664.9716497755486 966.5220336914063 23993.54350427477 9643702.48681793
243 664.9714034909165 966.521728515625 23993.6762555214 9643702.70020885
244 664.9711082331518 966.5213012695313 23993.81476179634 9643702.998844665
245 664.9707743711442 966.5208740234375 23993.95463955484 9643703.067623259
246 664.9703683866339 966.5203857421875 23994.10488981202 9643703.063060278
247 664.9698943065706 966.519775390625 23994.26797974415 9643702.892437769
248 664.9693958795589 966.5192260742188 23994.43760232468 9643702.466509387
249 664.9688500161881 966.5185546875 23994.61387237855 9643702.297304301
250 664.9683248638626 966.5178833007813 23994.78722608327 9643702.115565473
251 664.9678189893764 966.5172729492188 23994.9567360655 9643701.975177048
252 664.9673699294352 966.5166625976563 23995.11633195305 9643701.667176545
253 664.9669521099272 966.51611328125 23995.26838714916 9643701.618892821
254 664.9666517360032 966.5156860351563 23995.40057118386 9643701.61938379
255 664.9664118206072 966.5152587890625 23995.52445484071 9643701.702839557
256 664.9662001293474 966.5149536132813 23995.64089730804 9643701.899865508
257 664.9657905983016 966.514404296875 23995.78016629754 9643704.270523015
258 664.9654308747295 966.5139770507813 23995.91177246446 9643704.517823752
259 664.9649305250715 966.5133666992188 23996.07396392442 9643704.716738077
260 664.9642878251342 966.5126342773438 23996.25771429744 9643704.994438445
261 664.9634638333184 966.5117797851563 23996.46919350388 9643705.549996346
262 664.9625814738607 966.5108032226563 23996.69384588421 9643705.300642055
263 664.9616101973081 966.509765625 23996.93194135641 9643705.12007652
264 664.9605797504071 966.5086059570313 23997.17657586129 9643704.903313359
265 664.9595397029027 966.5073852539063 23997.41665173435 9643704.642618032
266 664.9585443226216 966.5062255859375 23997.64476620211 9643703.945188241
267 664.9575316945744 966.5050659179688 23997.87078396941 9643703.801865766
268 664.9565958076247 966.50390625 23998.07850341063 9643703.239753248
269 664.9557770554287 966.5029296875 23998.26854898789 9643703.18533599
270 664.9549669743302 966.5018920898438 23998.45560874799 9643703.023760134
271 664.9541447235881 966.5009155273438 23998.63910101066 9643703.06917101
272 664.9532955006791 966.4998779296875 23998.82442823228 9643702.998325558
273 664.9523505963425 966.498779296875 23999.02363358146 9643702.96961187
274 664.9513796527705 966.4976806640625 23999.22678751415 9643702.8382704
275 664.9503789487268 966.4965209960938 23999.43964686581 9643702.645346818
276 664.9493775527253 966.495361328125 23999.65494159916 9643702.414133612
277 664.9484430813789 966.4942626953125 23999.86096762527 9643701.881692361
278 664.9475499917614 966.4932250976563 24000.05899983484 9643701.607715068
279 664.9467092220422 966.4921875 24000.24254529864 9643701.217628455
280 664.9459669775023 966.4912719726563 24000.40655137187 9643701.190380838
281 664.9453192441247 966.4904174804688 24000.55568568385 9643701.292420624
282 664.9447660561959 966.4896850585938 24000.68931841071 9643701.591029929
283 664.9442355369506 966.489013671875 24000.81937846045 9643701.977620544
284 664.9436231552656 966.48828125 24000.95978415012 9643702.3047616
285 664.9429602655586 966.4874877929688 24001.10598592213 9643702.598266693
286 664.9422322828551 966.4866333007813 24001.26729795106 9643702.949590627
287 664.9413885528743 966.4857177734375 24001.44805138705 9643703.41579644
288 664.9404018781992 966.484619140625 24001.65150654842 9643703.595789529
289 664.9393866348314 966.4835205078125 24001.86472636565 9643703.696623607
290 664.9383082085488 966.4823608398438 24002.09036446362 9643703.807710934
291 664.9372045590389 966.4811401367188 24002.31583343223 9643703.862395046
292 664.9360641604162 966.4797973632813 24002.54015820043 9643703.899749074
293 664.9349612446385 966.4785766601563 24002.75247265167 9643703.949558286
294 664.9338849504989 966.477294921875 24002.95605326454 9643704.285887485
295 664.932879436078 966.4761352539063 24003.14709422262 9643704.323820103
296 664.9319293189965 966.4749755859375 24003.32710998553 9643704.954111366
297 664.9310177588244 966.473876953125 24003.49695373786 9643705.087049339
298 664.9300683772472 966.4727783203125 24003.66844994804 9643705.526110742
299 664.92911345144 966.4716186523438 24003.83697034081 9643705.632608559
300 664.9281279527593 966.4705200195313 24004.01245362023 9643705.683070408
301 664.9271451649698 966.4693603515625 24004.19057043675 9643705.622713482
302 664.9261918780616 966.46826171875 24004.36885065086 9643705.272246799
303 664.9253140132902 966.4672241210938 24004.53536139042 9643705.133696923
304 664.9245450826788 966.4662475585938 24004.68711148245 9643705.070761535
305 664.9238476069125 966.4653930664063 24004.82673317895 9643705.076772962
306 664.9232164993991 966.464599609375 24004.95384126703 9643705.145178841
307 664.9226808802083 966.4639282226563 24005.06603419222 9643705.338092417
308 664.9222100660073 966.4633178710938 24005.16935708312 9643705.644951597
309 664.9217937770683 966.4627685546875 24005.26661712078 9643705.984895775
310 664.921335036749 966.4622192382813 24005.3731861932 9643706.476209134
311 664.920794905551 966.4616088867188 24005.48810076105 9643707.451062893
312 664.9201830811829 966.4608764648438 24005.61773466224 9643708.036108226
313 664.9193973326742 966.4600830078125 24005.77531113659 9643709.351609671
314 664.9185402186095 966.4591064453125 24005.94541148742 9643709.740720179
315 664.9175496317931 966.4580688476563 24006.14037103909 9643710.792292824
316 664.9164960338813 966.4569702148438 24006.3465279353 9643710.995505331
317 664.9153457780616 966.4556884765625 24006.56574027132 9643711.222580804
318 664.9141468053688 966.454345703125 24006.78601936623 9643711.403759504
319 664.9129082302325 966.4530029296875 24007.00807650952 9643711.649941461
320 664.911678155074 966.4515991210938 24007.22533269311 9643711.77783788
321 664.9104179098097 966.4501953125 24007.44268775867 9643711.888407892
322 664.9092077989586 966.4487915039063 24007.65117812574 9643711.976108816
323 664.9080502004496 966.4474487304688 24007.85166062361 9643712.053817775
324 664.9068477562607 966.446044921875 24008.05446458066 9643712.114610253
325 664.9056449991064 966.4446411132813 24008.24990166742 9643712.164176449
326 664.9044501105458 966.4432983398438 24008.44389736255 9643712.179792767
327 664.9032329342253 966.44189453125 24008.64154732353 9643712.130545145
328 664.9020525243039 966.4404907226563 24008.83408672894 9643712.044371543
329 664.9009384692193 966.439208984375 24009.01956064974 9643711.920026509
330 664.8999185624228 966.43798828125 24009.19233287614 9643711.819615673
331 664.8990140249288 966.4368896484375 24009.3462507256 9643711.782065218
332 664.8981698250526 966.4358520507813 24009.48915356454 9643711.926233243
333 664.8974057954523 966.4348754882813 24009.61671479545 9643712.037218984
334 664.8969527314139 966.434326171875 24009.70451789252 9643712.174781289
335 664.8961268519773 966.433349609375 24009.8558944107 9643712.442961058
336 664.895502404474 966.4325561523438 24009.94959871806 9643712.786308963
337 664.8948651732912 966.4317626953125 24010.0565656204 9643713.163790165
338 664.8941062903486 966.430908203125 24010.18359201124 9643714.466166742
339 664.8933320765685 966.4299926757813 24010.31854023229 9643714.758695215
340 664.8924678420625 966.4290161132813 24010.47401678241 9643715.100963265
341 664.8915154450384 966.427978515625 24010.64333573816 9643715.405620705
342 664.8905251882775 966.4268798828125 24010.82100570377 9643715.609650848
343 664.8895026488441 966.42578125 24011.00250766252 9643715.760384733
344 664.888462446129 966.4246215820313 24011.18298880191 9643715.862562466
345 664.8875273927146 966.4235229492188 24011.34740937373 9643715.989547793
346 664.8864558497266 966.4223022460938 24011.52361647063 9643716.232435545
347 664.8854409607079 966.4210815429688 24011.68504338938 9643716.472195448
348 664.8844268217107 966.419921875 24011.84477131934 9643716.553239215
349 664.8834922737215 966.4187622070313 24011.99015454753 9643717.429605883
350 664.8825886697346 966.417724609375 24012.12827466258 9643717.703961534
351 664.8818177279611 966.416748046875 24012.24924068283 9643718.026984839
352 664.8811145680113 966.4158935546875 24012.36120767577 9643718.411538392
353 664.8802734976509 966.4149169921875 24012.49157325067 9643718.616004746
354 664.8797295520416 966.4142456054688 24012.58207636639 9643718.708506772
355 664.8789070986902 966.413330078125 24012.73010179898 9643718.823293138
356 664.8782935304237 966.4125366210938 24012.82114204395 9643718.945098076
357 664.877756480263 966.411865234375 24012.91389009325 9643719.099635564
358 664.8774222840742 966.4114379882813 24012.98243266681 9643719.854126507
359 664.876755069979 966.41064453125 24013.10608640787 9643720.496540196
360 664.8764602478544 966.4102783203125 24013.15530215484 9643720.655573161
361 664.8759823024858 966.40966796875 24013.25627750878 9643720.951788917
362 664.8754632675938 966.4090576171875 24013.33769491753 9643721.416780014
363 664.8752065175098 966.40869140625 24013.39227095645 9643721.742584648
364 664.8745859710812 966.4080200195313 24013.51417705382 9643722.526833989
365 664.8740797353137 966.4074096679688 24013.59806549903 9643722.957238721
366 664.8733685321628 966.4066162109375 24013.72691832055 9643723.540408755
367 664.8726712504543 966.4058227539063 24013.84984398402 9643724.083541844
368 664.8718436762119 966.4049072265625 24013.99893329937 9643724.914206356
369 664.8710133493589 966.4039916992188 24014.15151079647 9643725.107602634
370 664.8702102447189 966.403076171875 24014.30398556223 9643725.241397727
371 664.8693173159328 966.402099609375 24014.46465357171 9643725.324771279
372 664.8683915141249 966.4010620117188 24014.62049407214 9643725.511659263
373 664.8674407604259 966.3999633789063 24014.7750476332 9643725.624114959
374 664.8665236436 966.3988647460938 24014.91783052636 9643725.788721358
375 664.8655765499823 966.3977661132813 24015.06498420019 9643725.948549844
376 664.8647841617143 966.3967895507813 24015.18975036236 9643725.971929522
377 664.8639801093235 966.3958740234375 24015.31966746677 9643725.923475046
378 664.8632030355674 966.3948974609375 24015.44328368882 9643725.831961228
379 664.862439795178 966.39404296875 24015.56575006808 9643725.672908254
380 664.8616620961586 966.3931274414063 24015.68898736885 9643725.487358067
381 664.8609924623992 966.3922729492188 24015.79732331948 9643725.437859034
382 664.8602750539019 966.3914184570313 24015.91575440913 9643725.33042503
383 664.8596884261989 966.3906860351563 24016.01491419301 9643725.143900789
384 664.8593497311585 966.3902587890625 24016.08459596356 9643725.071282858
385 664.8588102408664 966.3895874023438 24016.19612260408 9643725.072591294
386 664.8583130003294 966.3889770507813 24016.272417257 9643725.104880806
387 664.8578708461437 966.388427734375 24016.34751658803 9643725.423137402
388 664.857500235394 966.387939453125 24016.4121553823 9643725.616641395
389 664.8570883865106 966.3873901367188 24016.48374075001 9643726.75300589
390 664.8566588676495 966.3869018554688 24016.55767098022 9643727.919322016
391 664.8560908420704 966.38623046875 24016.65358126111 9643729.86766501
392 664.8555779929665 966.3856201171875 24016.74592120465 9643730.019581277
393 664.8549413580391 966.3849487304688 24016.86200592158 9643730.186692623
394 664.8543214167735 966.3842163085938 24016.97776782965 9643730.311913492
395 664.8536041894798 966.3834228515625 24017.11274577139 9643730.380011884
396 664.8529116129559 966.3826293945313 24017.2419040392 9643730.443282738
397 664.8521789453575 966.3818359375 24017.37456979538 9643730.511662597
398 664.8514342813386 966.3809814453125 24017.50306984996 9643730.579117633
399 664.8506823057093 966.380126953125 24017.62679074703 9643730.655012095
400 664.8499324808864 966.3792114257813 24017.74441111193 9643730.693149308
401 664.8492024743007 966.3783569335938 24017.85682413225 9643730.697044045
402 664.8485070332172 966.3775024414063 24017.96217541503 9643730.701175606
403 664.8479848347729 966.3768310546875 24018.04682350987 9643730.66809174
404 664.84757302174 966.3763427734375 24018.11631362307 9643730.681345072
405 664.8470731644165 966.375732421875 24018.20917127886 9643730.646335497
406 664.8466678937322 966.3751831054688 24018.26641010374 9643730.674381198
407 664.8462955613439 966.3746337890625 24018.32616478613 9643730.699107245
408 664.8459704340489 966.3742065429688 24018.37891033022 9643730.785993351
409 664.8456684312213 966.373779296875 24018.43009625673 9643730.848573461
410 664.8455941622567 966.3736572265625 24018.44851083467 9643730.978683354
411 664.8454196013289 966.3734130859375 24018.50181865183 9643731.164445397
412 664.8453192500822 966.3732299804688 24018.52883765541 9643731.362399438
413 664.8451253606504 966.3729858398438 24018.58171564107 9643731.512457808
414 664.845051917245 966.3728637695313 24018.60510846418 9643731.61409981
415 664.8449322828089 966.3726806640625 24018.64749323087 9643731.920940587
416 664.8449019441548 966.37255859375 24018.67030851627 9643732.109208172
417 664.8448573798946 966.3724975585938 24018.70110323692 9643732.597731257
418 664.8447158177543 966.372314453125 24018.74509597635 9643733.307140652
419 664.8445210812979 966.3720703125 24018.79381533628 9643733.973338086
420 664.8442381899774 966.3717651367188 24018.85715502794 9643734.562406139
421 664.843899646803 966.3713989257813 24018.93081232874 9643734.726470012
422 664.8434759083065 966.3709106445313 24019.02008853919 9643734.864853708
423 664.8430438761875 966.3704223632813 24019.11314915775 9643735.044818461
424 664.8425148539678 966.369873046875 24019.22089541266 9643735.091323297
425 664.8419394805295 966.3692626953125 24019.33376284961 9643735.109566312
426 664.8412989682515 966.3685302734375 24019.45249765789 9643735.082976438
427 664.8406484227546 966.3677978515625 24019.56996949694 9643735.029565666
428 664.8399901683837 966.3670654296875 24019.68657486069 9643734.965060696
429 664.8393293851357 966.3662719726563 24019.80178185053 9643734.829649465
430 664.8388360147463 966.3656616210938 24019.89494809911 9643734.699223341
431 664.8383121309173 966.364990234375 24019.99189732999 9643734.543314265
432 664.8378241771499 966.3643798828125 24020.07928323937 9643734.402870083
433 664.8373921026487 966.3638305664063 24020.15869191011 9643734.109709624
434 664.8370366566041 966.3634033203125 24020.2262328775 9643733.992375495
435 664.8366125010173 966.3628540039063 24020.31400088272 9643733.564288933
436 664.8362581221841 966.3624267578125 24020.37568193754 9643733.489856957
437 664.8360149895634 966.3621215820313 24020.42873446401 9643733.419751916
438 664.8357294131123 966.3616943359375 24020.49774821309 9643733.370708965
439 664.8355115753712 966.3614501953125 24020.54265977464 9643733.40958257
440 664.8351973640004 966.3610229492188 24020.61369701993 9643733.420062885
441 664.8349802112912 966.3607788085938 24020.65688081739 9643733.442362882
442 664.8347064031287 966.3604125976563 24020.72407230541 9643733.512609489
443 664.8345348550414 966.3601684570313 24020.76694555704 9643733.611280056
444 664.8342768909608 966.35986328125 24020.83535748773 9643733.740407405
445 664.8340576832492 966.3595581054688 24020.88440107952 9643733.836485872
446 664.8336848306268 966.359130859375 24020.9644152293 9643734.301878745
447 664.833322929852 966.3587036132813 24021.03167130285 9643734.459619295
448 664.8329942594806 966.3583374023438 24021.10069625777 9643734.574682508
449 664.8325368472392 966.3577880859375 24021.1967605517 9643734.773783958
450 664.8321038805877 966.3572998046875 24021.27798528919 9643734.850681268
451 664.8316168769143 966.3567504882813 24021.37155226338 9643734.913332853
452 664.8311597257123 966.356201171875 24021.46142415803 9643734.950108232
453 664.8305241254783 966.3555297851563 24021.58461723755 9643734.922778495
454 664.8299869153774 966.3549194335938 24021.67691546501 9643734.760988891
455 664.8293212444214 966.3541870117188 24021.80529321821 9643734.668639114
456 664.8288235154886 966.3535766601563 24021.89216743417 9643734.554328389
457 664.8283590117627 966.3529663085938 24021.99707620142 9643734.434295634
458 664.8280138188873 966.3525390625 24022.06343668813 9643734.366582939
459 664.8275724914132 966.3519897460938 24022.15535933047 9643734.346252294
460 664.8272783935745 966.3516235351563 24022.20395043486 9643734.401501395
461 664.8268833105586 966.35107421875 24022.28072971613 9643734.444682235
462 664.8266249759529 966.3507080078125 24022.32126027531 9643734.493886212
463 664.8263374326104 966.350341796875 24022.3821136958 9643734.541256515
464 664.8261834694359 966.35009765625 24022.41352416675 9643734.591223111
465 664.8260516417006 966.3499145507813 24022.45697693294 9643734.652250461
466 664.8259361149514 966.3497314453125 24022.49447475099 9643734.741648043
467 664.8258406246503 966.349609375 24022.52957851724 9643734.868180467
468 664.8257845399497 966.3494873046875 24022.55840491573 9643735.021060226
469 664.8257883738967 966.3494262695313 24022.57850287532 9643735.220188133
470 664.8258261383826 966.3494262695313 24022.59453862896 9643735.533368327
471 664.8258562082385 966.349365234375 24022.61116993954 9643735.833734801
472 664.8258435531288 966.3493041992188 24022.63189246563 9643736.199489934
473 664.8257818731793 966.3492431640625 24022.66142181078 9643736.532077845
474 664.8256221195242 966.3490600585938 24022.70833084828 9643736.857433638
475 664.8254138397247 966.3488159179688 24022.76234931282 9643737.15452805
476 664.8250463530705 966.3484497070313 24022.85025014537 9643737.406938214
477 664.8247068967264 966.3480834960938 24022.93103847473 9643737.593440333
478 664.8241618107048 966.3475341796875 24023.05164527658 9643737.76874442
479 664.8236593179929 966.3469848632813 24023.15439277326 9643737.866548436
480 664.822967562377 966.3462524414063 24023.29765265394 9643737.881245615
481 664.8223875649339 966.3455810546875 24023.40557549539 9643737.856100539
482 664.8216634635447 966.3447875976563 24023.55006658064 9643737.782843811
483 664.8211090907556 966.3441772460938 24023.64987720774 9643737.60096135
484 664.8205440798947 966.3434448242188 24023.77175396371 9643737.528253999
485 664.8200962034599 966.3428955078125 24023.85202496449 9643737.476496849
486 664.8195313314824 966.3422241210938 24023.96472785283 9643737.453458749
487 664.8190796128683 966.3416748046875 24024.03811080553 9643737.443219008
488 664.8184625804705 966.3408813476563 24024.15244032782 9643737.424614437
489 664.8180133993425 966.3403930664063 24024.2254630382 9643737.366485566
490 664.8174500106044 966.3397216796875 24024.33898382369 9643737.269642256
491 664.8170248940955 966.3391723632813 24024.41863246826 9643737.1260098
492 664.8165322027074 966.3385620117188 24024.5281981691 9643737.002815856
493 664.8161635797019 966.338134765625 24024.60241839322 9643736.894852914
494 664.815786616123 966.3377075195313 24024.69375572028 9643736.765220735
495 664.8154297711351 966.3372192382813 24024.77236059187 9643736.715524891
496 664.8151150135781 966.3368530273438 24024.84253182623 9643736.692166572
497 664.8148241157546 966.3364868164063 24024.90798384463 9643736.837700089
498 664.814546008044 966.3361206054688 24024.97001186811 9643736.959509831
499 664.8142068398893 966.335693359375 24025.03738249702 9643737.144420475
500 664.8137412508453 966.3351440429688 24025.12199159783 9643737.338973885
501 664.8133279621355 966.3346557617188 24025.1924295596 9643737.414536927
502 664.812718865703 966.333984375 24025.30854582136 9643737.444928003
503 664.8121689841425 966.3333740234375 24025.40628394479 9643737.405736176
504 664.8115501534074 966.3327026367188 24025.53600461575 9643737.272796411
505 664.8107042495147 966.3317260742188 24025.68457796476 9643737.044036852
506 664.8100331676188 966.3309936523438 24025.7987768846 9643736.813902684
507 664.809306506637 966.3302001953125 24025.94321395293 9643736.486490205
508 664.8085848804651 966.3294067382813 24026.07726975976 9643736.176132606
509 664.8078792321143 966.32861328125 24026.2057092477 9643735.813563103
510 664.8072118617936 966.3278198242188 24026.32468161584 9643735.400165934
511 664.8067140657403 966.3271484375 24026.41896993396 9643735.021396991
