"report-file-0"
"Iteration" "cs-htc etc.."
("Iteration" "cs-htc" "cs-temp" "max-temp" "p-in")
1 -0.4571714843971414 631.5457390797139 632.3133544921875 9922664.290028216
2 -0.1003639925219125 694.7002963649145 695.4171752929688 9926129.753961023
3 -0.05933143457571385 764.170323871767 764.9091796875 9929688.172421101
4 -0.1169866010264089 838.0982200180043 841.3502807617188 9933197.529079497
5 3166.101692610134 842.6308781025542 925.43505859375 9936244.320685532
6 8127.767378119089 852.9669105944364 1017.927612304688 9939792.708343957
7 9294.16311999772 853.8282230725632 1107.67529296875 9940678.334366683
8 10026.77564862101 853.3881226955168 1135.138061523438 9941974.228352075
9 10568.1274530925 853.7167322153961 1150.619873046875 9942699.545950409
10 10842.62164734376 854.3534090301521 1160.357177734375 9943227.820464037
11 11067.24771277638 853.8349010902039 1164.608764648438 9943654.87034549
12 11239.67766585699 853.0340869923971 1167.2431640625 9944052.264030106
13 11414.33310933166 851.6661833803519 1168.802368164063 9944589.826178409
14 11582.46659483666 849.8488573237013 1168.831420898438 9945046.003218381
15 11730.72348805824 847.6600932847543 1167.914672851563 9945385.506597281
16 11876.74056337043 845.3015525855961 1166.35888671875 9945863.161432441
17 12025.05537094312 842.7031644414114 1164.1025390625 9946169.738897124
18 12128.95946202528 840.6433048864549 1162.175659179688 9946468.09167566
19 12218.8605805474 838.8630504646137 1160.308349609375 9946791.576360608
20 12286.81859223214 837.1408194573661 1158.334838867188 9947015.792942664
21 12336.45224272592 835.5148763603466 1156.435302734375 9947458.788592014
22 12378.24858258893 834.2412828241374 1154.942749023438 9947583.398088148
23 12438.402362944 832.8077943104494 1153.329711914063 9948147.506470468
24 12493.86904919513 831.5050078365929 1151.741088867188 9948264.082574314
25 12531.98474941519 830.4801763828117 1150.514526367188 9948351.844728984
26 12576.79666483338 829.4573537813261 1149.252075195313 9948433.164421542
27 12615.10144359845 828.3085425154416 1147.95849609375 9949263.123094015
28 12648.85543619345 827.4612272151803 1146.8876953125 9949290.551296417
29 12677.3738456675 826.6612244145625 1145.860473632813 9949323.146219937
30 12688.68024549089 826.1242546802055 1145.144287109375 9949337.83937755
31 12702.44436550583 825.6276810302587 1144.463745117188 9949359.655883038
32 12706.53183339121 825.263800867429 1143.971435546875 9949400.31209923
33 12714.23450469922 824.9000369723747 1143.486083984375 9949421.959281741
34 12717.36690884481 824.5940172979734 1143.079956054688 9949433.710075852
35 12722.15631101377 824.308132900564 1142.700317382813 9949558.911675069
36 12721.35746806109 824.1726424894375 1142.462280273438 9949560.904318601
37 12716.02739232389 824.1385277228538 1142.335327148438 9949561.807719937
38 12711.0090980254 824.1067127312399 1142.243896484375 9949563.503757354
39 12708.3421233976 824.0546866884622 1142.156494140625 9949566.14807111
40 12705.9379433671 824.014918517003 1142.0869140625 9949570.590325812
41 12703.02252911649 823.9987477940293 1142.03759765625 9949571.675496254
42 12697.35309914144 824.0217126684821 1142.023071289063 9949573.14179053
43 12686.56908558677 824.1242343089161 1142.075561523438 9949575.177550854
44 12673.39194048312 824.2559754759445 1142.181518554688 9949575.841627065
45 12665.80854817521 824.3384586154348 1142.272094726563 9949576.79053363
46 12662.16301020237 824.3992204955405 1142.349731445313 9949578.530362513
47 12658.02400639479 824.483003694556 1142.438354492188 9949579.447493332
48 12653.3632108484 824.5648688932434 1142.526489257813 9949578.870218726
49 12647.00210161325 824.6602215360242 1142.615844726563 9949579.459166674
50 12636.04766337903 824.8024969792402 1142.752075195313 9949580.893949891
51 12627.92477800769 824.9012097872554 1142.869995117188 9949582.674034121
52 12624.24291241548 824.9595981533658 1142.954345703125 9949585.138958341
53 12620.58360719903 825.0361240971865 1143.043212890625 9949586.652966
54 12616.32613945777 825.1255697521566 1143.14404296875 9949587.576429641
55 12612.6041110607 825.20459299844 1143.235107421875 9949588.080751797
56 12605.21498956391 825.3204770923767 1143.35205078125 9949588.577358432
57 12596.73742230092 825.4279198836177 1143.46435546875 9949591.440091962
58 12591.1570007291 825.504798995932 1143.56787109375 9949594.908684848
59 12589.07496044477 825.5679932243017 1143.65087890625 9949597.995289972
60 12585.58902563448 825.6558343491143 1143.753784179688 9949602.037807517
61 12583.22560621295 825.7298139736648 1143.84375 9949621.293491539
62 12579.59372917722 825.8122162817452 1143.93212890625 9949623.525147486
63 12572.61488411894 825.9278677703478 1144.052978515625 9949625.128232092
64 12567.19378396253 826.0232131161285 1144.163696289063 9949631.628104318
65 12564.04273510517 826.0956173746017 1144.252563476563 9949636.126649909
66 12561.30025244163 826.1705739347318 1144.341918945313 9949640.570813082
67 12558.97513256064 826.2450605984103 1144.429565429688 9949642.893151371
68 12556.60000878405 826.3245059016232 1144.525390625 9949644.989236878
69 12553.45876142425 826.4068246281107 1144.612426757813 9949648.083798004
70 12548.1890614094 826.4989990068266 1144.708984375 9949651.897377534
71 12543.74449688993 826.581557753449 1144.802612304688 9949654.776360368
72 12540.30461476593 826.6630197496903 1144.90234375 9949662.303850824
73 12537.99405842217 826.7404257248764 1144.996948242188 9949668.298928929
74 12536.63383637565 826.7984162509631 1145.068359375 9949678.85485944
75 12534.38336769456 826.8618286550428 1145.141235351563 9949681.222104227
76 12530.81533423083 826.9430042916561 1145.231201171875 9949683.544292428
77 12527.16429206038 827.0242496534921 1145.321899414063 9949687.467741454
78 12524.13335940948 827.0927237643997 1145.400024414063 9949691.937534252
79 12521.26734031422 827.1637083313213 1145.4853515625 9949694.450793853
80 12519.80028505412 827.2202440750721 1145.553955078125 9949697.104723489
81 12517.78657678316 827.2827699151558 1145.629638671875 9949699.711398082
82 12516.02277301124 827.3407480339192 1145.694458007813 9949702.532566721
83 12512.30415808285 827.423816637159 1145.788696289063 9949705.638698464
84 12510.05586680849 827.4889857877904 1145.861938476563 9949708.954629028
85 12507.29670969323 827.5497311184723 1145.932861328125 9949712.309350224
86 12504.86982694003 827.6149150881728 1146.012451171875 9949716.903427601
87 12503.93568547923 827.6586447711921 1146.064697265625 9949720.844911372
88 12501.90120738962 827.7084429236403 1146.123291015625 9949724.342579024
89 12499.72797334426 827.763841165135 1146.185302734375 9949726.646501344
90 12497.12444281613 827.8261381613936 1146.256225585938 9949730.553471964
91 12495.2432984011 827.8744918790104 1146.311157226563 9949733.260217553
92 12492.75568858078 827.928870342522 1146.375854492188 9949739.398457566
93 12491.60238180204 827.9647602722707 1146.421020507813 9949759.549267206
94 12490.4947690063 827.9927621653972 1146.455200195313 9949774.189987293
95 12488.85372222211 828.0314258986015 1146.5 9949774.506749086
96 12487.29361607174 828.0737274165541 1146.549194335938 9949774.894068681
97 12485.76424653674 828.1143970347648 1146.59619140625 9949775.156557176
98 12484.19572276832 828.1527551176648 1146.640991210938 9949775.56170488
99 12482.84749012818 828.1852708951232 1146.678588867188 9949776.365514889
100 12481.26055072004 828.2204368506792 1146.719970703125 9949777.313643601
101 12479.94426013486 828.2542403517681 1146.759155273438 9949777.855950119
102 12478.44972163705 828.288594010353 1146.797973632813 9949778.485761965
103 12476.88175484738 828.3218735806546 1146.835327148438 9949783.893997539
104 12475.24354307017 828.3555320071812 1146.873168945313 9949786.048521148
105 12473.68781256132 828.3882656558469 1146.910278320313 9949786.560937293
106 12472.28379403249 828.4182070153549 1146.944946289063 9949790.898564056
107 12470.91784321917 828.4480897298375 1146.979125976563 9949791.270048793
108 12469.59347534481 828.4772476299822 1147.012329101563 9949791.719725199
109 12468.2330570938 828.5062109263615 1147.045166015625 9949792.093063049
110 12466.83165271497 828.5357024957061 1147.078735351563 9949792.651859432
111 12465.53693768345 828.563207795772 1147.109741210938 9949793.200569829
112 12464.19412407031 828.5899948156173 1147.14013671875 9949793.927258311
113 12462.92903364265 828.6159268988163 1147.169677734375 9949794.732802024
114 12461.70831694366 828.6412182200637 1147.198486328125 9949795.803968474
115 12460.53425519949 828.6651203997448 1147.225708007813 9949798.801684609
116 12459.38095134217 828.6885743262246 1147.25244140625 9949800.862046693
117 12458.26199092525 828.7115863313572 1147.278564453125 9949801.472102648
118 12457.18087013937 828.7337995186859 1147.303833007813 9949802.170766225
119 12456.1518402364 828.7548135034577 1147.328002929688 9949804.235056989
120 12455.15239126192 828.7752829367413 1147.351440429688 9949804.950740326
121 12454.19021556058 828.7949589989802 1147.373901367188 9949805.848369263
122 12453.24651032042 828.8141843003151 1147.395751953125 9949806.267979566
123 12452.33000480328 828.8327952659323 1147.4169921875 9949806.878429497
124 12451.42459285427 828.850899995243 1147.4375 9949807.742035402
125 12450.55057718194 828.8682909583606 1147.457275390625 9949808.177178651
126 12449.69924066537 828.8851638624155 1147.476440429688 9949808.977632811
127 12448.87028760619 828.901561064154 1147.4951171875 9949810.156839367
128 12448.1207299829 828.9158053630888 1147.51171875 9949814.396268103
129 12447.3586085064 828.9306163512645 1147.528564453125 9949814.683199437
130 12446.65578417494 828.9447308619301 1147.544677734375 9949815.030142371
131 12445.96382318767 828.9584556935849 1147.560302734375 9949815.473797606
132 12445.29819157769 828.9715638599131 1147.5751953125 9949815.794577673
133 12444.64489654005 828.9841118414864 1147.589477539063 9949816.545975983
134 12444.01301731287 828.996254961392 1147.603271484375 9949817.089981947
135 12443.39542447385 829.0080143947661 1147.61669921875 9949817.538026748
136 12442.79567337425 829.0193616571422 1147.629516601563 9949818.054052368
137 12442.21105827717 829.0303515145634 1147.641967773438 9949818.468087004
138 12441.6398642909 829.0409819077594 1147.653930664063 9949819.026551796
139 12441.08466104713 829.0512547354543 1147.66552734375 9949819.573669108
140 12440.54945885676 829.0610910682801 1147.676635742188 9949820.603347156
141 12440.07352442849 829.0693726865433 1147.686279296875 9949824.932618828
142 12439.58671043335 829.0782090184604 1147.6962890625 9949825.018119017
143 12439.15129134916 829.0863975613759 1147.705688476563 9949825.602852305
144 12438.72267859384 829.0943811166995 1147.714721679688 9949825.693260984
145 12438.31007736415 829.1019454985425 1147.723266601563 9949826.127575774
146 12437.89888033354 829.1094042460722 1147.731689453125 9949826.39157928
147 12437.48578254539 829.1169127877209 1147.740234375 9949826.583766477
148 12437.11314301224 829.1237115993591 1147.747802734375 9949826.811480258
149 12436.71525125824 829.1304013037455 1147.755249023438 9949827.015499612
150 12436.33015262097 829.1369663622926 1147.762573242188 9949827.383901076
151 12435.9544640913 829.1433021541333 1147.769653320313 9949827.875274843
152 12435.58795975853 829.1493936935294 1147.7763671875 9949828.176092602
153 12435.25902094458 829.1546288422627 1147.782348632813 9949830.414531013
154 12434.92361541881 829.1601844687212 1147.788696289063 9949831.229240125
155 12434.63732103861 829.1652078118841 1147.794311523438 9949831.428616028
156 12434.33900436169 829.1700317364927 1147.799682617188 9949831.632192893
157 12434.05262293358 829.1747006222456 1147.804931640625 9949831.948136576
158 12433.79237371879 829.1786524262371 1147.809448242188 9949833.472497979
159 12433.52574547331 829.1828322858423 1147.814086914063 9949833.607675117
160 12433.27795485678 829.1867595160783 1147.818481445313 9949833.718332721
161 12433.03327377591 829.1905623676553 1147.82275390625 9949833.833097829
162 12432.7951174615 829.1942038268257 1147.826782226563 9949833.996469431
163 12432.55961543592 829.1977349371673 1147.830688476563 9949834.137873184
164 12432.32982247421 829.2011370059282 1147.834350585938 9949834.35580273
165 12432.10311651025 829.2043902863502 1147.837890625 9949834.565564439
166 12431.88047288488 829.2075508831202 1147.841430664063 9949834.819057059
167 12431.66722707929 829.2105597568694 1147.8447265625 9949835.084003584
168 12431.46007774926 829.2134252052225 1147.847900390625 9949835.380942514
169 12431.26011293419 829.2161560070036 1147.850830078125 9949835.633483956
170 12431.06880236673 829.218782542031 1147.853759765625 9949835.917526904
171 12430.88002197791 829.2213600847183 1147.856567382813 9949836.125780253
172 12430.69936521607 829.2237496497954 1147.859130859375 9949836.383357117
173 12430.52063595355 829.226132262276 1147.86181640625 9949836.657607745
174 12430.35265734827 829.2283018901564 1147.864135742188 9949837.064659065
175 12430.19864257021 829.2300556147514 1147.866088867188 9949837.745538913
176 12430.05349269846 829.2315623357483 1147.867797851563 9949838.628666652
177 12429.91329007329 829.2331141842849 1147.869506835938 9949838.817562185
178 12429.78534100757 829.2344837314482 1147.87109375 9949839.024944173
179 12429.6614980774 829.2357489993813 1147.872436523438 9949839.365142655
180 12429.54398677787 829.2367879212129 1147.87353515625 9949839.800363585
181 12429.42991450902 829.2377594420004 1147.874633789063 9949839.994999524
182 12429.32138816989 829.2386326233949 1147.875610351563 9949840.160672402
183 12429.21724981693 829.2394614311825 1147.87646484375 9949840.328955319
184 12429.11954982038 829.2401144924463 1147.877197265625 9949840.720555466
185 12429.04025524384 829.2401916319319 1147.877319335938 9949842.434095953
186 12428.95064500798 829.2405933390745 1147.877685546875 9949842.487948501
187 12428.87859643899 829.2408123610323 1147.8779296875 9949842.628656263
188 12428.80352379935 829.2410334291014 1147.878051757813 9949842.696332823
189 12428.73529877447 829.2411627218295 1147.878173828125 9949842.756301628
190 12428.66204309452 829.2412868777208 1147.878173828125 9949842.901345793
191 12428.5851322758 829.241467412172 1147.878295898438 9949842.90841878
192 12428.50362523841 829.2417076634401 1147.87841796875 9949842.941446584
193 12428.41873537376 829.242024481159 1147.878662109375 9949843.019474203
194 12428.33362937879 829.2423655772086 1147.87890625 9949843.102243066
195 12428.24706072922 829.2427338008113 1147.879150390625 9949843.190902386
196 12428.15928913078 829.2431453613159 1147.879516601563 9949843.298866391
197 12428.07350937733 829.243573321677 1147.8798828125 9949843.513508523
198 12427.98939439803 829.2439583604696 1147.880249023438 9949843.660231102
199 12427.91891968107 829.2440628898181 1147.880249023438 9949844.663669525
200 12427.84709808725 829.2442531740826 1147.88037109375 9949844.820464645
201 12427.78149327876 829.2444190863872 1147.880493164063 9949845.062666256
202 12427.72251777206 829.2444609452157 1147.880615234375 9949845.188600089
203 12427.66682991811 829.2444522640508 1147.880493164063 9949845.367572827
204 12427.6141386871 829.2443888500023 1147.88037109375 9949845.635284673
205 12427.56136585156 829.2443422900208 1147.880249023438 9949845.800476309
206 12427.51115809681 829.2442619465255 1147.880126953125 9949845.99401444
207 12427.46213389696 829.2441112231559 1147.880004882813 9949846.279932339
208 12427.41345954548 829.24397102686 1147.879760742188 9949846.439955121
209 12427.36582969987 829.2438248868641 1147.879516601563 9949846.617917625
210 12427.31729395402 829.2437179625422 1147.879272460938 9949846.921116309
211 12427.27268931508 829.2435405872779 1147.879028320313 9949847.059493521
212 12427.22806199982 829.2433866687843 1147.878784179688 9949847.472359756
213 12427.18613788737 829.2431371718936 1147.878540039063 9949847.700178489
214 12427.14706255651 829.2428549100916 1147.878173828125 9949847.965443093
215 12427.10850794382 829.2426172849837 1147.877807617188 9949848.149469096
216 12427.07205850408 829.2423656087585 1147.877563476563 9949848.35084163
217 12427.04772350165 829.2417237652443 1147.876831054688 9949849.845572742
218 12427.01357546744 829.2413389671806 1147.876342773438 9949850.061442725
219 12426.99060780624 829.2408943456121 1147.875854492188 9949850.209455471
220 12426.9684284794 829.2404482787498 1147.875366210938 9949850.381660599
221 12426.95024793285 829.2399396234188 1147.874755859375 9949850.538056212
222 12426.92889742181 829.2394022282826 1147.8740234375 9949850.706023363
223 12426.90690492781 829.2388486757193 1147.873413085938 9949850.975497393
224 12426.88617996 829.2382737540405 1147.872802734375 9949851.177821141
225 12426.86744419953 829.2376432483172 1147.8720703125 9949851.523088014
226 12426.85176019476 829.2369519528989 1147.871215820313 9949852.045244105
227 12426.83380805182 829.2363539798288 1147.870483398438 9949852.188679457
228 12426.81972034405 829.2357277525838 1147.869750976563 9949852.340883007
229 12426.80228275027 829.2351688572647 1147.869140625 9949852.543110078
230 12426.78453662622 829.2345981521964 1147.868408203125 9949852.750722175
231 12426.77925361792 829.2336275768311 1147.867431640625 9949854.130332533
232 12426.77770122065 829.2325822373592 1147.8662109375 9949855.208778474
233 12426.78269474104 829.2315851671707 1147.865112304688 9949855.576295786
234 12426.79570752963 829.2305420533874 1147.864013671875 9949855.766499853
235 12426.8105032723 829.2294768203544 1147.862915039063 9949855.898203881
236 12426.82725410106 829.2283842820883 1147.861694335938 9949855.940738954
237 12426.84109424939 829.2272914901946 1147.860473632813 9949856.010682786
238 12426.85237233201 829.22620956265 1147.859252929688 9949856.062820448
239 12426.86054882921 829.225165303946 1147.858032226563 9949856.089688318
240 12426.86381545352 829.2241836764356 1147.856811523438 9949856.110500058
241 12426.86576445343 829.2232069157742 1147.855712890625 9949856.338126419
242 12426.86288066163 829.2223323565956 1147.854614257813 9949856.351998892
243 12426.85740070685 829.2215459329118 1147.853637695313 9949856.378969226
244 12426.84997857217 829.2207916230633 1147.852783203125 9949856.437274838
245 12426.8420907681 829.2201338419276 1147.85205078125 9949856.490994928
246 12426.83538141243 829.2194962513523 1147.851196289063 9949856.564142806
247 12426.82451269356 829.2189251282608 1147.8505859375 9949856.723503387
248 12426.81440397601 829.2183149957931 1147.849853515625 9949856.942149272
249 12426.80721383012 829.2176667002865 1147.84912109375 9949857.159625294
250 12426.80627009261 829.2169255912048 1147.848266601563 9949857.276234951
251 12426.81008428899 829.216160448927 1147.847412109375 9949857.394978289
252 12426.81691939798 829.2153465651261 1147.846557617188 9949857.520861527
253 12426.82422996253 829.2145328920714 1147.845703125 9949857.756779326
254 12426.83488209014 829.2136136827943 1147.844604492188 9949857.881094659
255 12426.84631838376 829.2126965715245 1147.843627929688 9949858.109902248
256 12426.86034136124 829.211698192144 1147.842529296875 9949858.239679534
257 12426.87397183242 829.2106958949428 1147.841430664063 9949858.400350131
258 12426.88752363685 829.2096783671479 1147.84033203125 9949858.558475319
259 12426.90037871128 829.2086847906617 1147.839233398438 9949858.705154922
260 12426.91407670166 829.2076481371963 1147.838012695313 9949858.993099159
261 12426.92628003932 829.2066341089467 1147.8369140625 9949859.184889155
262 12426.93948553822 829.2055964348842 1147.835693359375 9949859.383907035
263 12426.95375125098 829.2045503008191 1147.834594726563 9949859.579303423
264 12426.96945495906 829.2034649091433 1147.833374023438 9949859.962060671
265 12426.9850243383 829.202377582928 1147.832153320313 9949860.354566352
266 12427.00244573489 829.2012705876659 1147.830932617188 9949860.600779565
267 12427.02034371351 829.2001810818534 1147.82958984375 9949860.865110513
268 12427.03953666755 829.1990659330106 1147.828369140625 9949861.130012957
269 12427.06521605701 829.1977767209245 1147.827026367188 9949861.964238778
270 12427.08511588223 829.1966542183098 1147.82568359375 9949862.082078034
271 12427.11534965382 829.1953396185902 1147.82421875 9949862.869751586
272 12427.1408462237 829.194087319303 1147.822875976563 9949863.04041145
273 12427.17055466761 829.1928344836042 1147.821411132813 9949863.129016919
274 12427.20077289815 829.1915622506851 1147.820068359375 9949863.23923799
275 12427.22879357663 829.1903164678987 1147.818603515625 9949863.389379533
276 12427.25562800309 829.1890680191677 1147.817260742188 9949863.471327275
277 12427.27992264549 829.1878738367191 1147.815795898438 9949863.553053046
278 12427.30083462218 829.1867490606983 1147.814575195313 9949863.653131792
279 12427.31633429624 829.1857288616405 1147.813354492188 9949863.829110131
280 12427.32804830888 829.1847496053388 1147.812133789063 9949863.953548606
281 12427.33392555595 829.1838697376721 1147.811157226563 9949864.067944158
282 12427.33934249705 829.1830051274736 1147.81005859375 9949864.220350143
283 12427.34725451627 829.1820618129934 1147.808959960938 9949864.815218007
284 12427.35286870881 829.181241684583 1147.807983398438 9949864.960639747
285 12427.36246747178 829.1804409992343 1147.80712890625 9949865.068270573
286 12427.3760669413 829.1795821710505 1147.80615234375 9949865.305199593
287 12427.38909391105 829.1787637969858 1147.80517578125 9949865.411178723
288 12427.40542460289 829.1778903434223 1147.80419921875 9949865.525632089
289 12427.42077908086 829.177034484345 1147.80322265625 9949865.655354002
290 12427.43934524035 829.1761324858112 1147.80224609375 9949865.813098427
291 12427.45744048335 829.1752558893863 1147.80126953125 9949865.925539779
292 12427.47762303644 829.1743624737902 1147.80029296875 9949866.024928927
293 12427.4982278284 829.1734283764091 1147.799194335938 9949866.395872861
294 12427.51741333426 829.1724903515544 1147.798217773438 9949866.660698542
295 12427.53873221827 829.171528918169 1147.797119140625 9949867.006477959
296 12427.55794928725 829.1706248083494 1147.796020507813 9949867.116728228
297 12427.57793119748 829.1697419354994 1147.795043945313 9949867.233670857
298 12427.59828197151 829.1688406690046 1147.794067382813 9949867.346564624
299 12427.61678804067 829.1679577379302 1147.79296875 9949867.44829876
300 12427.63552191059 829.1670846041436 1147.7919921875 9949867.56421707
301 12427.65351519166 829.1662129914769 1147.791015625 9949867.802310554
302 12427.6728041575 829.1653168150467 1147.789916992188 9949867.997447887
303 12427.6902717447 829.1644742532012 1147.788940429688 9949868.099171324
304 12427.70944846028 829.1636290934927 1147.7880859375 9949868.269585958
305 12427.74200989429 829.1623846915512 1147.786743164063 9949869.575679703
306 12427.76707467503 829.1613884225493 1147.785522460938 9949869.669646323
307 12427.79953629831 829.1603858016994 1147.784423828125 9949869.696573179
308 12427.83171903626 829.1593718408698 1147.783325195313 9949869.728395622
309 12427.86366459612 829.1583361022003 1147.782104492188 9949869.926190007
310 12427.89323520128 829.1573177846398 1147.781005859375 9949870.104075272
311 12427.91927292212 829.1563847905453 1147.779907226563 9949870.122206865
312 12427.9443035558 829.1554723131167 1147.77880859375 9949870.15724281
313 12427.96625445753 829.1546003884946 1147.77783203125 9949870.263262192
314 12427.98975211187 829.1536694554043 1147.776733398438 9949870.672049299
315 12428.0088215603 829.1528573800366 1147.775756835938 9949870.704608057
316 12428.02889771532 829.1520544301168 1147.77490234375 9949870.785935866
317 12428.04553497812 829.1513237018987 1147.774047851563 9949870.874059897
318 12428.06238498626 829.1506011816066 1147.773193359375 9949870.93079032
319 12428.07585172995 829.1499516992145 1147.772338867188 9949870.999781244
320 12428.08953828449 829.1493117503051 1147.771606445313 9949871.110550685
321 12428.10118676561 829.1487058851083 1147.770874023438 9949871.286492471
322 12428.11291683766 829.148112146642 1147.770141601563 9949871.482605627
323 12428.12526545974 829.1475158961706 1147.76953125 9949871.708485251
324 12428.15137416359 829.1465394894515 1147.768432617188 9949872.981779473
325 12428.17162566744 829.1457657880748 1147.767578125 9949873.079430176
326 12428.20289965421 829.1448966593983 1147.7666015625 9949873.15244351
327 12428.23571103314 829.1440019325665 1147.765625 9949873.173781585
328 12428.26856278946 829.1431109674982 1147.7646484375 9949873.194318905
329 12428.29928386711 829.1422351635165 1147.763671875 9949873.43498515
330 12428.32740547317 829.1413758062945 1147.7626953125 9949873.650873341
331 12428.34833953224 829.1406497274263 1147.761840820313 9949873.67628498
332 12428.36820104523 829.139916945867 1147.760986328125 9949873.766017191
333 12428.38390522306 829.1392374902073 1147.760131835938 9949873.881583599
334 12428.3991202193 829.1385699742973 1147.759399414063 9949873.965489982
335 12428.41273410286 829.1379529088962 1147.758544921875 9949874.015828395
336 12428.42826550157 829.1373180768918 1147.7578125 9949874.167735094
337 12428.44427754147 829.1367173311006 1147.757202148438 9949874.281914469
338 12428.46233858141 829.1360816079156 1147.756469726563 9949874.43432097
339 12428.48048769597 829.1354655460368 1147.755737304688 9949874.54763151
340 12428.50035089249 829.1348308102137 1147.755004882813 9949874.615428096
341 12428.51914104753 829.1342192066598 1147.754272460938 9949874.683390681
342 12428.53777723299 829.1335985216928 1147.753540039063 9949874.781042123
343 12428.5558663127 829.1330132677053 1147.7529296875 9949874.852140687
344 12428.57460216398 829.1324272799092 1147.752197265625 9949874.919940876
345 12428.59060695777 829.1319053875336 1147.751586914063 9949874.976786915
346 12428.60690639052 829.1313807750651 1147.7509765625 9949875.044194121
347 12428.62114211765 829.130895258254 1147.750366210938 9949875.138389189
348 12428.63526502751 829.1304095735562 1147.749877929688 9949875.273089001
349 12428.6484230035 829.129945806798 1147.749267578125 9949875.417101238
350 12428.6640887711 829.12944105212 1147.748657226563 9949875.560580397
351 12428.67935348206 829.1289512364928 1147.748168945313 9949875.65445694
352 12428.69658622282 829.1284423832597 1147.74755859375 9949875.74690089
353 12428.71395352881 829.1279567774588 1147.746948242188 9949875.836911205
354 12428.73348484071 829.127425425407 1147.746337890625 9949875.943629019
355 12428.75124839356 829.1269268926138 1147.745727539063 9949876.045185819
356 12428.77049528522 829.1264109617683 1147.745239257813 9949876.147235993
357 12428.78873721934 829.1259242958325 1147.74462890625 9949876.349114873
358 12428.80950174626 829.1253568276583 1147.744018554688 9949876.510998467
359 12428.8300901373 829.1248120978229 1147.743408203125 9949876.601160269
360 12428.85176004258 829.1242605465354 1147.74267578125 9949876.692431636
361 12428.87237478405 829.1237405708234 1147.742065429688 9949876.785941981
362 12428.89333751747 829.1232111400659 1147.741455078125 9949876.884860914
363 12428.91298953628 829.1227036468788 1147.740844726563 9949876.983935406
364 12428.9330209036 829.1221765927771 1147.740234375 9949877.143344909
365 12428.9522581376 829.1216769154416 1147.73974609375 9949877.304886146
366 12428.97263159387 829.121156561141 1147.739135742188 9949877.489248518
367 12428.9937143062 829.120635479932 1147.738525390625 9949877.669257754
368 12429.01472698612 829.1201169339131 1147.737915039063 9949877.771148331
369 12429.03511086153 829.1196397783342 1147.7373046875 9949877.90093464
370 12429.05514480933 829.1191541268286 1147.73681640625 9949878.016461708
371 12429.07379443436 829.1187039823172 1147.736206054688 9949878.140237167
372 12429.09295429256 829.1182405276109 1147.735717773438 9949878.290851193
373 12429.11096633215 829.1177858656362 1147.735107421875 9949878.423520651
374 12429.13023304233 829.1173042026612 1147.734619140625 9949878.559923341
375 12429.14931187372 829.1168340302885 1147.734008789063 9949878.732616117
376 12429.17043821569 829.1163167031536 1147.733520507813 9949878.869037507
377 12429.19181516806 829.1158008679884 1147.73291015625 9949879.088823086
378 12429.21703065937 829.1151975518437 1147.732177734375 9949879.191827638
379 12429.24141059008 829.114632581084 1147.731567382813 9949879.290764643
380 12429.26615444461 829.1140889484412 1147.73095703125 9949879.390916768
381 12429.28718976157 829.1135985278038 1147.730346679688 9949879.496950522
382 12429.30572167805 829.1131325647008 1147.729736328125 9949879.60970277
383 12429.32139789983 829.1127068700405 1147.729248046875 9949879.731400568
384 12429.33723119021 829.1122692880542 1147.728759765625 9949879.855289454
385 12429.3533082565 829.1118395557933 1147.728271484375 9949879.979712367
386 12429.3711885256 829.1113818076647 1147.727661132813 9949880.148698149
387 12429.38970871832 829.110937884646 1147.727172851563 9949880.290226378
388 12429.41144063199 829.1104528319312 1147.726684570313 9949880.418064667
389 12429.43395461913 829.1099612573975 1147.72607421875 9949880.511386374
390 12429.45880693202 829.1094261676519 1147.725463867188 9949880.617316756
391 12429.48322718869 829.1088949718549 1147.724853515625 9949880.694023373
392 12429.5081014576 829.1083561572027 1147.724243164063 9949880.80493396
393 12429.53162776257 829.1078442230418 1147.7236328125 9949880.882086126
394 12429.55490689145 829.10733188274 1147.723022460938 9949880.954203293
395 12429.57531936206 829.1068587422812 1147.722534179688 9949881.047834601
396 12429.59565072086 829.1063843287528 1147.721923828125 9949881.197164064
397 12429.61677227689 829.1058985361625 1147.721435546875 9949881.46592317
398 12429.63688851056 829.1054636949242 1147.720825195313 9949881.536516577
399 12429.65811587902 829.1050508499077 1147.720336914063 9949881.61203183
400 12429.67995278788 829.1046225264163 1147.719848632813 9949881.675737975
401 12429.70180249777 829.1042025400862 1147.719360351563 9949881.759997601
402 12429.72376793804 829.1037675842756 1147.718872070313 9949881.848850165
403 12429.74579260368 829.1033411033342 1147.718383789063 9949881.9356163
404 12429.76868962144 829.1028842234584 1147.717895507813 9949882.024027344
405 12429.79524989745 829.1023038669324 1147.717163085938 9949882.539892158
406 12429.82399720479 829.1016947207355 1147.716552734375 9949882.931316551
407 12429.85568321334 829.1010738522901 1147.7158203125 9949883.227523051
408 12429.8890196412 829.1004635870153 1147.715209960938 9949883.273129048
409 12429.92216184437 829.0998742474735 1147.714477539063 9949883.268562051
410 12429.95531798717 829.099270994863 1147.713745117188 9949883.26238217
411 12429.98534490396 829.0987142711468 1147.713134765625 9949883.258481203
412 12430.01425406745 829.0981631701949 1147.712524414063 9949883.272004969
413 12430.03910650083 829.097671963461 1147.7119140625 9949883.274887916
414 12430.06250031135 829.0971977664095 1147.711303710938 9949883.289201731
415 12430.08312673691 829.0967715986981 1147.710815429688 9949883.312703574
416 12430.10293886011 829.096358065752 1147.710327148438 9949883.343018137
417 12430.12034603648 829.0959960574297 1147.709838867188 9949883.379953658
418 12430.13802101061 829.0956420399449 1147.709350585938 9949883.426861648
419 12430.15420381009 829.0953424824116 1147.708984375 9949883.5083586
420 12430.17092119199 829.0950442357624 1147.708618164063 9949883.566679779
421 12430.18580826324 829.0947913541032 1147.708374023438 9949883.627772985
422 12430.20120248011 829.0945256970745 1147.7080078125 9949883.697815048
423 12430.21580103386 829.0942707974295 1147.707641601563 9949883.849852175
424 12430.23103702416 829.0940080528935 1147.707397460938 9949883.951340668
425 12430.24535474377 829.0937603298512 1147.70703125 9949884.07350428
426 12430.26106897184 829.0934696020563 1147.706665039063 9949884.161483387
427 12430.27731861373 829.0931725810156 1147.706298828125 9949884.26445098
428 12430.29672499201 829.0928283710369 1147.705932617188 9949884.348478261
429 12430.32750420769 829.0921921651392 1147.705322265625 9949885.230357759
430 12430.35491208956 829.0916983325091 1147.704833984375 9949885.327918276
431 12430.38906025017 829.0911395401921 1147.704223632813 9949885.600079244
432 12430.42001276314 829.0906494672784 1147.70361328125 9949885.620913876
433 12430.453300503 829.0900996816865 1147.703002929688 9949885.640546244
434 12430.47988481473 829.0896016336866 1147.702392578125 9949885.665688857
435 12430.50317271417 829.0891466290145 1147.701904296875 9949885.668495502
436 12430.52715494513 829.0886793660296 1147.701293945313 9949885.679438315
437 12430.54967220609 829.0882328430886 1147.700805664063 9949885.735823726
438 12430.57410510464 829.087749545563 1147.7001953125 9949885.870773684
439 12430.59837635992 829.087287293997 1147.69970703125 9949885.949215662
440 12430.62471873214 829.0867926881433 1147.699096679688 9949886.011013599
441 12430.65054043005 829.0863144010864 1147.698608398438 9949886.011851456
442 12430.67718128394 829.0858176013043 1147.697998046875 9949886.005641704
443 12430.70189669384 829.0853581373525 1147.697509765625 9949885.983812647
444 12430.7258909583 829.0849162371425 1147.696899414063 9949885.950189328
445 12430.74722977793 829.0845321413683 1147.696533203125 9949885.937058713
446 12430.76716296555 829.0841692411651 1147.696044921875 9949885.921495836
447 12430.78318296857 829.083880644868 1147.695678710938 9949885.911677524
448 12430.79880762903 829.0836018860573 1147.6953125 9949885.918134574
449 12430.81320742297 829.0833682116208 1147.694946289063 9949885.930149617
450 12430.82888916814 829.0831226580942 1147.694702148438 9949885.952582786
451 12430.84397065906 829.0828976253908 1147.694458007813 9949885.979474511
452 12430.86068836826 829.0826533380931 1147.694091796875 9949886.009779539
453 12430.87751517409 829.082420527656 1147.69384765625 9949886.044985997
454 12430.89617961342 829.0821572393447 1147.693481445313 9949886.084543649
455 12430.91526437891 829.0818963962661 1147.693237304688 9949886.132437849
456 12430.93648473636 829.0815991823491 1147.69287109375 9949886.179782772
457 12430.95742865774 829.0813060383205 1147.692504882813 9949886.229133865
458 12430.98035798279 829.0809774030497 1147.692138671875 9949886.276462069
459 12431.00273545057 829.0806571652734 1147.691772460938 9949886.317256035
460 12431.02640033754 829.0803107174032 1147.69140625 9949886.355471289
461 12431.04933981789 829.0799768250964 1147.691040039063 9949886.41855246
462 12431.07301567061 829.0796198780935 1147.690551757813 9949886.480443111
463 12431.09638152202 829.0792679328335 1147.690185546875 9949886.515054261
464 12431.12299365167 829.0788322095279 1147.689697265625 9949886.778712632
465 12431.14909750245 829.0784123804411 1147.689208984375 9949886.978388499
466 12431.17771679118 829.0779544489084 1147.688720703125 9949887.138263345
467 12431.20616490496 829.0775077235245 1147.688232421875 9949887.256835237
468 12431.23542967348 829.0770548367517 1147.687744140625 9949887.269089069
469 12431.26393971241 829.0766217137412 1147.687133789063 9949887.283100039
470 12431.29174574787 829.0761945443205 1147.686645507813 9949887.296699157
471 12431.31743408014 829.0758021267683 1147.686279296875 9949887.350912891
472 12431.34300775284 829.0753853534906 1147.685791015625 9949887.48318173
473 12431.36678701324 829.0749934445489 1147.685302734375 9949887.613588506
474 12431.39224269969 829.0745637952639 1147.684814453125 9949887.793167962
475 12431.41650805653 829.0741483870421 1147.684326171875 9949887.971357457
476 12431.44063436934 829.0737500414934 1147.683837890625 9949887.999463804
477 12431.46433389641 829.0733665647599 1147.683349609375 9949888.04018335
478 12431.49069428805 829.0728974768824 1147.682861328125 9949888.201068064
479 12431.51576882329 829.072472165484 1147.682373046875 9949888.208925143
480 12431.54396634346 829.0720003546916 1147.681762695313 9949888.216310283
481 12431.57101876857 829.0715626167307 1147.681274414063 9949888.228014711
482 12431.5974401571 829.0711626959679 1147.680908203125 9949888.238794651
483 12431.62466896887 829.0707616550752 1147.680419921875 9949888.236868056
484 12431.64943377473 829.0703352041448 1147.679931640625 9949888.261825072
485 12431.66557893497 829.0700346187183 1147.679443359375 9949888.270106185
486 12431.68744886557 829.0696503874602 1147.679077148438 9949888.292394038
487 12431.70287719942 829.0693291416819 1147.678588867188 9949888.323106984
488 12431.72130253192 829.0689912451628 1147.67822265625 9949888.342064362
489 12431.74179492738 829.0686607169479 1147.677856445313 9949888.377555853
490 12431.76560013362 829.0682915125251 1147.677490234375 9949888.40483137
491 12431.79102228176 829.0679008681363 1147.677001953125 9949888.415317964
492 12431.81881012894 829.0674560057481 1147.676513671875 9949888.420345103
493 12431.84609768333 829.067014299064 1147.676025390625 9949888.41737259
494 12431.87438811316 829.0665519028328 1147.675537109375 9949888.407764249
495 12431.9012235611 829.0661156115137 1147.675048828125 9949888.390196474
496 12431.9275259878 829.065679408783 1147.674438476563 9949888.368644388
497 12431.95079014239 829.0653029680375 1147.674072265625 9949888.348473577
498 12431.97313055341 829.0649489011089 1147.673583984375 9949888.328524955
499 12431.98939938951 829.0647366028023 1147.67333984375 9949888.313861663
500 12432.0138084963 829.0643795473922 1147.672973632813 9949888.307892963
501 12432.02704560104 829.0641990131955 1147.672729492188 9949888.309235085
502 12432.0512316713 829.0638528757109 1147.672241210938 9949888.328118039
503 12432.06958743278 829.0635641220492 1147.671875 9949888.356541606
504 12432.09061355243 829.0632629303558 1147.671630859375 9949888.371276537
505 12432.11238224936 829.0629645795651 1147.671264648438 9949888.397812564
506 12432.13562172111 829.0626314406654 1147.670776367188 9949888.420703916
507 12432.1600770246 829.0622710686149 1147.67041015625 9949888.542149726
508 12432.18572230069 829.0619023419749 1147.670043945313 9949888.559994899
509 12432.21172500691 829.0615377963301 1147.669555664063 9949888.576040512
510 12432.23902232891 829.0611453183633 1147.669189453125 9949888.595190212
511 12432.26567019306 829.0607634434938 1147.668701171875 9949888.620584494
512 12432.29307955493 829.060354565488 1147.668212890625 9949888.645790702
513 12432.3192787706 829.0599718986757 1147.667846679688 9949888.665852988
514 12432.34649219062 829.0595642935316 1147.667358398438 9949888.687023288
515 12432.37195393681 829.059182171108 1147.666870117188 9949888.708477829
516 12432.39813393048 829.0587889305954 1147.666381835938 9949888.730293376
517 12432.42349295775 829.0584041012528 1147.666015625 9949888.759138698
518 12432.44828304296 829.0580230767191 1147.66552734375 9949888.789082784
519 12432.47307457046 829.057661253064 1147.665161132813 9949888.821545731
520 12432.49834858944 829.0572822171337 1147.664672851563 9949888.846045148
521 12432.52208453844 829.0569402196703 1147.664306640625 9949888.881842786
522 12432.54578618975 829.0565990810961 1147.663818359375 9949888.925661298
523 12432.5677489851 829.0562885481526 1147.663452148438 9949888.977124903
524 12432.58993697617 829.0559646062045 1147.6630859375 9949889.038645566
525 12432.61137672273 829.0556616655344 1147.662719726563 9949889.103716042
526 12432.63386755044 829.0553341704157 1147.662353515625 9949889.172173189
527 12432.65706744248 829.0549709247267 1147.661987304688 9949889.340118583
528 12432.68049590326 829.0546055868873 1147.661499023438 9949889.404309042
529 12432.70510008542 829.0542287656169 1147.6611328125 9949889.462655591
530 12432.73163083654 829.0538058133453 1147.66064453125 9949889.505259341
531 12432.76135751515 829.0533082109257 1147.660034179688 9949889.722321305
532 12432.79323909539 829.0527762041567 1147.659545898438 9949889.861220134
533 12432.8255546395 829.0523245845608 1147.658935546875 9949889.86499938
534 12432.85772704019 829.0518337962031 1147.658447265625 9949889.864860153
535 12432.8859790964 829.0513869570043 1147.657958984375 9949889.866673278
536 12432.91317873772 829.0509313856322 1147.657348632813 9949889.874862131
537 12432.93848857617 829.0504819341829 1147.656860351563 9949889.888435237
538 12432.96069393274 829.0500436676145 1147.656372070313 9949889.898161456
539 12432.98619245171 829.0496139819986 1147.655883789063 9949889.911691718
540 12433.00980071002 829.0491794676792 1147.655395507813 9949889.92002229
541 12433.03501008152 829.0487533605495 1147.65478515625 9949889.930319102
542 12433.06366280773 829.04827827809 1147.654296875 9949889.935129989
543 12433.09302493751 829.0477948821771 1147.65380859375 9949889.928048769
544 12433.12423511185 829.0472735833453 1147.653198242188 9949889.913982714
545 12433.15433340315 829.0467677392523 1147.652587890625 9949889.891501179
546 12433.18078708801 829.0463591034445 1147.652099609375 9949889.872012559
547 12433.21718369299 829.045802387245 1147.651489257813 9949889.838679541
548 12433.23808944065 829.0454298313582 1147.651123046875 9949889.802906813
549 12433.26640019095 829.0449804810531 1147.650512695313 9949889.769127198
550 12433.28358901169 829.0446850164043 1147.650146484375 9949889.740916468
551 12433.30524263137 829.0443884807977 1147.649780273438 9949889.719396943
552 12433.32570523666 829.0440850836329 1147.6494140625 9949889.706230341
553 12433.3490270271 829.0437106633206 1147.649047851563 9949889.700133802
554 12433.36490331926 829.0434666728396 1147.648681640625 9949889.700788777
555 12433.39046749662 829.043096444044 1147.648315429688 9949889.71533357
556 12433.40867166051 829.0428306724548 1147.64794921875 9949889.733252425
557 12433.43599101038 829.0424378624172 1147.6474609375 9949889.752073981
558 12433.45641777238 829.0421447203483 1147.647216796875 9949889.771442622
559 12433.48560802281 829.0417289236182 1147.646728515625 9949889.782073736
560 12433.51100652991 829.0413298129605 1147.646240234375 9949889.793411728
561 12433.53666360938 829.0409519092441 1147.645751953125 9949889.804617941
562 12433.56321709096 829.0405542742091 1147.645385742188 9949889.816897031
563 12433.58905313124 829.0401787308033 1147.644897460938 9949889.836891331
564 12433.615826282 829.0397806511274 1147.644409179688 9949889.857570523
565 12433.64142123325 829.0394001878462 1147.64404296875 9949889.870802838
566 12433.6675196461 829.0390071019586 1147.6435546875 9949889.895704281
567 12433.69251273595 829.0386373299381 1147.64306640625 9949889.921456877
568 12433.71845670219 829.0382486060422 1147.642700195313 9949889.938573776
569 12433.74343638382 829.0378803706039 1147.642211914063 9949889.970186379
570 12433.7687447723 829.0374965125889 1147.641845703125 9949889.991350301
571 12433.79310878704 829.0371370245808 1147.641357421875 9949890.014581401
572 12433.81755823129 829.0367732435587 1147.640991210938 9949890.038715655
573 12433.83985367814 829.0364553410893 1147.640502929688 9949890.082180686
574 12433.86224662619 829.0361242223495 1147.64013671875 9949890.147989213
575 12433.88277860842 829.0358260592675 1147.639770507813 9949890.190258086
576 12433.90529777795 829.0355013935458 1147.639404296875 9949890.27852601
577 12433.92707346114 829.0351935285296 1147.639038085938 9949890.346371356
578 12433.95018157088 829.0348527844648 1147.638671875 9949890.403544569
579 12433.97326243718 829.0345122124907 1147.638305664063 9949890.46590817
580 12433.99838485806 829.0341204844389 1147.637817382813 9949890.555145919
581 12434.02436337524 829.0337115718432 1147.637451171875 9949890.631731778
582 12434.05258480985 829.0332573673275 1147.636840820313 9949890.670903867
583 12434.07826047019 829.0328835674754 1147.636474609375 9949890.717861589
584 12434.1135801352 829.0323924999461 1147.635986328125 9949890.743740804
585 12434.14126874347 829.0319481897477 1147.635375976563 9949890.753007602
586 12434.16847746037 829.031496751204 1147.634887695313 9949890.798087666
587 12434.19330899901 829.031078875499 1147.634399414063 9949890.84923231
588 12434.21820684007 829.0306364910246 1147.633911132813 9949890.89833013
589 12434.24193973329 829.0302111233347 1147.633422851563 9949890.918890383
590 12434.26734611667 829.0297554784916 1147.632934570313 9949890.963884372
591 12434.28816698466 829.0294032550596 1147.632446289063 9949891.042140499
592 12434.32245677351 829.0288735954075 1147.631958007813 9949891.059973333
593 12434.34637121243 829.0284735535287 1147.631469726563 9949891.070689365
594 12434.38433482834 829.0278716241316 1147.630859375 9949891.063378347
595 12434.41044494283 829.0274255684329 1147.630249023438 9949891.040080432
596 12434.44478391879 829.0268928037666 1147.629760742188 9949891.019759415
597 12434.48183845311 829.0262758250997 1147.629028320313 9949890.988053624
598 12434.50588658515 829.0258191341325 1147.628540039063 9949890.959899174
599 12434.53984301813 829.0252606308005 1147.627807617188 9949890.922988262
600 12434.55848222109 829.0248970573568 1147.62744140625 9949890.870828798
601 12434.58163643158 829.0245467795261 1147.626953125 9949890.835510645
602 12434.60286666272 829.0242061086303 1147.626586914063 9949890.810295997
603 12434.62152816183 829.0239100176498 1147.626220703125 9949890.792068981
604 12434.64082078922 829.0236092499304 1147.625854492188 9949890.783938613
605 12434.65956086238 829.0233306486103 1147.62548828125 9949890.782941297
606 12434.67983471499 829.023028490615 1147.625122070313 9949890.786093837
607 12434.70339671318 829.0226528734961 1147.624633789063 9949890.792886944
608 12434.72118728306 829.0223785431492 1147.624389648438 9949890.802134892
609 12434.74730137073 829.0219940618481 1147.623901367188 9949890.81244367
610 12434.76684974221 829.0217059093264 1147.62353515625 9949890.822733358
611 12434.79462475316 829.0213091540325 1147.623168945313 9949890.832134712
612 12434.81532050765 829.021011166877 1147.622802734375 9949890.844462015
613 12434.84373216113 829.0206040372487 1147.622314453125 9949890.855389483
614 12434.86779027697 829.0202161428704 1147.621826171875 9949890.869013771
615 12434.8917360255 829.0198549886305 1147.621459960938 9949890.882560251
616 12434.91630106451 829.0194788510094 1147.620971679688 9949890.897780795
617 12434.93988830166 829.0191265815777 1147.62060546875 9949890.912713503
618 12434.96411655449 829.0187605895449 1147.6201171875 9949890.931060858
619 12434.98727989213 829.0184183867385 1147.619750976563 9949890.947044626
620 12435.01086088433 829.0180696286307 1147.619384765625 9949890.970704393
621 12435.03298574222 829.017744150572 1147.619018554688 9949890.996700965
622 12435.05527206309 829.017405296447 1147.618530273438 9949891.021402683
623 12435.07603594149 829.0171012234624 1147.6181640625 9949891.050730761
624 12435.09730437473 829.0167971759951 1147.617797851563 9949891.085347842
625 12435.11701651 829.0165250561336 1147.617553710938 9949891.145765809
626 12435.13736137698 829.0162338771041 1147.6171875 9949891.187825544
627 12435.15726943428 829.015964594248 1147.616821289063 9949891.234984631
628 12435.1783921994 829.0156702580052 1147.616455078125 9949891.295315191
629 12435.19879807613 829.0153830983503 1147.6162109375 9949891.35958254
630 12435.22072675621 829.015057297242 1147.615844726563 9949891.42525976
631 12435.24287546487 829.0147263607062 1147.615478515625 9949891.488510542
632 12435.2673637124 829.0143475659733 1147.614990234375 9949891.571786093
633 12435.29224439579 829.013958856927 1147.614624023438 9949891.791319828
634 12435.32822129661 829.0133861617084 1147.614013671875 9949891.924651358
635 12435.35581153749 829.012944909978 1147.613525390625 9949891.960918833
636 12435.38256258994 829.0125656363126 1147.613037109375 9949891.973947033
637 12435.41527052612 829.0120787535875 1147.612548828125 9949891.987760555
638 12435.43768803398 829.0117028213316 1147.612060546875 9949892.044534821
639 12435.46840247395 829.0111964713921 1147.611572265625 9949892.107869562
640 12435.49000679253 829.0107895627956 1147.611083984375 9949892.164772572
641 12435.51997353319 829.0102740847308 1147.610473632813 9949892.187032331
642 12435.54132164978 829.0098776216992 1147.609985351563 9949892.184192313
643 12435.57292027387 829.0093501667266 1147.609375 9949892.177036861
644 12435.59957602462 829.0088436632051 1147.60888671875 9949892.163660023
645 12435.62370074916 829.0084242008465 1147.6083984375 9949892.15031564
646 12435.65591029151 829.0079313056262 1147.607788085938 9949891.872753397
647 12435.67899410725 829.0075227550816 1147.607299804688 9949891.825882142
648 12435.70774734241 829.0070766725388 1147.606811523438 9949891.772748385
649 12435.73239288565 829.0066760368645 1147.606323242188 9949891.706748972
650 12435.75843328128 829.0062170348685 1147.605834960938 9949891.578098344
651 12435.76930369667 829.0059725243797 1147.60546875 9949891.497405091
652 12435.78646286808 829.0056896658522 1147.605102539063 9949891.491299273
653 12435.80276534382 829.0054482314057 1147.604858398438 9949891.491963306
654 12435.81542911668 829.0052233926191 1147.6044921875 9949891.512478434
655 12435.82777464752 829.0050295907918 1147.604248046875 9949891.538480831
656 12435.84258813095 829.0048090289444 1147.60400390625 9949891.556175843
657 12435.85821251556 829.0045986235456 1147.603759765625 9949891.583924809
658 12435.88208608903 829.0042754926041 1147.603393554688 9949891.625664679
659 12435.89556828039 829.0040655147387 1147.603149414063 9949891.652071115
660 12435.9175990249 829.0037832569832 1147.602905273438 9949891.692769559
661 12435.94261914992 829.0034200182845 1147.602416992188 9949891.712912465
662 12435.96300953845 829.003135445492 1147.602172851563 9949891.736310041
663 12435.99079803423 829.0027452610219 1147.601684570313 9949891.75358345
664 12436.01163824455 829.0024470606235 1147.601318359375 9949891.770588078
665 12436.03982827078 829.002042824075 1147.600952148438 9949891.787979906
666 12436.06335645038 829.0016578570235 1147.600463867188 9949891.805501495
667 12436.08632307256 829.0013052890706 1147.60009765625 9949891.824578196
668 12436.10947147156 829.0009406397062 1147.599609375 9949891.845366132
669 12436.13085622184 829.0006075171591 1147.599243164063 9949891.866049783
670 12436.15263764665 829.0002645172357 1147.598754882813 9949891.891750975
671 12436.17058039108 829.0000194844685 1147.598510742188 9949891.911262181
672 12436.1957757539 828.9996500018453 1147.59814453125 9949891.933425657
673 12436.21234884434 828.9994110509191 1147.597778320313 9949891.962073289
674 12436.2370311965 828.9990463156886 1147.597412109375 9949891.99222316
675 12436.25281305517 828.998826737083 1147.59716796875 9949892.021005809
676 12436.27621378311 828.9984943698284 1147.596801757813 9949892.056311201
677 12436.29096618212 828.9982986362411 1147.596557617188 9949892.097591741
678 12436.31394367699 828.9979812536499 1147.59619140625 9949892.146182442
679 12436.32856143879 828.9977841693623 1147.595947265625 9949892.19992356
680 12436.35114101128 828.9974567261916 1147.595581054688 9949892.25819255
681 12436.36594819454 828.9972492903662 1147.595336914063 9949892.319243675
682 12436.39223434364 828.9968620788015 1147.594848632813 9949892.376654519
683 12436.40884765235 828.9965846098941 1147.594604492188 9949892.430536725
684 12436.43589375314 828.996152378245 1147.594116210938 9949892.46312438
685 12436.45748279701 828.99581743288 1147.59375 9949892.490098033
686 12436.48614475155 828.995381651974 1147.59326171875 9949892.51209292
687 12436.50502674047 828.9951026137363 1147.592895507813 9949892.533713542
688 12436.53223680921 828.9946855501117 1147.592407226563 9949892.557676869
689 12436.54841642856 828.9944189633643 1147.592041015625 9949892.60703267
690 12436.57333238851 828.9940068454308 1147.591674804688 9949892.665522862
691 12436.58945766199 828.9937083817523 1147.59130859375 9949892.721703403
692 12436.61485834199 828.9932669018906 1147.5908203125 9949892.746122943
693 12436.6322595601 828.9929552956792 1147.590454101563 9949892.767167568
694 12436.66007284457 828.9924935033633 1147.589965820313 9949892.785953129
695 12436.68027484937 828.992149553227 1147.589477539063 9949892.800485997
696 12436.7116220631 828.9916268494273 1147.588989257813 9949892.810970346
697 12436.73434566425 828.9912260597949 1147.588500976563 9949892.815296883
698 12436.76760573169 828.9906679039283 1147.587890625 9949892.812057029
699 12436.79056114777 828.9902443358349 1147.58740234375 9949892.802972851
700 12436.82361294285 828.989682679762 1147.586791992188 9949892.78935468
701 12436.84425278957 828.9892994954503 1147.586303710938 9949892.768787416
702 12436.87366206803 828.9887995419344 1147.585815429688 9949892.736884907
703 12436.88832604255 828.9885006959748 1147.585327148438 9949892.71343415
704 12436.9135036405 828.9880842358281 1147.584838867188 9949892.685661692
705 12436.92417011795 828.9878504827866 1147.584594726563 9949892.669321856
706 12436.94638180176 828.9874995201437 1147.584106445313 9949892.65512801
707 12436.95539644874 828.9873085668886 1147.583862304688 9949892.647193611
708 12436.97144465082 828.9870714822197 1147.583618164063 9949892.646393998
709 12436.98704258467 828.986841410377 1147.583374023438 9949892.64983144
710 12437.00890870585 828.9865117909769 1147.5830078125 9949892.659206346
711 12437.02098048427 828.9863055199132 1147.582763671875 9949892.666078992
712 12437.04068060496 828.9860328373213 1147.582397460938 9949892.674736844
713 12437.05982989708 828.9857660287105 1147.582153320313 9949892.682419376
714 12437.08331583325 828.9854034748399 1147.581665039063 9949892.690638892
715 12437.0999747999 828.9851636675389 1147.581420898438 9949892.698422845
716 12437.12417798557 828.9848024782708 1147.5810546875 9949892.708045982
717 12437.13987494462 828.98456919826 1147.580688476563 9949892.717341531
718 12437.16311893474 828.984221313324 1147.580322265625 9949892.728567893
719 12437.17825760482 828.9839953392615 1147.580078125 9949892.739195563
720 12437.2010842475 828.9836514970742 1147.579711914063 9949892.75354483
721 12437.218267561 828.9833666295514 1147.579345703125 9949892.768746875
722 12437.23456512395 828.9831369993461 1147.5791015625 9949892.784733281
723 12437.25584071401 828.9828297235297 1147.578735351563 9949892.802818812
724 12437.27134090478 828.9826048812984 1147.578369140625 9949892.823655395
725 12437.29244257373 828.9823055898083 1147.578125 9949892.846559169
726 12437.30951121727 828.9820317655914 1147.577758789063 9949892.872902429
727 12437.32368588009 828.9818599445301 1147.577514648438 9949892.904062208
728 12437.34397460667 828.9815809497793 1147.577270507813 9949892.942466473
729 12437.35873471354 828.9813579488552 1147.576904296875 9949892.98933292
730 12437.3754725556 828.9811200376106 1147.57666015625 9949893.054545762
731 12437.38881664981 828.9809675668995 1147.576538085938 9949893.091398954
732 12437.41129316971 828.9806502749358 1147.576171875 9949893.16998682
733 12437.42470897111 828.9804479764758 1147.575927734375 9949893.219373943
734 12437.44902017368 828.9800802139565 1147.575561523438 9949893.271849183
735 12437.46546281131 828.9798023423791 1147.5751953125 9949893.300699882
736 12437.492308147 828.9793733377415 1147.57470703125 9949893.326738162
737 12437.51307483198 828.9790096758389 1147.574340820313 9949893.344546013
738 12437.53177589366 828.9787494655217 1147.573974609375 9949893.359915901
739 12437.55591063829 828.9783980380515 1147.573608398438 9949893.374705158
740 12437.57195932089 828.9781463225828 1147.573364257813 9949893.391853454
741 12437.59310540152 828.9778141246596 1147.572998046875 9949893.4120622
742 12437.60775063905 828.9775445518105 1147.572631835938 9949893.43554618
743 12437.62883456401 828.9771825192934 1147.572265625 9949893.459525449
744 12437.64406274378 828.9768935077703 1147.571899414063 9949893.482410608
745 12437.66659064521 828.9765206982256 1147.571411132813 9949893.502008351
746 12437.6872957217 828.9761294817537 1147.571044921875 9949893.518945545
747 12437.70676663754 828.9758132063369 1147.570678710938 9949893.531636329
748 12437.73585419026 828.9753266484777 1147.570190429688 9949893.540387629
749 12437.75721725886 828.9749515308548 1147.569702148438 9949893.542752996
750 12437.78816018883 828.9744254873506 1147.569213867188 9949893.539596407
751 12437.80880319052 828.9740480221626 1147.568725585938 9949893.529947624
752 12437.83804207753 828.9735461911649 1147.568115234375 9949893.516312545
753 12437.85554514789 828.97321294057 1147.567749023438 9949893.498902673
754 12437.88056858435 828.9727858554685 1147.567260742188 9949893.473382803
755 12437.89281672675 828.9725225486104 1147.56689453125 9949893.45702308
756 12437.91416312982 828.9721628171034 1147.566528320313 9949893.438256949
757 12437.92284927652 828.971966965042 1147.566284179688 9949893.427692879
758 12437.94215226242 828.9716565313163 1147.56591796875 9949893.419692351
759 12437.95028434407 828.9714848022511 1147.565673828125 9949893.416255666
760 12437.96918797302 828.9711922009511 1147.565307617188 9949893.417460574
761 12437.97827158096 828.9710208490684 1147.565063476563 9949893.420684328
762 12437.99377938905 828.9707977957813 1147.564819335938 9949893.425971184
763 12438.00895130351 828.9705832768234 1147.564575195313 9949893.431135284
764 12438.0259468467 828.9703368503667 1147.564331054688 9949893.436642373
765 12438.04463059167 828.9700463420708 1147.56396484375 9949893.441115806
766 12438.05909929689 828.9698240373189 1147.563720703125 9949893.447925199
767 12438.07896992655 828.9695322023412 1147.563354492188 9949893.452189347
768 12438.0937579752 828.9693094689596 1147.563110351563 9949893.458023008
769 12438.1138230511 828.9690200432251 1147.562744140625 9949893.464387214
770 12438.12841402029 828.9688008117713 1147.5625 9949893.472301768
771 12438.1481605038 828.9685137714358 1147.562133789063 9949893.481227793
772 12438.16208072875 828.9683028571091 1147.561889648438 9949893.495375399
773 12438.18133343991 828.9680252023996 1147.561645507813 9949893.510719929
774 12438.19717184855 828.9677609741531 1147.561279296875 9949893.524769312
775 12438.21258910265 828.9675268348994 1147.56103515625 9949893.54347085
776 12438.22878126849 828.9672789654149 1147.560791015625 9949893.564982237
777 12438.24381812275 828.9670582241927 1147.560424804688 9949893.587915495
778 12438.25897226087 828.9668431335351 1147.560180664063 9949893.615785681
779 12438.27112315138 828.9667086769554 1147.56005859375 9949893.649598289
780 12438.28833549669 828.9664785049932 1147.559814453125 9949893.690971257
781 12438.29827781063 828.9663664158243 1147.559692382813 9949893.721082559
782 12438.31675154173 828.96611498982 1147.559326171875 9949893.775008084
783 12438.32610201296 828.965983915077 1147.559204101563 9949893.811971389
784 12438.34459324785 828.9657186460782 1147.558959960938 9949893.851534028
785 12438.35925351219 828.9654711940339 1147.55859375 9949893.910596574
786 12438.37339457965 828.9652386159204 1147.558349609375 9949893.943793988
787 12438.39429683607 828.9649241041989 1147.557983398438 9949893.972377045
788 12438.41379310522 828.9645798697519 1147.5576171875 9949893.997072693
789 12438.42842008995 828.9643869653515 1147.557373046875 9949894.016485451
790 12438.45020490208 828.9640666138337 1147.557006835938 9949894.035906486
791 12438.46328915568 828.963871872822 1147.556762695313 9949894.055843022
792 12438.48258090895 828.9635718179791 1147.556518554688 9949894.079668917
793 12438.49397758063 828.9633692369605 1147.556274414063 9949894.110464344
794 12438.51293017266 828.9630388104872 1147.555908203125 9949894.142912187
795 12438.52510378554 828.962809941657 1147.555541992188 9949894.172661163
796 12438.54545128058 828.9624616807106 1147.55517578125 9949894.196920281
797 12438.56239300488 828.9621395022743 1147.554809570313 9949894.216692284
798 12438.58275119359 828.9617747201729 1147.554443359375 9949894.232217243
799 12438.60411840795 828.9613935500777 1147.554077148438 9949894.241862141
800 12438.62767640784 828.9609681321549 1147.553588867188 9949894.246350404
801 12438.64833652345 828.9606212605935 1147.55322265625 9949894.244711038
802 12438.67621172096 828.9601519138538 1147.552612304688 9949894.23486427
803 12438.69427480927 828.959818313731 1147.55224609375 9949894.21696246
804 12438.71944002428 828.9593797300417 1147.5517578125 9949894.194642607
805 12438.7328239259 828.9591165092684 1147.551513671875 9949894.16939985
806 12438.75323049432 828.9587553180623 1147.551025390625 9949894.134553712
807 12438.76151803887 828.9585550158314 1147.55078125 9949894.113494001
808 12438.77603682112 828.9583311518073 1147.550537109375 9949894.102783117
809 12438.78934448651 828.9580796466197 1147.550170898438 9949894.093908595
810 12438.79536837617 828.9579200649123 1147.549926757813 9949894.09206146
811 12438.80964946832 828.9576986332797 1147.549682617188 9949894.094510285
812 12438.81672215673 828.9575436957065 1147.549560546875 9949894.098334465
813 12438.82819596261 828.9573815713754 1147.54931640625 9949894.103447944
814 12438.84110687649 828.9571893607862 1147.549072265625 9949894.109349757
815 12438.85596296409 828.9569566705467 1147.548828125 9949894.114493158
816 12438.86770777474 828.9567738047009 1147.548583984375 9949894.118678806
817 12438.88413270175 828.9565336980759 1147.54833984375 9949894.122150281
818 12438.89658563439 828.9563471503836 1147.548095703125 9949894.126643391
819 12438.91352062827 828.9561006976832 1147.5478515625 9949894.131121071
820 12438.92589964988 828.9559127214734 1147.547607421875 9949894.136610389
821 12438.94253456447 828.9556708481009 1147.54736328125 9949894.142874522
822 12438.95656742529 828.9554356769269 1147.547119140625 9949894.150827834
823 12438.96993404474 828.9552311350321 1147.546875 9949894.161990497
824 12438.98402186077 828.9550124389934 1147.546630859375 9949894.175689993
