cellnumber,    x-coordinate,    y-coordinate,    z-coordinate,     temperature
         1,-1.307251978E-06, 7.489999756E-03, 6.559999287E-02, 3.452209646E+02
         1,-2.561730798E-03, 7.038297597E-03, 6.560000032E-02, 3.632573146E+02
         1,-4.814479034E-03, 5.737673026E-03, 6.560000032E-02, 3.999113863E+02
         1,-6.486530416E-03, 3.745000111E-03, 6.560000032E-02, 4.420322837E+02
         1,-7.376210298E-03, 1.300624805E-03, 6.560000032E-02, 4.779836221E+02
         1,-7.376210764E-03,-1.300624805E-03, 6.560000032E-02, 4.965525131E+02
         1,-6.486530416E-03,-3.745000111E-03, 6.560000032E-02, 5.049315938E+02
         1,-4.814479034E-03,-5.737673026E-03, 6.560000032E-02, 5.021934154E+02
         1,-2.561731031E-03,-7.038297597E-03, 6.560000032E-02, 4.960214427E+02
         1,-2.167787998E-11,-7.490000222E-03, 6.560000032E-02, 4.918834190E+02
         1,-1.307251750E-06, 7.489999291E-03, 7.919999212E-02, 3.314066315E+02
         1,-2.561730798E-03, 7.038297597E-03, 7.919999957E-02, 3.417503625E+02
         1,-4.814479034E-03, 5.737673026E-03, 7.919999957E-02, 3.600331389E+02
         1,-6.486530416E-03, 3.745000111E-03, 7.920000702E-02, 3.826879341E+02
         1,-7.376210298E-03, 1.300624805E-03, 7.919999957E-02, 4.162613424E+02
         1,-7.376210298E-03,-1.300624805E-03, 7.919999957E-02, 4.455084941E+02
         1,-6.486530416E-03,-3.745000111E-03, 7.919999957E-02, 4.662576374E+02
         1,-4.814479500E-03,-5.737673491E-03, 7.919999957E-02, 4.722129357E+02
         1,-2.561730798E-03,-7.038297597E-03, 7.919999957E-02, 4.698121607E+02
         1,-2.167826682E-11,-7.490000222E-03, 7.919999957E-02, 4.668319772E+02
         1,-1.307253228E-06, 7.489999756E-03, 9.279999882E-02, 3.260571860E+02
         1,-2.561730566E-03, 7.038297597E-03, 9.279999882E-02, 3.333535379E+02
         1,-4.814478569E-03, 5.737673026E-03, 9.279999882E-02, 3.436451465E+02
         1,-6.486529019E-03, 3.744999878E-03, 9.279999882E-02, 3.540051713E+02
         1,-7.376209833E-03, 1.300624805E-03, 9.279999882E-02, 3.672154148E+02
         1,-7.376207970E-03,-1.300624572E-03, 9.279999882E-02, 3.801322256E+02
         1,-6.486529950E-03,-3.745000111E-03, 9.279999882E-02, 3.961364467E+02
         1,-4.814479034E-03,-5.737673026E-03, 9.279999882E-02, 4.106451464E+02
         1,-2.561731264E-03,-7.038297597E-03, 9.279999882E-02, 4.178707763E+02
         1,-2.167794590E-11,-7.490000222E-03, 9.279999882E-02, 4.198243097E+02
         1,-1.307251637E-06, 7.489999756E-03, 1.063999981E-01, 3.250895213E+02
         1,-2.561731497E-03, 7.038297132E-03, 1.063999981E-01, 3.320728153E+02
         1,-4.814462736E-03, 5.737709813E-03, 1.063999981E-01, 3.407279690E+02
         1,-6.486536004E-03, 3.745002672E-03, 1.063999981E-01, 3.494177518E+02
         1,-7.376208436E-03, 1.300626202E-03, 1.063999981E-01, 3.579241958E+02
         1,-7.376199123E-03,-1.300620963E-03, 1.063999981E-01, 3.654215553E+02
         1,-6.486532278E-03,-3.745002206E-03, 1.063999981E-01, 3.743031942E+02
         1,-4.814533517E-03,-5.737651139E-03, 1.063999981E-01, 3.828021232E+02
         1,-2.561729401E-03,-7.038298063E-03, 1.063999981E-01, 3.889195432E+02
         1,-2.167899887E-11,-7.490000222E-03, 1.063999981E-01, 3.926905199E+02
         1,-1.307251637E-06, 7.489999756E-03, 1.199999973E-01, 3.221808679E+02
         1,-2.561731497E-03, 7.038297597E-03, 1.199999973E-01, 3.287394641E+02
         1,-4.814465996E-03, 5.737701897E-03, 1.199999973E-01, 3.365624610E+02
         1,-6.486535072E-03, 3.745002206E-03, 1.199999973E-01, 3.458229379E+02
         1,-7.376208901E-03, 1.300625969E-03, 1.199999973E-01, 3.543116263E+02
         1,-7.376200985E-03,-1.300621778E-03, 1.199999973E-01, 3.606099560E+02
         1,-6.486531813E-03,-3.745001741E-03, 1.199999973E-01, 3.679842901E+02
         1,-4.814522341E-03,-5.737655330E-03, 1.199999973E-01, 3.750091087E+02
         1,-2.561729634E-03,-7.038298063E-03, 1.199999973E-01, 3.801149440E+02
         1,-2.167901102E-11,-7.490000222E-03, 1.199999973E-01, 3.833856889E+02
         1,-1.307251637E-06, 7.489999756E-03, 1.335999966E-01, 3.187069772E+02
         1,-2.561729867E-03, 7.038297597E-03, 1.335999966E-01, 3.246956155E+02
         1,-4.814505111E-03, 5.737651605E-03, 1.335999966E-01, 3.316416353E+02
         1,-6.486528553E-03, 3.744999412E-03, 1.335999966E-01, 3.396585748E+02
         1,-7.376208901E-03, 1.300625619E-03, 1.335999966E-01, 3.474388010E+02
         1,-7.376203313E-03,-1.300622476E-03, 1.335999966E-01, 3.538403494E+02
         1,-6.486531347E-03,-3.745001275E-03, 1.335999966E-01, 3.603812369E+02
         1,-4.814511165E-03,-5.737659521E-03, 1.335999966E-01, 3.666886082E+02
         1,-2.561730100E-03,-7.038298063E-03, 1.335999966E-01, 3.714707710E+02
         1,-2.167902143E-11,-7.490000222E-03, 1.335999966E-01, 3.745768206E+02
         1,-1.307251409E-06, 7.489999756E-03, 1.472000033E-01, 3.183191241E+02
         1,-2.561730798E-03, 7.038297597E-03, 1.472000033E-01, 3.224667240E+02
         1,-4.814479034E-03, 5.737673026E-03, 1.472000033E-01, 3.283361457E+02
         1,-6.486530416E-03, 3.745000111E-03, 1.471999884E-01, 3.339038923E+02
         1,-7.376210298E-03, 1.300624805E-03, 1.471999884E-01, 3.401036952E+02
         1,-7.376210764E-03,-1.300624921E-03, 1.472000033E-01, 3.455752809E+02
         1,-6.486530881E-03,-3.745000111E-03, 1.472000033E-01, 3.519899093E+02
         1,-4.814479500E-03,-5.737673491E-03, 1.472000033E-01, 3.580250119E+02
         1,-2.561730798E-03,-7.038297597E-03, 1.472000033E-01, 3.627778531E+02
         1,-2.167840213E-11,-7.489999756E-03, 1.471999884E-01, 3.660233574E+02
         1,-1.307247885E-06, 7.489999756E-03, 1.607999951E-01, 3.119305987E+02
         1,-2.561730798E-03, 7.038297597E-03, 1.607999951E-01, 3.167616096E+02
         1,-4.814479500E-03, 5.737672094E-03, 1.607999951E-01, 3.228231037E+02
         1,-6.486530416E-03, 3.745000809E-03, 1.607999951E-01, 3.278573811E+02
         1,-7.376212161E-03, 1.300626085E-03, 1.607999951E-01, 3.327171819E+02
         1,-7.376211230E-03,-1.300625387E-03, 1.607999951E-01, 3.368556451E+02
         1,-6.486530881E-03,-3.745001275E-03, 1.607999951E-01, 3.422596874E+02
         1,-4.814479034E-03,-5.737673026E-03, 1.607999802E-01, 3.481579738E+02
         1,-2.561730566E-03,-7.038297597E-03, 1.607999951E-01, 3.530199082E+02
         1,-2.167795631E-11,-7.490000222E-03, 1.607999951E-01, 3.565656308E+02
         1,-1.307248453E-06, 7.489999291E-03, 1.744000018E-01, 3.090029478E+02
         1,-2.561730798E-03, 7.038297132E-03, 1.744000018E-01, 3.132155025E+02
         1,-4.814479500E-03, 5.737672560E-03, 1.744000018E-01, 3.182972086E+02
         1,-6.486530416E-03, 3.745000344E-03, 1.744000018E-01, 3.221589968E+02
         1,-7.376212627E-03, 1.300626085E-03, 1.744000018E-01, 3.259621255E+02
         1,-7.376211230E-03,-1.300625154E-03, 1.744000018E-01, 3.293004966E+02
         1,-6.486530881E-03,-3.745001042E-03, 1.744000018E-01, 3.338546587E+02
         1,-4.814479034E-03,-5.737673026E-03, 1.744000018E-01, 3.395329942E+02
         1,-2.561730566E-03,-7.038297597E-03, 1.744000018E-01, 3.445346745E+02
         1,-2.167940653E-11,-7.490000222E-03, 1.744000018E-01, 3.483751677E+02
