"report-file-0"
"Iteration" "cs-htc etc.."
("Iteration" "cs-htc" "cs-temp" "max-temp" "p-in")
1 -0.5149728902530873 521.6664799233779 522.4942016601563 9770611.534218173
2 -0.07232972496248045 573.8331224344016 574.60302734375 9772085.645487955
3 -0.03215363197861161 631.2164338527275 632.0068359375 9773972.899018664
4 -0.05729051133929357 694.3380792995696 695.1510620117188 9775655.152095295
5 -0.07180409901594663 763.771889362983 764.6097412109375 9776419.47752719
6 -0.08922930813725476 822.0172785100013 841.01416015625 9778121.899252623
7 9980.247055867749 827.2599937819231 925.05859375 9778632.183708178
8 10324.88759754244 837.0452338389537 1017.506652832031 9779118.312162427
9 10987.47232998778 844.3645641008189 1119.197998046875 9779602.105120696
10 11327.79484140421 847.8074185941737 1161.461181640625 9779879.140629914
11 11387.27385407752 852.2794519564507 1186.373657226563 9780287.013429614
12 11515.28861438564 855.9587035463776 1201.454345703125 9780482.174432177
13 11684.25570983866 858.6142296410266 1211.612426757813 9780746.965796674
14 11887.31887067 859.716400190555 1217.774780273438 9780907.375756402
15 12075.83877348194 859.5929279425019 1221.215698242188 9781043.842288313
16 12243.19197585314 858.8790157867983 1222.97607421875 9781203.100795317
17 12391.46577630334 857.9191446800103 1223.737426757813 9781346.381038891
18 12527.77596944199 856.7548496064915 1223.724975585938 9781459.47036309
19 12651.74948628234 855.3664929034113 1223.066772460938 9781616.106249822
20 12762.69637904368 853.8159756648565 1221.9375 9781776.21488326
21 12864.1552232607 852.0340444342047 1220.295654296875 9781898.77460614
22 12946.40002842353 850.2791853062138 1218.521484375 9781978.055682389
23 13025.0466330842 848.4743867030703 1216.612915039063 9782098.417514035
24 13098.88254015871 846.7249736949456 1214.682250976563 9782153.885000613
25 13162.19163897059 845.1407145905599 1212.877685546875 9782227.91438547
26 13245.36472611628 843.002584383525 1210.576171875 9782781.589548441
27 13304.84433800007 841.5568063586289 1208.849365234375 9782827.280701935
28 13369.97851732607 840.1573374060265 1207.176513671875 9782835.106334766
29 13423.95883933343 838.787761883861 1205.475463867188 9782837.371582638
30 13453.04069000043 837.7808474657489 1204.192016601563 9782838.546610625
31 13478.59886247097 836.9313826608545 1203.075561523438 9782839.056207642
32 13493.41141579858 836.2135538847177 1202.119873046875 9782838.970218338
33 13499.70064865355 835.7087891011832 1201.448120117188 9782838.589827588
34 13513.6338066748 835.1678940577655 1200.734619140625 9782838.45370663
35 13520.59627359487 834.6907286676043 1200.086181640625 9782837.879196066
36 13519.77097244935 834.4401633591816 1199.720336914063 9782836.123504786
37 13521.65602605036 834.246135464405 1199.404174804688 9782834.934527634
38 13516.11143230266 834.1528143711874 1199.21044921875 9782833.85584946
39 13510.76097547855 834.092289441517 1199.072265625 9782833.065110845
40 13505.83414672603 834.047864950609 1198.97216796875 9782832.24681627
41 13501.38504319521 834.0171963379483 1198.89794921875 9782830.821207743
42 13496.43844744017 834.0084974920862 1198.850952148438 9782828.118681336
43 13489.54557443586 834.0384127243676 1198.841552734375 9782827.124678915
44 13480.33888465705 834.1161318918029 1198.882934570313 9782826.013071889
45 13471.14538426484 834.2061975082274 1198.955932617188 9782824.599139631
46 13463.79336609324 834.2972720458968 1199.046875 9782824.313689888
47 13457.90464755278 834.380630132341 1199.143432617188 9782823.956162412
48 13453.24532987393 834.455418693237 1199.232666015625 9782823.517086117
49 13447.96913619426 834.537845986956 1199.3251953125 9782823.13699911
50 13441.77423304476 834.6310038017311 1199.421630859375 9782823.067508871
51 13434.67445314982 834.7340386949213 1199.530639648438 9782823.316846687
52 13428.22249415366 834.8341757921803 1199.643310546875 9782823.737252681
53 13422.65821650437 834.9306897798982 1199.759887695313 9782824.610393986
54 13418.09841341928 835.0171376067399 1199.866455078125 9782825.306762736
55 13413.51529552727 835.1018047284082 1199.968017578125 9782826.069456048
56 13408.26065674425 835.1943179337587 1200.073120117188 9782827.290986896
57 13402.4167178384 835.2950865618293 1200.185546875 9782828.461870467
58 13397.28074051216 835.3860513799514 1200.2890625 9782831.464573994
59 13392.62050043396 835.474267902722 1200.3935546875 9782833.053687697
60 13389.14644261349 835.5504089382704 1200.48828125 9782837.311514387
61 13385.93922590374 835.6264475841447 1200.580810546875 9782838.583255881
62 13382.65193620043 835.7038583602615 1200.671997070313 9782839.43212497
63 13378.8232334255 835.7870868764644 1200.7666015625 9782840.222541213
64 13374.83094024153 835.8732303751412 1200.864501953125 9782841.106840413
65 13371.15324421543 835.9572549655172 1200.962158203125 9782843.046657512
66 13367.97798040801 836.0362078094723 1201.056396484375 9782844.065772984
67 13365.19723310847 836.1105543051741 1201.145874023438 9782845.872898556
68 13362.45167096838 836.1824349830393 1201.231567382813 9782847.284801995
69 13359.52835087296 836.2544211398475 1201.315307617188 9782848.444316255
70 13356.36990692717 836.3272519366483 1201.399047851563 9782850.065761819
71 13353.03202885161 836.4053989721886 1201.491088867188 9782851.330373202
72 13350.55336698465 836.4711565815456 1201.568725585938 9782852.981936814
73 13348.04109561342 836.5297896784086 1201.639770507813 9782857.84835688
74 13345.72550291141 836.5870480128066 1201.708740234375 9782859.676254001
75 13343.50101689096 836.6424410992088 1201.774536132813 9782860.793861058
76 13340.97127465512 836.7034485371266 1201.847045898438 9782862.634525251
77 13338.93906406954 836.7552636954626 1201.907836914063 9782863.712699097
78 13336.60635162018 836.8066660780695 1201.968139648438 9782864.84111372
79 13334.48028815703 836.8563167432618 1202.02685546875 9782866.095527545
80 13332.46914243126 836.9043559725974 1202.083618164063 9782867.413782479
81 13330.92102683402 836.9393914670377 1202.128295898438 9782879.284668127
82 13328.95588643656 836.9857664624907 1202.183715820313 9782879.909338038
83 13327.4427824469 837.0286499961392 1202.235229492188 9782880.406403841
84 13325.80771703539 837.0702799819359 1202.284790039063 9782881.427545678
85 13324.20062357261 837.109733102623 1202.331909179688 9782882.260131547
86 13322.74208802519 837.1443586529931 1202.372314453125 9782882.864024006
87 13321.10536360288 837.1793236099428 1202.412841796875 9782883.770336725
88 13319.40365691415 837.2165755064273 1202.456665039063 9782885.441337612
89 13317.96491328137 837.2498920773062 1202.494873046875 9782885.994862165
90 13316.15780896338 837.2872154185706 1202.5380859375 9782886.564599082
91 13314.55580398361 837.3235555182694 1202.580078125 9782887.677135736
92 13313.03738761353 837.3553782390254 1202.616333007813 9782888.409008944
93 13311.24648759631 837.3908104295497 1202.657470703125 9782888.9739036
94 13309.71323614601 837.424749892602 1202.696899414063 9782889.594998071
95 13308.24498911122 837.4550209974383 1202.731323242188 9782890.524894835
96 13306.62527146789 837.4855162302296 1202.765991210938 9782891.512992965
97 13305.06937125186 837.5156961641917 1202.800415039063 9782892.133326929
98 13303.56106826418 837.5454246348444 1202.83447265625 9782892.909090301
99 13301.98367897887 837.5775894067231 1202.8720703125 9782893.573725905
100 13300.59794355557 837.6080119715343 1202.90771484375 9782894.317978445
101 13299.31161929986 837.6340304677461 1202.937866210938 9782895.588090999
102 13297.95288219149 837.6586934253049 1202.966674804688 9782897.693667211
103 13296.60195239436 837.6850224301717 1202.997924804688 9782899.545464892
104 13295.52319834061 837.7077032399196 1203.0244140625 9782900.132987626
105 13294.32417200851 837.7303411397542 1203.05078125 9782900.626986874
106 13293.12734230499 837.7541646580453 1203.078979492188 9782901.476523152
107 13292.13111703806 837.7745213429226 1203.102783203125 9782902.109288532
108 13291.01635978454 837.7946185047051 1203.126953125 9782904.473926699
109 13290.00684592211 837.8149325886827 1203.15087890625 9782904.889985926
110 13288.99524835403 837.8350539297965 1203.174682617188 9782905.248484218
111 13288.04084529409 837.8540255871471 1203.197021484375 9782905.878699021
112 13287.09073884901 837.8718258813889 1203.21826171875 9782906.46575374
113 13286.2506410881 837.8865897729072 1203.235107421875 9782906.791651569
114 13285.25006451972 837.9028079061119 1203.25390625 9782907.715727063
115 13284.41993222211 837.9172517303986 1203.270385742188 9782908.193782499
116 13283.56299238542 837.9303797986222 1203.285522460938 9782909.933820667
117 13282.70895462328 837.944360510704 1203.301391601563 9782910.196092214
118 13281.90202395743 837.9578809642302 1203.31689453125 9782910.45338429
119 13281.06401858981 837.9724019508934 1203.333862304688 9782910.798777325
120 13280.31013018863 837.9862349593582 1203.349975585938 9782911.061895639
121 13279.55309828776 837.9994756207698 1203.365356445313 9782911.32934032
122 13278.84526102459 838.0111123565044 1203.378662109375 9782911.819611952
123 13278.03654107271 838.024198864512 1203.393920898438 9782912.3411669
124 13277.41010516995 838.0348516111226 1203.406005859375 9782912.664333602
125 13276.70041145602 838.0454918913163 1203.418212890625 9782912.970707625
126 13276.02501819571 838.0560625590947 1203.43017578125 9782913.294834314
127 13275.33460955628 838.0673069650869 1203.443237304688 9782913.576937309
128 13274.74818371823 838.0769635460238 1203.454223632813 9782913.951313475
129 13274.14110822401 838.0857879563127 1203.464477539063 9782914.883922284
130 13273.51698412417 838.0956959715409 1203.475952148438 9782915.294404645
131 13272.97668417153 838.1046902082758 1203.486450195313 9782915.55539928
132 13272.46499416095 838.1125081008131 1203.495483398438 9782915.959663747
133 13271.91186250627 838.1207751021507 1203.505126953125 9782916.214108752
134 13271.45306268635 838.1276713500968 1203.513061523438 9782916.7982243
135 13270.96250338726 838.1345320931769 1203.521240234375 9782917.732745744
136 13270.5404332804 838.1406162889775 1203.5283203125 9782918.018453989
137 13270.106450098 838.1465086002853 1203.535034179688 9782918.188651649
138 13269.67204668676 838.152753569552 1203.542358398438 9782918.360956321
139 13269.29224446159 838.1580919348118 1203.548461914063 9782918.532788059
140 13268.86690228185 838.1638284484972 1203.555053710938 9782918.744991351
141 13268.47830934493 838.1692392842009 1203.561279296875 9782918.949787056
142 13268.09354290005 838.1743697815976 1203.567138671875 9782919.148263818
143 13267.71617171732 838.1793131580799 1203.57275390625 9782919.573365116
144 13267.37266206347 838.1832926594909 1203.577270507813 9782919.879887082
145 13267.01958609932 838.187348023295 1203.581909179688 9782920.344393728
146 13266.70065620915 838.1912756098305 1203.58642578125 9782920.558455432
147 13266.3911252551 838.194958671286 1203.590698242188 9782920.848196881
148 13266.10089789627 838.1980975840969 1203.59423828125 9782921.029753437
149 13265.80067061663 838.2013694988078 1203.598022460938 9782921.188694391
150 13265.53323388134 838.2041687134816 1203.60107421875 9782921.364718961
151 13265.2465391299 838.2071632415377 1203.6044921875 9782921.690532232
152 13264.99342424865 838.2095509009458 1203.607177734375 9782921.996368794
153 13264.73809175358 838.2117457322544 1203.609619140625 9782922.190596465
154 13264.49408185556 838.2138615719308 1203.612060546875 9782922.45987932
155 13264.26172448843 838.2157434953842 1203.614135742188 9782922.649329288
156 13264.03107912584 838.2176739612618 1203.616333007813 9782922.84526943
157 13263.81599048666 838.2193565313218 1203.6181640625 9782923.042446131
158 13263.60929008911 838.220771419719 1203.619750976563 9782923.267041733
159 13263.40328205534 838.2221053243642 1203.621215820313 9782923.562271783
160 13263.20697287239 838.2232321362998 1203.622436523438 9782923.746969309
161 13263.02185935525 838.2242026865435 1203.62353515625 9782923.947776532
162 13262.83900387841 838.2251217541369 1203.62451171875 9782924.263400836
163 13262.66839327559 838.2257294166812 1203.625244140625 9782924.407571994
164 13262.50073048358 838.2262744800724 1203.625732421875 9782924.624162417
165 13262.3431747633 838.2266288242241 1203.626098632813 9782924.829680307
166 13262.21931776663 838.2260286458476 1203.625610351563 9782925.869006997
167 13262.07840329436 838.2259832122253 1203.62548828125 9782926.011141576
168 13261.95813567649 838.2258072597945 1203.625366210938 9782926.192289997
169 13261.8478731353 838.2253180215457 1203.624755859375 9782926.318724466
170 13261.73479433244 838.2247609906658 1203.6240234375 9782926.411321947
171 13261.63099806961 838.224097520584 1203.623291015625 9782926.505708054
172 13261.53548285161 838.2233195975313 1203.622314453125 9782926.640749523
173 13261.45829341006 838.2221180617481 1203.620971679688 9782926.791430986
174 13261.35371351149 838.2212671048611 1203.619995117188 9782926.944013601
175 13261.30486686876 838.2198381172948 1203.618286132813 9782927.097992737
176 13261.20275097861 838.2188595944734 1203.617065429688 9782927.254083797
177 13261.14227211027 838.2175394573837 1203.615478515625 9782927.483581809
178 13261.03626063504 838.2165621511193 1203.6142578125 9782927.753525039
179 13260.96727409358 838.2151039715019 1203.612548828125 9782927.915441083
180 13260.8543742606 838.2139694442546 1203.611083984375 9782928.074693732
181 13260.76074568392 838.2128751499559 1203.609619140625 9782928.271850673
182 13260.72614416677 838.2100743732607 1203.606689453125 9782929.841381863
183 13260.63738844563 838.2086101607063 1203.604858398438 9782929.917822231
184 13260.59536615265 838.2069194511162 1203.602905273438 9782929.981435791
185 13260.55528238099 838.2049745484552 1203.6005859375 9782930.032389155
186 13260.50531598593 838.2030787125765 1203.598388671875 9782930.093583584
187 13260.45447784289 838.2012317845881 1203.596069335938 9782930.151191402
188 13260.39163661155 838.1996773254975 1203.59423828125 9782930.237353094
189 13260.3362748685 838.1980858736677 1203.59228515625 9782930.309248857
190 13260.27919031065 838.1963423877817 1203.590209960938 9782930.383766798
191 13260.20118677524 838.1948821819307 1203.58837890625 9782930.484548608
192 13260.13243409139 838.1934574148768 1203.586547851563 9782930.57085898
193 13260.06248842908 838.1920265677891 1203.584838867188 9782930.739736049
194 13260.03329918571 838.1893807868429 1203.58203125 9782931.971653592
195 13259.99400845415 838.1871375569775 1203.579467773438 9782932.392546488
196 13259.97544444719 838.1848283704918 1203.576782226563 9782932.424596351
197 13259.95064922628 838.1825552612233 1203.574096679688 9782932.433482431
198 13259.92441514077 838.1803745829905 1203.571411132813 9782932.441922218
199 13259.89083309406 838.1783487262712 1203.569091796875 9782932.553893073
200 13259.85708448555 838.1764650875009 1203.56689453125 9782932.597433962
201 13259.81733214181 838.1746224200773 1203.564697265625 9782932.629062679
202 13259.77644013155 838.1726880578456 1203.562377929688 9782932.832767086
203 13259.73429766446 838.1707325862158 1203.559936523438 9782932.86590381
204 13259.67700902209 838.1689592101769 1203.557739257813 9782932.906703318
205 13259.61993839045 838.1673309653044 1203.5556640625 9782932.961748147
206 13259.55347074365 838.1660151765501 1203.554077148438 9782933.023143874
207 13259.49806686425 838.1646822329994 1203.552490234375 9782933.102591056
208 13259.43747665117 838.1633773795198 1203.550903320313 9782933.173562324
209 13259.38328869946 838.161937211274 1203.549194335938 9782933.415239356
210 13259.33577729099 838.1603114941182 1203.54736328125 9782933.846098427
211 13259.28687813216 838.1588239857208 1203.545532226563 9782933.909842601
212 13259.24969758061 838.1571618101993 1203.543701171875 9782934.147611357
213 13259.21101389066 838.1555576218899 1203.541748046875 9782934.205764409
214 13259.17563948114 838.1539364512316 1203.539916992188 9782934.297632178
215 13259.14080627643 838.1522998166803 1203.537963867188 9782934.383149501
216 13259.10397515276 838.150697199341 1203.5361328125 9782934.506486399
217 13259.09718422952 838.1482463449736 1203.533447265625 9782935.33936204
218 13259.07253075848 838.1463455073894 1203.53125 9782935.403957715
219 13259.06089727214 838.1443747829443 1203.529052734375 9782935.439039489
220 13259.0453703743 838.1424424317482 1203.52685546875 9782935.467557156
221 13259.02831426946 838.1405409625341 1203.524536132813 9782935.506912582
222 13259.00693117647 838.1386955968874 1203.5224609375 9782935.564369183
223 13258.98149943263 838.1368931331926 1203.520263671875 9782935.624129238
224 13258.9586304671 838.1349980963457 1203.517944335938 9782935.686473938
225 13258.91623900257 838.133425610266 1203.51611328125 9782935.841629943
226 13258.89449209907 838.1315970503709 1203.513916015625 9782935.909035467
227 13258.85183187722 838.1300626494728 1203.512084960938 9782935.989808429
228 13258.82343919466 838.1285406395472 1203.510375976563 9782936.059916196
229 13258.79237776945 838.1270031494937 1203.508544921875 9782936.167178078
230 13258.76481559703 838.1253605925413 1203.506591796875 9782936.248243282
231 13258.73022614227 838.1237646389473 1203.504638671875 9782936.333801433
232 13258.69646992071 838.122246416827 1203.502807617188 9782936.483752213
233 13258.66083479024 838.1208418984384 1203.501220703125 9782936.582759567
234 13258.63977890083 838.1192856534169 1203.499389648438 9782936.680482168
235 13258.62129793274 838.1175030575222 1203.497436523438 9782936.983640186
236 13258.59825820202 838.1158489733265 1203.495483398438 9782937.098094491
237 13258.58369721383 838.1141100364788 1203.493530273438 9782937.217276471
238 13258.57550150027 838.112322541203 1203.491455078125 9782937.328649918
239 13258.57604496204 838.1104384891993 1203.489379882813 9782937.44551247
240 13258.57531930994 838.1086829327944 1203.487426757813 9782937.611846663
241 13258.59199261545 838.1066806708873 1203.4853515625 9782937.765285222
242 13258.61858440543 838.1043059155356 1203.482666015625 9782937.846363096
243 13258.62876734306 838.1021210405097 1203.480224609375 9782937.960838407
244 13258.66306655757 838.099632742525 1203.477416992188 9782938.093831481
245 13258.68225461729 838.0971307969439 1203.474609375 9782938.17990117
246 13258.70552550863 838.0946432366657 1203.4716796875 9782938.269160129
247 13258.72779378492 838.0921980456149 1203.468872070313 9782938.350644788
248 13258.74971557981 838.0897739182358 1203.466186523438 9782938.432418067
249 13258.76112741773 838.0876040580371 1203.463745117188 9782938.521726444
250 13258.78358849112 838.0853814196306 1203.461181640625 9782938.609093033
251 13258.81096353073 838.0829021145541 1203.458251953125 9782938.692819694
252 13258.81461583026 838.0807417825021 1203.455810546875 9782938.778990258
253 13258.83470328688 838.07852788271 1203.453247070313 9782938.86633716
254 13258.85134644287 838.0763095748564 1203.450805664063 9782938.993821038
255 13258.87634623605 838.0738581081154 1203.447875976563 9782939.085836083
256 13258.88751843919 838.0715284034744 1203.445190429688 9782939.178719938
257 13258.89574039014 838.0694704437121 1203.44287109375 9782939.260461608
258 13258.91524653119 838.0674017069803 1203.4404296875 9782939.342579011
259 13258.93333327888 838.0652866583565 1203.438110351563 9782939.426755957
260 13258.94915184368 838.0631994277381 1203.435668945313 9782939.518070003
261 13258.97442803999 838.0608720036097 1203.432983398438 9782939.61378783
262 13258.97764274595 838.0588776972028 1203.4306640625 9782939.689486524
263 13258.9984268618 838.0568243112416 1203.428344726563 9782939.782212865
264 13259.01442969627 838.0548005956844 1203.426025390625 9782939.865200397
265 13259.0393156886 838.0525524410871 1203.42333984375 9782939.98156013
266 13259.05242549241 838.0503682594092 1203.420776367188 9782940.062369075
267 13259.06860016352 838.0482565121334 1203.41845703125 9782940.316570939
268 13259.09694996784 838.0461348485434 1203.416015625 9782940.506349042
269 13259.13148473921 838.0438162755266 1203.413330078125 9782940.56992347
270 13259.15454723176 838.0415801076513 1203.410766601563 9782940.634257311
271 13259.17364998764 838.0395843358394 1203.408569335938 9782940.729087159
272 13259.20622119509 838.037464911934 1203.406127929688 9782940.904370941
273 13259.24490060328 838.0350633662217 1203.4033203125 9782941.053528836
274 13259.26992475536 838.0327844376799 1203.400756835938 9782941.106976457
275 13259.30022810487 838.0305155559121 1203.398071289063 9782941.232609745
276 13259.32278749232 838.0285024990625 1203.395751953125 9782941.35320675
277 13259.36329244436 838.0262676787145 1203.393188476563 9782941.399630271
278 13259.38063434438 838.0243324112305 1203.390991210938 9782941.457915552
279 13259.42005245771 838.0221184635119 1203.388427734375 9782941.501443818
280 13259.44006118442 838.0200261963747 1203.385986328125 9782941.613773003
281 13259.4667829182 838.0179370048743 1203.383544921875 9782941.759866931
282 13259.48441166739 838.0161161280259 1203.381469726563 9782941.870355763
283 13259.5222848357 838.0139901644176 1203.379028320313 9782941.970758131
284 13259.53661844608 838.0121773382773 1203.376953125 9782942.02660512
285 13259.58838742352 838.0096883225507 1203.374145507813 9782942.460699074
286 13259.6068021744 838.0078084537503 1203.371948242188 9782942.480775161
287 13259.65373800486 838.0056588076571 1203.369506835938 9782942.510662267
288 13259.68705207032 838.0034786379701 1203.366943359375 9782942.647671388
289 13259.72148132283 838.0013814755443 1203.364624023438 9782942.734188257
290 13259.7515981693 837.9994527298159 1203.362426757813 9782942.87929151
291 13259.79841138869 837.9972875019803 1203.35986328125 9782942.98964767
292 13259.82308716772 837.9954090796441 1203.357788085938 9782943.060011208
293 13259.8597836197 837.9935108052343 1203.355590820313 9782943.104936812
294 13259.89569734651 837.9915297261596 1203.353271484375 9782943.108280409
295 13259.92095148368 837.9896302235663 1203.350952148438 9782943.11205871
296 13259.94310820895 837.9878458347079 1203.348876953125 9782943.121727861
297 13259.96367329699 837.9861327515314 1203.346801757813 9782943.135023504
298 13259.98039134605 837.9845143681006 1203.344970703125 9782943.154153194
299 13259.99024375707 837.9831098894203 1203.34326171875 9782943.17808927
300 13260.01597306693 837.981455742732 1203.34130859375 9782943.330835324
301 13260.03148325117 837.9798149707565 1203.339477539063 9782943.471204359
302 13260.05121498398 837.9781915468154 1203.337524414063 9782943.590615578
303 13260.07096232436 837.9766504301707 1203.335815429688 9782943.605527984
304 13260.08642064937 837.9752897266565 1203.334228515625 9782943.622576559
305 13260.11001324269 837.9738900692884 1203.332641601563 9782943.643843995
306 13260.13506926727 837.9723639663787 1203.330810546875 9782943.670385614
307 13260.15082548168 837.9708999505015 1203.3291015625 9782943.701669378
308 13260.16735388376 837.9694925865108 1203.327514648438 9782943.764624242
309 13260.18467152665 837.9680757142598 1203.325805664063 9782943.800008025
310 13260.19690796577 837.9668151919485 1203.324340820313 9782943.8563531
311 13260.22274685446 837.9653504971218 1203.322631835938 9782943.91728789
312 13260.25142449121 837.9635736284321 1203.32080078125 9782944.432426451
313 13260.28202406336 837.9619929074037 1203.31884765625 9782944.446172066
314 13260.307268837 837.9605489298211 1203.317260742188 9782944.458318997
315 13260.34657953176 837.9589166214477 1203.3154296875 9782944.471765241
316 13260.36935146477 837.957495645088 1203.313720703125 9782944.487246439
317 13260.40154916375 837.9560308358062 1203.312133789063 9782944.5232249
318 13260.4287915704 837.9545958932956 1203.310424804688 9782944.543723958
319 13260.46352954433 837.9528993309463 1203.30859375 9782944.867815951
320 13260.48954799877 837.9514476353437 1203.306884765625 9782944.876219366
321 13260.52587261875 837.9498219531059 1203.304931640625 9782944.886208437
322 13260.55653743681 837.9481381934107 1203.302978515625 9782945.054479817
323 13260.58450741217 837.946613162927 1203.301147460938 9782945.063471945
324 13260.60837830449 837.945273580367 1203.299682617188 9782945.080763049
325 13260.6434996429 837.9437704888521 1203.2978515625 9782945.092239937
326 13260.66590462417 837.9423673206122 1203.296264648438 9782945.125013338
327 13260.68914270032 837.9409974471351 1203.294555664063 9782945.163358923
328 13260.71068144351 837.9396790466168 1203.293090820313 9782945.182615345
329 13260.73233856163 837.9383949387943 1203.29150390625 9782945.219605293
330 13260.75168359348 837.937166692547 1203.2900390625 9782945.258002771
331 13260.77187023831 837.9359447227273 1203.288696289063 9782945.304126907
332 13260.79083130338 837.9347674562763 1203.287231445313 9782945.337587146
333 13260.81031007485 837.9335912502573 1203.285888671875 9782945.371465297
334 13260.82858792245 837.9324418845209 1203.284545898438 9782945.422913253
335 13260.847155182 837.9312919513403 1203.283203125 9782945.456994435
336 13260.86213346358 837.9302732864046 1203.281982421875 9782945.502092028
337 13260.88399983035 837.9292126289516 1203.28076171875 9782945.541060485
338 13260.92497515461 837.9275596747826 1203.279052734375 9782946.163266268
339 13260.95725949076 837.9261612475108 1203.277465820313 9782946.175998511
340 13260.98951911477 837.9248605440235 1203.276000976563 9782946.189179013
341 13261.02929834805 837.9235159846035 1203.2744140625 9782946.192948762
342 13261.06638847917 837.9221804043734 1203.27294921875 9782946.203293836
343 13261.10124540307 837.9208475025572 1203.271362304688 9782946.219193567
344 13261.13694925686 837.9194241214993 1203.269775390625 9782946.249678208
345 13261.16484614171 837.918021843283 1203.268188476563 9782946.430616166
346 13261.20292210771 837.916571143555 1203.266479492188 9782946.4966425
347 13261.22683644386 837.9153538773016 1203.265014648438 9782946.501985792
348 13261.25846100278 837.914145238875 1203.263549804688 9782946.508974038
349 13261.28620474608 837.9129626721873 1203.26220703125 9782946.520000083
350 13261.31194915947 837.9118160695904 1203.260864257813 9782946.547440162
351 13261.33585976137 837.9106986108653 1203.259521484375 9782946.56939028
352 13261.3589015926 837.9095861195937 1203.258178710938 9782946.618906731
353 13261.38257758895 837.9084461761704 1203.256958007813 9782946.70237869
354 13261.40336629592 837.9073958794379 1203.255615234375 9782946.723265318
355 13261.42607555389 837.906338054981 1203.25439453125 9782946.751976222
356 13261.44753747548 837.9053103464568 1203.253173828125 9782946.776634185
357 13261.46923952959 837.9042892436427 1203.252075195313 9782946.826921329
358 13261.49449500705 837.9031642018108 1203.250732421875 9782946.976203747
359 13261.52111291639 837.9020321171481 1203.249389648438 9782947.101052467
360 13261.55040780033 837.9008957481215 1203.248168945313 9782947.182817068
361 13261.58007722502 837.8997711513171 1203.246826171875 9782947.217169413
362 13261.61327290202 837.8985615275888 1203.245361328125 9782947.245256843
363 13261.64053372085 837.8973838332359 1203.244018554688 9782947.274014292
364 13261.66392959072 837.8963658647488 1203.242797851563 9782947.308976149
365 13261.69806969434 837.8952078516247 1203.241455078125 9782947.324995214
366 13261.72347150314 837.8940902168254 1203.240234375 9782947.349227138
367 13261.74731610438 837.8930580690463 1203.238891601563 9782947.39037687
368 13261.77227930313 837.8920166334387 1203.237670898438 9782947.412778154
369 13261.79462890533 837.8910367713385 1203.236572265625 9782947.436471419
370 13261.8176011553 837.8900878409411 1203.235473632813 9782947.46706754
371 13261.8369435797 837.8892336591799 1203.234497070313 9782947.506074976
372 13261.86028668244 837.8883589258342 1203.2333984375 9782947.536566688
373 13261.88584975697 837.8873758410942 1203.232299804688 9782947.577025045
374 13261.9056170968 837.8864417664366 1203.231201171875 9782947.617934929
375 13261.92440115904 837.8856057118677 1203.230224609375 9782947.675312912
376 13261.94892733347 837.8847361560433 1203.229248046875 9782947.704425385
377 13261.97312291659 837.8838531344402 1203.228149414063 9782947.740160301
378 13261.99711616987 837.8829802107815 1203.227172851563 9782947.803464364
379 13262.02642817877 837.8819371316163 1203.225952148438 9782947.835464591
380 13262.04330453879 837.8811016384155 1203.224975585938 9782947.900072487
381 13262.07064343753 837.8801982402759 1203.223999023438 9782947.957895651
382 13262.10825326413 837.8789437249998 1203.222534179688 9782948.209834531
383 13262.14335572984 837.8776688927378 1203.22119140625 9782948.517780844
384 13262.18693289369 837.8764531130715 1203.2197265625 9782948.527515694
385 13262.22846130717 837.875214121822 1203.218383789063 9782948.534694616
386 13262.26824240322 837.8740214119694 1203.216918945313 9782948.541417146
387 13262.30393968507 837.8729674627501 1203.215698242188 9782948.543459736
388 13262.34594462725 837.8718148049057 1203.21435546875 9782948.546087332
389 13262.37414789227 837.8708152487164 1203.213256835938 9782948.564847315
390 13262.40331295766 837.869897605739 1203.212158203125 9782948.573785119
391 13262.43956252737 837.8687834949496 1203.210815429688 9782948.585324207
392 13262.45670006166 837.8679534548248 1203.209838867188 9782948.597473327
393 13262.48677079618 837.8670287841079 1203.208740234375 9782948.621104319
394 13262.50407248949 837.8663104232243 1203.207885742188 9782948.646908157
395 13262.53874042187 837.8652937683828 1203.206665039063 9782948.683318639
396 13262.55170201945 837.8645280705437 1203.205810546875 9782948.706723787
397 13262.57717549599 837.8637168262566 1203.204833984375 9782948.733243257
398 13262.59702103791 837.8630081605845 1203.203979492188 9782948.763733357
399 13262.63059650814 837.8620291615658 1203.202880859375 9782948.795588432
400 13262.64147206728 837.8613762515016 1203.202026367188 9782948.831196545
401 13262.66900793049 837.8606405233757 1203.201171875 9782948.86618837
402 13262.69326605524 837.8598914665731 1203.200317382813 9782948.898971226
403 13262.72176100432 837.8590299979012 1203.199340820313 9782948.923165286
404 13262.74227888632 837.8582830342557 1203.198486328125 9782948.96115108
405 13262.76928831209 837.8575054122434 1203.197631835938 9782948.984883036
406 13262.79501744232 837.8567322662665 1203.19677734375 9782949.023871243
407 13262.82392376174 837.8558593882588 1203.195678710938 9782949.077340048
408 13262.85425444472 837.8548498420485 1203.194580078125 9782949.111872103
409 13262.87045106519 837.854140826907 1203.193725585938 9782949.151668174
410 13262.90462917719 837.8532811333976 1203.192626953125 9782949.190129584
411 13262.93177290726 837.8524026852626 1203.191650390625 9782949.226767378
412 13262.95829055397 837.8515669717409 1203.190673828125 9782949.261787577
413 13262.98767454822 837.8507132138435 1203.189697265625 9782949.297201764
414 13263.01629980606 837.8498754993312 1203.188720703125 9782949.322727587
415 13263.04567235392 837.8490326904287 1203.187744140625 9782949.349575607
416 13263.07423755674 837.8482057227144 1203.186767578125 9782949.377728099
417 13263.10407483207 837.8473374431258 1203.185791015625 9782949.424348118
418 13263.12934643604 837.846527702323 1203.184814453125 9782949.466951422
419 13263.15883459859 837.8456915268281 1203.183837890625 9782949.501843408
420 13263.18823079773 837.8448507796801 1203.182861328125 9782949.527493127
421 13263.21810941322 837.8440058135676 1203.181884765625 9782949.559886739
422 13263.24722966546 837.8431881572974 1203.180908203125 9782949.606047399
423 13263.27453199553 837.84241982626 1203.180053710938 9782949.644343421
424 13263.30808399128 837.8415542125691 1203.179077148438 9782949.683062151
425 13263.3372039741 837.8406903144021 1203.178100585938 9782949.71750176
426 13263.36712914225 837.8398447073421 1203.177124023438 9782949.750637017
427 13263.39775807674 837.8389915110838 1203.176147460938 9782949.783823904
428 13263.42785843247 837.838161990315 1203.175170898438 9782949.815412376
429 13263.45919094246 837.8373113386604 1203.174194335938 9782949.837464871
430 13263.48953732857 837.836483067298 1203.173217773438 9782949.862733413
431 13263.51770144211 837.8357131411595 1203.172241210938 9782949.885965452
432 13263.54796096074 837.834953197013 1203.17138671875 9782949.924705977
433 13263.58105512557 837.8340783181889 1203.17041015625 9782949.952935519
434 13263.60602067091 837.8333255009476 1203.169555664063 9782949.981627675
435 13263.63759785632 837.8325444012904 1203.168579101563 9782950.012431012
436 13263.6676445497 837.8317638438403 1203.167724609375 9782950.037991975
437 13263.70075484284 837.8308923325191 1203.166748046875 9782950.065463593
438 13263.72621807884 837.8301328011556 1203.165771484375 9782950.102918345
439 13263.75763799861 837.8293390287388 1203.164916992188 9782950.126667699
440 13263.78984389173 837.8284976656907 1203.163940429688 9782950.161978811
441 13263.81689926094 837.8277285589769 1203.162963867188 9782950.194853172
442 13263.84765494147 837.8269625600393 1203.162109375 9782950.217992872
443 13263.88299520233 837.826072571209 1203.1611328125 9782950.241999501
444 13263.90788676686 837.8253281516681 1203.160278320313 9782950.261945583
445 13263.93999956814 837.8245608055915 1203.159301757813 9782950.296095138
446 13263.97293043189 837.8237197912586 1203.158325195313 9782950.319889193
447 13263.9995348068 837.8229654784167 1203.157470703125 9782950.350757049
448 13264.03083742507 837.8222158296142 1203.156616210938 9782950.377875872
449 13264.06243384232 837.8214439490351 1203.15576171875 9782950.396970138
450 13264.09291168107 837.8206873224191 1203.154907226563 9782950.414575038
451 13264.12331219509 837.8199279450461 1203.153930664063 9782950.432711877
452 13264.15582365641 837.8191066356663 1203.152954101563 9782950.462870568
453 13264.18168117421 837.818362694083 1203.152099609375 9782950.494913774
454 13264.21466825897 837.8175487399243 1203.151123046875 9782950.525366329
455 13264.24162059155 837.8168032831001 1203.150268554688 9782950.55444457
456 13264.27269770349 837.8160655649953 1203.1494140625 9782950.570976065
457 13264.30519005244 837.8152982256596 1203.148559570313 9782950.586706208
458 13264.33583124624 837.8145513836498 1203.147705078125 9782950.602872403
459 13264.36668443455 837.8138016842767 1203.146850585938 9782950.620677626
460 13264.3966318007 837.8130763198827 1203.14599609375 9782950.638363436
461 13264.42724334835 837.8123360030575 1203.145141601563 9782950.655264774
462 13264.45909781004 837.8115405615232 1203.144165039063 9782950.673664734
463 13264.48514340691 837.8108189896658 1203.143310546875 9782950.697735582
464 13264.51534699486 837.8100955644927 1203.142456054688 9782950.724235302
465 13264.54559999182 837.809351112545 1203.1416015625 9782950.746251745
466 13264.57521871318 837.8086280119941 1203.140747070313 9782950.762719454
467 13264.60628814028 837.8078884424747 1203.139892578125 9782950.786245396
468 13264.63659507418 837.807167669192 1203.13916015625 9782950.809448808
469 13264.6676261874 837.8064440967904 1203.138305664063 9782950.82608342
470 13264.69881269274 837.8057191925454 1203.137451171875 9782950.843720809
471 13264.7291863891 837.8049911070964 1203.136596679688 9782950.870291013
472 13264.75964000542 837.8042617925371 1203.1357421875 9782950.896064624
473 13264.79317311376 837.8034399113195 1203.134765625 9782950.913279086
474 13264.81961251626 837.8027313277779 1203.133911132813 9782950.930656468
475 13264.85466022656 837.8019288452078 1203.132934570313 9782950.949477868
476 13264.88443365913 837.8011647119713 1203.132080078125 9782950.964651344
477 13264.91349916928 837.8004713328071 1203.13134765625 9782950.980409224
478 13264.94537123723 837.7997854979094 1203.130493164063 9782950.99956611
479 13264.97701768042 837.7990857377749 1203.129638671875 9782951.01779454
480 13265.00821733441 837.7983883936608 1203.12890625 9782951.03600708
481 13265.04209632563 837.7976010169086 1203.1279296875 9782951.054665534
482 13265.06961422915 837.7968915367004 1203.127075195313 9782951.077549295
483 13265.10162578819 837.7961658503807 1203.126342773438 9782951.097919723
484 13265.13602983922 837.7953652550761 1203.125366210938 9782951.13411694
485 13265.16687677162 837.7945899269321 1203.124389648438 9782951.146717146
486 13265.19824867052 837.793848403425 1203.12353515625 9782951.15765042
487 13265.22914806536 837.7931449065537 1203.122802734375 9782951.196132416
488 13265.26654155464 837.7923352434315 1203.121826171875 9782951.262612572
489 13265.29667334067 837.7916327014829 1203.120971679688 9782951.269809598
490 13265.33091185756 837.7909267886927 1203.120239257813 9782951.276339738
491 13265.36846378567 837.7900938642729 1203.119262695313 9782951.309823185
492 13265.3988888562 837.7893402607399 1203.118408203125 9782951.357029065
493 13265.43669801202 837.7885099068628 1203.117431640625 9782951.373140037
494 13265.46964585804 837.7877164062769 1203.116455078125 9782951.38445024
495 13265.50137953542 837.7870003304193 1203.11572265625 9782951.38521044
496 13265.53608407031 837.7862857616144 1203.114868164063 9782951.387181226
497 13265.57134232064 837.7855106475329 1203.113891601563 9782951.39051035
498 13265.60205151015 837.7847755402996 1203.113037109375 9782951.39473936
499 13265.6346458779 837.7840032548174 1203.112182617188 9782951.399868056
500 13265.66285903392 837.7833000151414 1203.111328125 9782951.404906901
501 13265.69268694701 837.7826096624696 1203.110473632813 9782951.41045806
502 13265.72273400898 837.7819169477659 1203.109619140625 9782951.417717699
503 13265.75142198236 837.7812420983335 1203.10888671875 9782951.424661236
504 13265.77841016021 837.7806512086208 1203.108154296875 9782951.432421558
505 13265.80931421619 837.7800353707843 1203.107543945313 9782951.441205682
506 13265.84095672545 837.7793705318858 1203.106689453125 9782951.450389735
507 13265.87034313568 837.7786916947637 1203.10595703125 9782951.465017354
508 13265.8966984437 837.7780973324909 1203.105224609375 9782951.473624986
509 13265.92956644855 837.7774135229387 1203.104370117188 9782951.483018247
510 13265.95581994439 837.7768124622187 1203.103759765625 9782951.495735694
511 13265.98657498564 837.7761825120053 1203.10302734375 9782951.508217229
512 13266.01640636705 837.7755565405088 1203.102294921875 9782951.520493478
513 13266.0491676163 837.7748514728935 1203.101440429688 9782951.529818805
514 13266.07608111414 837.7742427087135 1203.100708007813 9782951.539999047
515 13266.10797403035 837.7736087218883 1203.099975585938 9782951.550868077
516 13266.14044044622 837.7729216046829 1203.099243164063 9782951.560422737
517 13266.1713638086 837.7722038772863 1203.098388671875 9782951.571543995
518 13266.19745941083 837.7716031734783 1203.09765625 9782951.582327718
519 13266.23140307339 837.7709136860761 1203.096923828125 9782951.593513673
520 13266.26167090339 837.7702257624784 1203.096069335938 9782951.60420575
521 13266.28915808791 837.7696191037671 1203.095336914063 9782951.615356723
522 13266.32048665757 837.7690111708951 1203.094604492188 9782951.626159871
523 13266.35191215652 837.7683804799514 1203.093994140625 9782951.637357309
524 13266.38272793791 837.7677572811315 1203.09326171875 9782951.648857493
525 13266.41413928181 837.7671120263614 1203.092529296875 9782951.660604963
526 13266.44465389016 837.7664793674728 1203.091796875 9782951.672038967
527 13266.47609200655 837.7658209679398 1203.090942382813 9782951.683433887
528 13266.50654401797 837.7651717158611 1203.090209960938 9782951.702607874
529 13266.53746821041 837.7645098296263 1203.089477539063 9782951.720628297
530 13266.56862188049 837.7638563796618 1203.088745117188 9782951.736577857
531 13266.60097769209 837.7631844662965 1203.087890625 9782951.747902134
532 13266.63272650856 837.7625305620219 1203.087158203125 9782951.760302674
533 13266.6652050782 837.7618645683518 1203.08642578125 9782951.772990881
534 13266.6968365827 837.7612103505083 1203.085693359375 9782951.787245326
535 13266.72918206288 837.7605348825797 1203.084838867188 9782951.801152198
536 13266.76040972267 837.759871945597 1203.084106445313 9782951.816474831
537 13266.79281307436 837.7591810591462 1203.083251953125 9782951.831923876
538 13266.82421155981 837.7585116033948 1203.08251953125 9782951.839318311
539 13266.85903261074 837.7577742419817 1203.081665039063 9782951.847538695
540 13266.88747405481 837.7571433015731 1203.080932617188 9782951.864338184
541 13266.92041323147 837.7564934401332 1203.080200195313 9782951.87575162
542 13266.9522996506 837.7558492787434 1203.079467773438 9782951.88862993
543 13266.98428430832 837.7551902574966 1203.07861328125 9782951.899979372
544 13267.01774360234 837.7544789963279 1203.077880859375 9782951.913498696
545 13267.05049073455 837.7537140688474 1203.076904296875 9782951.977310477
546 13267.08311372905 837.752976262161 1203.076049804688 9782952.022243747
547 13267.11755687266 837.7522408384222 1203.0751953125 9782952.042986315
548 13267.15186826958 837.7515341964358 1203.074462890625 9782952.046795322
549 13267.18686756293 837.7508209590218 1203.073608398438 9782952.046267867
550 13267.22061542231 837.750137097016 1203.07275390625 9782952.055008469
551 13267.25494036641 837.749444199735 1203.072021484375 9782952.06418502
552 13267.2855730863 837.7488282080812 1203.0712890625 9782952.070842769
553 13267.31964607896 837.7481773933392 1203.070556640625 9782952.079848761
554 13267.35132140256 837.7475348913194 1203.06982421875 9782952.086223736
555 13267.3856956552 837.7468129895099 1203.068969726563 9782952.096216282
556 13267.41341179687 837.7461989548781 1203.068237304688 9782952.102662295
557 13267.44587802039 837.7455604209399 1203.067504882813 9782952.106860215
558 13267.47666832869 837.7449436619382 1203.066772460938 9782952.111482177
559 13267.509902474 837.744264299981 1203.06591796875 9782952.120314226
560 13267.5389867817 837.743629645968 1203.065185546875 9782952.128050258
561 13267.56969671818 837.7429853261322 1203.064453125 9782952.135191983
562 13267.59697954527 837.7424216101389 1203.063842773438 9782952.139910914
563 13267.62787602749 837.7418246673602 1203.063110351563 9782952.144855518
564 13267.6568609684 837.7412413706785 1203.062377929688 9782952.150210112
565 13267.68697748175 837.7406379519656 1203.061767578125 9782952.158710875
566 13267.71658253657 837.7400383963076 1203.06103515625 9782952.161395397
567 13267.7463162645 837.7394428828719 1203.060302734375 9782952.166531168
568 13267.777813851 837.7388105926595 1203.0595703125 9782952.172598243
569 13267.8049744648 837.7382391083923 1203.058959960938 9782952.179001236
570 13267.83447579449 837.7376790385269 1203.058227539063 9782952.185693666
571 13267.86743612154 837.7370083378872 1203.057495117188 9782952.192571204
572 13267.89130866216 837.7364687297737 1203.056884765625 9782952.199079581
573 13267.92385458186 837.7358384560207 1203.05615234375 9782952.213501748
574 13267.94986196985 837.7352860801512 1203.055419921875 9782952.219319826
575 13267.98100643303 837.7346937981221 1203.054809570313 9782952.242974725
576 13268.01152454605 837.7341008196142 1203.054077148438 9782952.269858856
577 13268.04282465681 837.7334948224278 1203.053466796875 9782952.28889557
578 13268.07396689106 837.7329075641294 1203.052734375 9782952.298957027
579 13268.10598689179 837.7322922386628 1203.052001953125 9782952.312577063
580 13268.13680668015 837.7316937570387 1203.051391601563 9782952.325474555
581 13268.17078938934 837.7310168781538 1203.050537109375 9782952.330983289
582 13268.20044781879 837.7303719761589 1203.0498046875 9782952.336586105
583 13268.22953934393 837.7297765240713 1203.049072265625 9782952.339847744
584 13268.26259852376 837.7291325203799 1203.04833984375 9782952.343426466
585 13268.29053953406 837.7285474108853 1203.047729492188 9782952.356372904
586 13268.32108004897 837.7279764572568 1203.046997070313 9782952.365041334
587 13268.3541644642 837.7273233437298 1203.046264648438 9782952.382451924
588 13268.38336754262 837.7267044753819 1203.045532226563 9782952.398444077
589 13268.41408592242 837.726072290077 1203.044799804688 9782952.413560884
590 13268.44394072038 837.7254600794187 1203.044067382813 9782952.427284777
591 13268.47477044604 837.7248334149068 1203.043334960938 9782952.440044992
592 13268.50524916558 837.7242182496307 1203.042602539063 9782952.453152869
593 13268.53631367711 837.7235922104001 1203.041870117188 9782952.463550845
594 13268.56663301006 837.7229905477926 1203.041259765625 9782952.466245156
595 13268.59571195831 837.7224311280748 1203.04052734375 9782952.477624457
596 13268.62884640784 837.7218225754214 1203.039794921875 9782952.489843147
597 13268.65906536516 837.7212069052897 1203.039184570313 9782952.502026122
598 13268.68881729144 837.7206101403225 1203.038452148438 9782952.508620547
599 13268.71719738727 837.7200518797844 1203.037841796875 9782952.515133604
600 13268.74748183534 837.7194934814255 1203.037109375 9782952.52157408
601 13268.77962381052 837.718866362863 1203.036376953125 9782952.52865036
602 13268.80621438155 837.7183253650416 1203.035766601563 9782952.535962772
603 13268.83893644476 837.7177026185035 1203.035034179688 9782952.543616023
604 13268.86644340502 837.7171279333884 1203.034423828125 9782952.551764069
605 13268.89612124501 837.7165431023526 1203.03369140625 9782952.560303343
606 13268.92324183505 837.7160156889483 1203.033081054688 9782952.575227607
607 13268.95364799738 837.7154550316125 1203.032470703125 9782952.589853931
608 13268.9845351715 837.7148478278701 1203.03173828125 9782952.603377081
609 13269.0136802555 837.7142363601233 1203.031005859375 9782952.615663009
610 13269.04296978822 837.7136440807941 1203.030395507813 9782952.627313849
611 13269.07311323097 837.7130431901071 1203.029663085938 9782952.638185371
612 13269.10263552374 837.7124632734996 1203.028930664063 9782952.648172328
613 13269.13268411698 837.7118802545419 1203.0283203125 9782952.658706935
614 13269.16217872441 837.7113204310824 1203.027587890625 9782952.662981739
615 13269.19030966671 837.710798051947 1203.027099609375 9782952.666795231
616 13269.22191165584 837.7102173615874 1203.0263671875 9782952.670466485
617 13269.24993598283 837.7096323716124 1203.025634765625 9782952.674555233
618 13269.27760821741 837.7090720644832 1203.025024414063 9782952.678934626
619 13269.30633347116 837.7085015106109 1203.0244140625 9782952.683961971
620 13269.3344830225 837.7079433564726 1203.023681640625 9782952.695178421
621 13269.36316118994 837.7073744664187 1203.023071289063 9782952.706384744
622 13269.39100563353 837.7068325404854 1203.0224609375 9782952.717738096
623 13269.41969517866 837.7062918942717 1203.021728515625 9782952.723013697
624 13269.44600663496 837.7058156042666 1203.021240234375 9782952.727977699
625 13269.47720230971 837.7052510422502 1203.020629882813 9782952.73299331
626 13269.5036824687 837.7047061748382 1203.019897460938 9782952.737895725
627 13269.53131895687 837.7041508032248 1203.019287109375 9782952.743243814
628 13269.55679253831 837.7036614843062 1203.018676757813 9782952.748822534
629 13269.58732499168 837.7030983182457 1203.01806640625 9782952.755932542
630 13269.61503445024 837.7025341139978 1203.017456054688 9782952.793190191
631 13269.64244351115 837.7020059774617 1203.016845703125 9782952.821080303
632 13269.67266223694 837.7014660571268 1203.016235351563 9782952.849651657
633 13269.7027212246 837.7009140276095 1203.015625 9782952.857169995
634 13269.73259711293 837.7003636834032 1203.015014648438 9782952.873264385
635 13269.76337195475 837.6997926563095 1203.014282226563 9782952.884003492
636 13269.79459082914 837.6991898684081 1203.013549804688 9782952.886348883
637 13269.82457774818 837.6985667083527 1203.012817382813 9782952.890448622
638 13269.85177329069 837.6980067889369 1203.01220703125 9782952.894856639
639 13269.88141669023 837.6974305598127 1203.011474609375 9782952.899985136
640 13269.90758484337 837.696922745753 1203.010986328125 9782952.903956771
641 13269.93676457351 837.6963917083896 1203.010375976563 9782952.908965584
642 13269.96430162664 837.6958786460582 1203.009765625 9782952.914750284
643 13269.99377035078 837.6953147820559 1203.009033203125 9782952.915952358
644 13270.01981425933 837.6947843383459 1203.008422851563 9782952.917655781
645 13270.04707004509 837.6942400801199 1203.0078125 9782952.927293891
646 13270.072952131 837.6937194837273 1203.007202148438 9782952.929244542
647 13270.09918622076 837.6931941700565 1203.006591796875 9782952.931958038
648 13270.12550765857 837.6926716453739 1203.005981445313 9782952.934898943
649 13270.14923747255 837.6922091744091 1203.00537109375 9782952.9385776
650 13270.17586392618 837.6917465605152 1203.0048828125 9782952.942918006
651 13270.20485527888 837.6911986363036 1203.004272460938 9782952.947889078
652 13270.22680772567 837.6907592793649 1203.003784179688 9782952.953314763
653 13270.25416342305 837.6902848524714 1203.003173828125 9782952.958660312
654 13270.28117304013 837.6897747859366 1203.002563476563 9782952.964426583
655 13270.304887491 837.6893083131376 1203.002075195313 9782952.970545322
656 13270.33080453188 837.6888487169363 1203.00146484375 9782952.979252419
657 13270.35700523102 837.6883702123891 1203.0009765625 9782952.985479912
658 13270.38503006011 837.6878315618382 1203.000366210938 9782952.991678281
659 13270.40772065174 837.6873611190572 1202.999755859375 9782952.998115107
660 13270.4339740867 837.6868929747716 1202.999267578125 9782953.004564147
661 13270.45998175947 837.6864131461327 1202.998657226563 9782953.011314202
662 13270.48561743315 837.6859442037783 1202.998168945313 9782953.018154249
663 13270.51366463726 837.6854102535439 1202.99755859375 9782953.025107501
664 13270.53656951766 837.6849546794208 1202.996948242188 9782953.031877736
665 13270.56337886404 837.6844780380046 1202.996459960938 9782953.03910069
666 13270.58921555048 837.6840056125828 1202.995971679688 9782953.046367541
667 13270.61533247975 837.6835104944804 1202.995361328125 9782953.056281604
668 13270.64263564397 837.6829682567798 1202.994750976563 9782953.065911554
669 13270.66500002512 837.6824997568871 1202.994140625 9782953.072655095
670 13270.69113762114 837.6820353397579 1202.99365234375 9782953.079574775
671 13270.71757892683 837.6815515777371 1202.993041992188 9782953.087714195
672 13270.74307030865 837.6810820868828 1202.992553710938 9782953.096010359
673 13270.76928720685 837.6805975356233 1202.991943359375 9782953.103275424
674 13270.79489613087 837.6801229493005 1202.991455078125 9782953.110212136
675 13270.82133026711 837.6796208697772 1202.990844726563 9782953.117136577
676 13270.84596929705 837.6791477593364 1202.990234375 9782953.125448981
677 13270.87192003022 837.6786612425395 1202.98974609375 9782953.133744709
678 13270.89712355801 837.6781895909148 1202.989135742188 9782953.14343949
679 13270.92349990668 837.6776912891891 1202.988647460938 9782953.163136048
680 13270.9490429173 837.6772023939152 1202.988037109375 9782953.180958441
681 13270.97723595846 837.6766458005766 1202.987426757813 9782953.195839332
682 13271.00293749984 837.6760979118063 1202.986694335938 9782953.209356317
683 13271.02853588631 837.6755735982507 1202.986083984375 9782953.2212185
684 13271.05332210085 837.6751104453157 1202.985595703125 9782953.224839272
685 13271.08098636172 837.6746288294422 1202.984985351563 9782953.229579514
686 13271.10876721555 837.6741159208566 1202.984497070313 9782953.233319987
687 13271.13445027236 837.673599106525 1202.98388671875 9782953.246574562
688 13271.1603802786 837.6730809583623 1202.983276367188 9782953.257375529
689 13271.18335951562 837.6726278324385 1202.982666015625 9782953.26144667
690 13271.20925248838 837.6721719439719 1202.982177734375 9782953.2661044
691 13271.2350056401 837.6716943735029 1202.981567382813 9782953.270951536
692 13271.25938024443 837.6712408153827 1202.981079101563 9782953.276706461
693 13271.28496357589 837.6707740169419 1202.980590820313 9782953.282887245
694 13271.31087089154 837.6702819028089 1202.97998046875 9782953.289127504
695 13271.3335270664 837.6698257083649 1202.9794921875 9782953.295126908
696 13271.35801230493 837.669368053238 1202.978881835938 9782953.309780588
697 13271.38423698056 837.6688508893373 1202.978271484375 9782953.323452629
698 13271.40763184783 837.6683682281551 1202.977783203125 9782953.329088269
699 13271.43236957986 837.6678844802708 1202.977172851563 9782953.335406128
700 13271.45520659007 837.6674626140139 1202.976684570313 9782953.338643111
701 13271.48199178416 837.6669788229385 1202.97607421875 9782953.342668951
702 13271.50372337028 837.6665599714754 1202.9755859375 9782953.346465304
703 13271.52980194012 837.6660787438126 1202.97509765625 9782953.350361696
704 13271.55091204232 837.6656605100809 1202.974609375 9782953.35419498
705 13271.57515768714 837.665223361917 1202.97412109375 9782953.358962061
706 13271.59822042456 837.6648000943777 1202.9736328125 9782953.363992533
707 13271.62200339722 837.6643624412119 1202.97314453125 9782953.369572354
708 13271.64631504354 837.6638993652615 1202.972534179688 9782953.379303062
709 13271.66913685185 837.6634338600453 1202.972045898438 9782953.388685983
710 13271.69021231418 837.663028510109 1202.971557617188 9782953.39733723
711 13271.71586119849 837.6625607844109 1202.970947265625 9782953.402343256
712 13271.7368945943 837.6621551641148 1202.970458984375 9782953.408691248
713 13271.76108679761 837.6617282534237 1202.969970703125 9782953.413915059
714 13271.78395939585 837.6613137216492 1202.969482421875 9782953.419387061
715 13271.8090330036 837.6608394200173 1202.968994140625 9782953.427809509
716 13271.83083889016 837.6603948181989 1202.968505859375 9782953.432950616
717 13271.85256374068 837.6599827025095 1202.968017578125 9782953.438301183
718 13271.87571824743 837.6595737288402 1202.967529296875 9782953.449045843
719 13271.89901101152 837.6591436072662 1202.967041015625 9782953.45378818
720 13271.9216998942 837.658726328123 1202.966552734375 9782953.459211547
721 13271.94538889738 837.658286945059 1202.966064453125 9782953.483946837
722 13271.96809066076 837.6578720373243 1202.965576171875 9782953.48837053
723 13271.99182072239 837.6574341056635 1202.965087890625 9782953.492479628
724 13272.01414623246 837.6570110350461 1202.964599609375 9782953.496420382
725 13272.03776287096 837.6565597078636 1202.963989257813 9782953.517303592
726 13272.06073869961 837.6561242739441 1202.963500976563 9782953.534795076
727 13272.08634354048 837.6556309174365 1202.963012695313 9782953.550189536
728 13272.10768592338 837.655207556045 1202.962524414063 9782953.562803317
729 13272.13416005069 837.6547215448295 1202.9619140625 9782953.572659953
730 13272.15545643401 837.6543031782978 1202.96142578125 9782953.578052262
731 13272.18022407522 837.6538578258004 1202.9609375 9782953.585882789
732 13272.20325958497 837.6534270908109 1202.96044921875 9782953.592774879
733 13272.22820568256 837.652946799294 1202.959838867188 9782953.599333096
734 13272.25025099866 837.6524963627455 1202.959350585938 9782953.605139442
735 13272.27314774263 837.6520450112984 1202.958740234375 9782953.608976951
736 13272.29391317552 837.651653312302 1202.958374023438 9782953.612826627
737 13272.31697094295 837.6512448332059 1202.957885742188 9782953.617605587
738 13272.34031226498 837.6508098885398 1202.957397460938 9782953.622593995
739 13272.36198145081 837.6503685071405 1202.956787109375 9782953.628086992
740 13272.38297122066 837.6499493116363 1202.956298828125 9782953.633223884
741 13272.40482348182 837.6495170191718 1202.955810546875 9782953.641971279
742 13272.425537642 837.6491160561787 1202.955322265625 9782953.642439414
743 13272.44610618507 837.6487399285206 1202.954956054688 9782953.643387316
744 13272.46832802468 837.6483478539911 1202.954467773438 9782953.645075498
745 13272.48922683388 837.6479515625708 1202.953979492188 9782953.647182874
746 13272.5092834604 837.6475766431782 1202.95361328125 9782953.649876121
747 13272.53025248698 837.6471792713309 1202.953125 9782953.652313992
748 13272.54963955682 837.646799730514 1202.95263671875 9782953.655128231
749 13272.56972288079 837.6464125822054 1202.9521484375 9782953.658111284
750 13272.58818829203 837.6460730217104 1202.951782226563 9782953.66137127
751 13272.60918786933 837.6457112727104 1202.951416015625 9782953.66539729
752 13272.62912660267 837.6453629300536 1202.950927734375 9782953.669788569
753 13272.64964554154 837.6450002458342 1202.950561523438 9782953.674662149
754 13272.66945568627 837.6446464186712 1202.9501953125 9782953.679303164
755 13272.68979515825 837.6442727409586 1202.94970703125 9782953.684175581
756 13272.70918600952 837.6439161774163 1202.949340820313 9782953.689280175
757 13272.72969260381 837.6435393262631 1202.948852539063 9782953.705401758
758 13272.74983968633 837.6431692121431 1202.948486328125 9782953.719871242
759 13272.77058348348 837.6427834036106 1202.947998046875 9782953.726192398
760 13272.79055531313 837.6424132612448 1202.947631835938 9782953.732094321
761 13272.81165052805 837.6420271491745 1202.947143554688 9782953.738260355
762 13272.83205255183 837.6416530112734 1202.946655273438 9782953.741493231
763 13272.85325461104 837.6412602957313 1202.9462890625 9782953.744833445
764 13272.87321583098 837.6408861013704 1202.94580078125 9782953.748404758
765 13272.89361100706 837.6405041632246 1202.9453125 9782953.752490021
766 13272.91456929423 837.6401057278052 1202.944946289063 9782953.756825786
767 13272.9341139786 837.6397116783954 1202.944458007813 9782953.761498837
768 13272.95337383871 837.6393379164116 1202.943969726563 9782953.765892914
769 13272.97161377273 837.6389950310567 1202.943603515625 9782953.77032955
770 13272.99273590027 837.6386136316426 1202.943115234375 9782953.774761735
771 13273.0108132664 837.6382566303066 1202.942749023438 9782953.782451423
772 13273.03010586105 837.6379092730634 1202.9423828125 9782953.789377075
773 13273.04994127038 837.6375479041983 1202.94189453125 9782953.793648247
774 13273.06937553596 837.6372001211515 1202.941528320313 9782953.798158437
775 13273.08935564051 837.6368375377258 1202.941040039063 9782953.803258611
776 13273.10948833032 837.6364624411373 1202.940673828125 9782953.808515619
777 13273.12744752928 837.636115053859 1202.940185546875 9782953.813690213
778 13273.14660020709 837.63577386903 1202.939819335938 9782953.818777343
779 13273.16725681183 837.6353793219718 1202.939331054688 9782953.823622219
780 13273.18394412044 837.6350423748135 1202.93896484375 9782953.830642099
781 13273.20361477414 837.6346875350632 1202.938598632813 9782953.837856406
782 13273.22259919223 837.6343430703541 1202.938232421875 9782953.842325779
783 13273.2421256479 837.6339900252325 1202.937744140625 9782953.847410496
784 13273.26230260597 837.633619555387 1202.937377929688 9782953.852536857
785 13273.28113236333 837.6332436268318 1202.936889648438 9782953.857829232
786 13273.29820451881 837.6329206103424 1202.9365234375 9782953.863162646
787 13273.31893083498 837.6325434932299 1202.93603515625 9782953.868718134
788 13273.33658070064 837.6321917295654 1202.935668945313 9782953.874001898
789 13273.35419774134 837.6318604823941 1202.935302734375 9782953.879211385
790 13273.37400618906 837.6315026685915 1202.934814453125 9782953.883912973
791 13273.39127239756 837.6311652082588 1202.934448242188 9782953.888605952
792 13273.4114505978 837.6307935898772 1202.93408203125 9782953.912025293
793 13273.42954514041 837.6304459864315 1202.93359375 9782953.930500105
794 13273.44918665399 837.6301076307246 1202.933227539063 9782953.94504845
795 13273.470698138 837.6297111658605 1202.932861328125 9782953.956893796
796 13273.4897853129 837.6293308393465 1202.932373046875 9782953.965946123
797 13273.50830671161 837.62898117474 1202.932006835938 9782953.967914322
798 13273.52804761143 837.6286385224262 1202.931518554688 9782953.969745995
799 13273.54753170889 837.6282892068383 1202.93115234375 9782953.972166656
800 13273.56637201126 837.6279547976062 1202.930786132813 9782953.974289052
801 13273.5856266561 837.6275994542672 1202.930419921875 9782953.977463288
802 13273.60348232899 837.6272562461588 1202.929931640625 9782953.97976266
803 13273.62150895786 837.6269078428329 1202.929565429688 9782953.982581766
804 13273.63903555388 837.6265793147277 1202.92919921875 9782953.987224694
805 13273.65719328814 837.6262362064814 1202.928833007813 9782953.992043082
806 13273.67427918979 837.6259139253291 1202.928344726563 9782953.996211493
807 13273.69211997379 837.6255806217727 1202.927978515625 9782954.000818467
808 13273.71021922241 837.6252356837889 1202.927612304688 9782954.005553706
809 13273.72645452584 837.6249132106126 1202.92724609375 9782954.008605711
810 13273.74355668502 837.624604628982 1202.926879882813 9782954.012133112
811 13273.76113336847 837.6242820656447 1202.926513671875 9782954.01585952
812 13273.77774304603 837.6239726458007 1202.926147460938 9782954.019391511
813 13273.79498357961 837.6236481761516 1202.92578125 9782954.022963347
814 13273.81179048847 837.6233275981976 1202.925415039063 9782954.038806103
815 13273.8295855738 837.6229938465516 1202.925048828125 9782954.05224373
816 13273.84670011402 837.6226810980356 1202.924682617188 9782954.063584995
817 13273.86506852027 837.6223521150401 1202.92431640625 9782954.073180402
818 13273.88272493022 837.6220307576064 1202.923828125 9782954.081165608
819 13273.90210718525 837.6216586320071 1202.923461914063 9782954.087952465
820 13273.91890939623 837.6213127438126 1202.923095703125 9782954.093713805
821 13273.93681200596 837.6209596949268 1202.922607421875 9782954.098256979
