cellnumber,    x-coordinate,    y-coordinate,    z-coordinate,     temperature
         1,-3.946863217E-05, 7.969952188E-03, 6.599264592E-02, 3.524581728E+02
         2,-1.181233019E-04, 7.965103723E-03, 6.598836184E-02, 3.524933538E+02
         3,-3.946852303E-05, 7.969952188E-03, 6.566035748E-02, 3.538056104E+02
         4,-1.959365036E-04, 7.956898771E-03, 6.598088890E-02, 3.525692214E+02
         5,-1.181231128E-04, 7.965103723E-03, 6.569086760E-02, 3.538422150E+02
         6,-2.724226215E-04, 7.945936173E-03, 6.596974283E-02, 3.526861658E+02
         7,-1.959363726E-04, 7.956898771E-03, 6.575095654E-02, 3.539209052E+02
         8,-3.189927374E-04, 7.937318645E-03, 6.596068293E-02, 3.524858813E+02
         9,-2.724225633E-04, 7.945936173E-03, 6.584078819E-02, 3.540421129E+02
        10,-3.189927374E-04, 7.937319577E-03, 6.591393799E-02, 3.538482730E+02
        11,-3.109621757E-04, 7.829803042E-03, 6.595154107E-02, 3.468191017E+02
        12,-2.347560803E-04, 7.730202284E-03, 6.595195085E-02, 3.463573286E+02
        13,-3.170105629E-04, 7.882361300E-03, 6.592135131E-02, 3.468866679E+02
        14,-2.586973133E-04, 7.798835170E-03, 6.587315351E-02, 3.465187460E+02
        15,-2.845594136E-04, 7.796411868E-03, 6.594797224E-02, 3.465187460E+02
        16,-2.603089961E-04, 7.762939204E-03, 6.595193595E-02, 3.465187460E+02
        17,-3.109621466E-04, 7.829803042E-03, 6.595597416E-02, 3.455687733E+02
        18,-1.946282428E-04, 7.717879489E-03, 6.591144204E-02, 3.462471073E+02
        19,-2.347560367E-04, 7.730202284E-03, 6.595598161E-02, 3.451194913E+02
        20,-2.707948734E-04, 7.883607410E-03, 6.578166038E-02, 3.465960413E+02
        21,-3.170105338E-04, 7.882361300E-03, 6.595973670E-02, 3.456350987E+02
        22,-1.941681985E-04, 7.783164736E-03, 6.576100737E-02, 3.464167325E+02
        23,-2.586967021E-04, 7.798835170E-03, 6.596569717E-02, 3.452777156E+02
        24,-2.602872264E-04, 7.764796261E-03, 6.595645100E-02, 3.452777156E+02
        25,-2.858503431E-04, 7.796380669E-03, 6.595598906E-02, 3.452777156E+02
        26,-1.168628078E-04, 7.699086796E-03, 6.584908813E-02, 3.461733264E+02
        27,-1.946278353E-04, 7.717879489E-03, 6.596104056E-02, 3.450125920E+02
        28,-1.934194443E-04, 7.885177620E-03, 6.560047716E-02, 3.464996228E+02
        29,-2.707945241E-04, 7.883607410E-03, 6.597699970E-02, 3.453535244E+02
        30,-1.164982968E-04, 7.784699090E-03, 6.563729793E-02, 3.463483353E+02
        31,-1.941669907E-04, 7.783164736E-03, 6.597959250E-02, 3.451788270E+02
        32,-3.896963608E-05, 7.689956110E-03, 6.581698358E-02, 3.461377748E+02
        33,-1.168621311E-04, 7.699087262E-03, 6.596884131E-02, 3.449410472E+02
        34,-1.160461616E-04, 7.886706851E-03, 6.547904015E-02, 3.464344755E+02
        35,-1.934187749E-04, 7.885177620E-03, 6.599939615E-02, 3.452600847E+02
        36,-3.883331374E-05, 7.786236238E-03, 6.557384133E-02, 3.463148130E+02
        37,-1.164969653E-04, 7.784699090E-03, 6.599491835E-02, 3.451125271E+02
        38,-3.896933777E-05, 7.689955644E-03, 6.597290933E-02, 3.449065954E+02
        39,-3.868065323E-05, 7.888237946E-03, 6.541686505E-02, 3.464015467E+02
        40,-1.160456886E-04, 7.886705920E-03, 6.601440161E-02, 3.451969454E+02
        41,-3.883275713E-05, 7.786236238E-03, 6.600280106E-02, 3.450800411E+02
        42,-3.868050044E-05, 7.888237946E-03, 6.602218002E-02, 3.451650474E+02
         1,-3.214814351E-04,-7.936912589E-03, 6.596053392E-02, 4.600821269E+02
         2,-3.214814351E-04,-7.936912589E-03, 6.591829658E-02, 4.612867002E+02
         3,-2.754120214E-04,-7.945409976E-03, 6.596944481E-02, 4.588869681E+02
         4,-2.754119923E-04,-7.945409976E-03, 6.584569067E-02, 4.600697341E+02
         5,-1.980797824E-04,-7.956597954E-03, 6.598078460E-02, 4.588183124E+02
         6,-1.980796951E-04,-7.956598885E-03, 6.575341523E-02, 4.600007818E+02
         7,-1.194127763E-04,-7.964968681E-03, 6.598834693E-02, 4.587662153E+02
         8,-1.194126307E-04,-7.964968681E-03, 6.569177657E-02, 4.599483753E+02
         9,-3.989914694E-05,-7.969917729E-03, 6.599266082E-02, 4.587305256E+02
        10,-3.989905599E-05,-7.969917729E-03, 6.566052884E-02, 4.599123706E+02
        11,-3.925093915E-05,-7.690431084E-03, 6.581810862E-02, 4.718869371E+02
        12,-1.177375307E-04,-7.699366193E-03, 6.585007906E-02, 4.718941065E+02
        13,-3.917420327E-05,-7.786225062E-03, 6.557454169E-02, 4.719571200E+02
        14,-3.925097189E-05,-7.690431084E-03, 6.597347558E-02, 4.704522625E+02
        15,-1.961572707E-04,-7.718536071E-03, 6.591383368E-02, 4.719075880E+02
        16,-1.175335419E-04,-7.784675341E-03, 6.563898176E-02, 4.719644133E+02
        17,-1.177375816E-04,-7.699365728E-03, 6.596890837E-02, 4.704594938E+02
        18,-3.909026418E-05,-7.888226770E-03, 6.541696936E-02, 4.719890582E+02
        19,-3.917430877E-05,-7.786225062E-03, 6.600313634E-02, 4.705231941E+02
        20,-2.359262289E-04,-7.730800658E-03, 6.595426053E-02, 4.719284543E+02
        21,-1.959026558E-04,-7.783124689E-03, 6.576544046E-02, 4.719775414E+02
        22,-1.830946276E-04,-7.714796811E-03, 6.596259773E-02, 4.704733135E+02
        23,-1.172818447E-04,-7.886679843E-03, 6.548068672E-02, 4.719964655E+02
        24,-1.175336947E-04,-7.784674875E-03, 6.599483639E-02, 4.705305686E+02
        25,-3.909042789E-05,-7.888226770E-03, 6.602233648E-02, 4.705556030E+02
        26,-2.550963545E-04,-7.781908382E-03, 6.589999795E-02, 4.719976655E+02
        27,-1.954840700E-04,-7.885132916E-03, 6.560502946E-02, 4.720092979E+02
        28,-1.827578089E-04,-7.800384890E-03, 6.598690152E-02, 4.705440458E+02
        29,-2.090199414E-04,-7.765865419E-03, 6.597155333E-02, 4.705440458E+02
        30,-1.172820921E-04,-7.886679843E-03, 6.601427495E-02, 4.705631115E+02
        31,-2.605409536E-04,-7.900846191E-03, 6.573604792E-02, 4.720286012E+02
        32,-2.868016018E-04,-7.866268978E-03, 6.584539264E-02, 4.720286012E+02
        33,-2.610964875E-04,-7.798777428E-03, 6.596486270E-02, 4.705647124E+02
        34,-1.954842010E-04,-7.885132916E-03, 6.599900126E-02, 4.705763004E+02
        35,-3.208766284E-04,-7.899274118E-03, 6.591829658E-02, 4.720872463E+02
        36,-2.605410118E-04,-7.900846191E-03, 6.598291546E-02, 4.705961444E+02
        37,-2.868016309E-04,-7.866268978E-03, 6.596948206E-02, 4.705961444E+02
        38,-3.208766284E-04,-7.899274118E-03, 6.596053392E-02, 4.706563121E+02
         1,-3.908081635E-05, 7.956407033E-03, 7.964173704E-02, 3.365802077E+02
         2,-1.169676907E-04, 7.951683365E-03, 7.963792980E-02, 3.365998539E+02
         3,-2.636978570E-05, 7.964120246E-03, 7.931954414E-02, 3.373393464E+02
         4,-5.210754171E-05, 7.951664738E-03, 7.901554555E-02, 3.373393464E+02
         5,-1.940462680E-04, 7.943819277E-03, 7.963098586E-02, 3.366428966E+02
         6,-1.169674288E-04, 7.951683365E-03, 7.922483981E-02, 3.373596441E+02
         7,-2.573775600E-05, 7.941225544E-03, 7.871039212E-02, 3.381423614E+02
         8,-2.413848852E-04, 7.937733084E-03, 7.962521166E-02, 3.367094056E+02
         9,-1.940461225E-04, 7.943819277E-03, 7.939571142E-02, 3.374041652E+02
        10,-2.413848269E-04, 7.937733084E-03, 7.954666018E-02, 3.374729947E+02
        11,-2.411346650E-04, 7.911776192E-03, 7.954664528E-02, 3.327235494E+02
        12,-1.751450909E-04, 7.815524936E-03, 7.950367033E-02, 3.325991282E+02
        13,-7.799750165E-05, 7.734365296E-03, 7.962173223E-02, 3.324225690E+02
        14,-8.134097880E-05, 7.933680899E-03, 7.871101797E-02, 3.332295579E+02
        15,-1.803608175E-04, 7.902433164E-03, 7.920139283E-02, 3.326622569E+02
        16,-2.062888088E-04, 7.878466509E-03, 7.942795008E-02, 3.326622569E+02
        17,-2.007927978E-04, 7.844575681E-03, 7.950363308E-02, 3.326622569E+02
        18,-2.411347232E-04, 7.911776192E-03, 7.962519675E-02, 3.321513972E+02
        19,-1.034099187E-04, 7.801956031E-03, 7.929076999E-02, 3.325554163E+02
        20,-1.293392124E-04, 7.782429922E-03, 7.950288802E-02, 3.325554163E+02
        21,-1.038375776E-04, 7.748933509E-03, 7.962167263E-02, 3.325554163E+02
        22,-1.751446252E-04, 7.815524004E-03, 7.962688059E-02, 3.320293542E+02
        23,-3.887949060E-05, 7.732362486E-03, 7.959598303E-02, 3.323998596E+02
        24,-3.861629739E-05, 7.923865691E-03, 7.871020585E-02, 3.332082214E+02
        25,-1.289699430E-04, 7.869449444E-03, 7.906498760E-02, 3.326207739E+02
        26,-1.071627121E-04, 7.903880440E-03, 7.888007909E-02, 3.326207739E+02
        27,-8.143376908E-05, 7.899678312E-03, 7.880304009E-02, 3.326207739E+02
        28,-1.803605119E-04, 7.902433164E-03, 7.963830978E-02, 3.320916173E+02
        29,-2.006061986E-04, 7.868033834E-03, 7.962972671E-02, 3.320916173E+02
        30,-2.263544156E-04, 7.878069766E-03, 7.962519675E-02, 3.320916173E+02
        31,-3.881256998E-05, 7.786234841E-03, 7.925271988E-02, 3.325340775E+02
        32,-1.163766647E-04, 7.795938756E-03, 7.963185757E-02, 3.319867052E+02
        33,-2.591953489E-05, 7.731756195E-03, 7.962403446E-02, 3.318335288E+02
        34,-3.868589556E-05, 7.872865535E-03, 7.882399857E-02, 3.326000041E+02
        35,-1.160303655E-04, 7.886705920E-03, 7.964723557E-02, 3.320511531E+02
        36,-2.583012247E-05, 7.803491782E-03, 7.964115590E-02, 3.319658922E+02
        37,-5.174965554E-05, 7.768977433E-03, 7.963193208E-02, 3.319658922E+02
        38,-3.867606938E-05, 7.888236083E-03, 7.965439558E-02, 3.320309069E+02
         1,-2.428860898E-04,-7.937434129E-03, 7.962536067E-02, 4.331353284E+02
         2,-2.428860753E-04,-7.937434129E-03, 7.955437899E-02, 4.349466909E+02
         3,-1.962128881E-04,-7.943471894E-03, 7.963100076E-02, 4.331051821E+02
         4,-1.962128154E-04,-7.943471894E-03, 7.940308750E-02, 4.349118428E+02
         5,-1.182741107E-04,-7.951521315E-03, 7.963799685E-02, 4.330793856E+02
         6,-1.182739070E-04,-7.951520383E-03, 7.922662795E-02, 4.348828284E+02
         7,-3.951757390E-05,-7.956364192E-03, 7.964178175E-02, 4.330580179E+02
         8,-2.665515603E-05,-7.964068092E-03, 7.931958884E-02, 4.348597070E+02
         9,-5.268992027E-05,-7.951606996E-03, 7.901564986E-02, 4.348597070E+02
        10,-2.603476059E-05,-7.941219956E-03, 7.871044427E-02, 4.367210784E+02
        11,-2.614647929E-05,-7.732083555E-03, 7.959090173E-02, 4.445225518E+02
        12,-3.905794802E-05,-7.923421450E-03, 7.871036977E-02, 4.464227044E+02
        13,-2.609059629E-05,-7.803484332E-03, 7.913096994E-02, 4.445895508E+02
        14,-5.176953346E-05,-7.768976036E-03, 7.937875390E-02, 4.445895508E+02
        15,-7.791585813E-05,-7.768550888E-03, 7.941090316E-02, 4.445895508E+02
        16,-2.614647929E-05,-7.732083555E-03, 7.962447405E-02, 4.428741345E+02
        17,-8.221135795E-05,-7.933654822E-03, 7.871117443E-02, 4.464268150E+02
        18,-1.175005891E-04,-7.796463091E-03, 7.937692851E-02, 4.445918376E+02
        19,-3.909982479E-05,-7.872420363E-03, 7.882267237E-02, 4.446202043E+02
        20,-2.609071635E-05,-7.803484332E-03, 7.964140177E-02, 4.429338942E+02
        21,-5.223719563E-05,-7.768966723E-03, 7.963212579E-02, 4.429338942E+02
        22,-1.757168066E-04,-7.816147991E-03, 7.950688154E-02, 4.445936863E+02
        23,-1.303492318E-04,-7.869421504E-03, 7.907043397E-02, 4.446221479E+02
        24,-1.042066215E-04,-7.899219170E-03, 7.888265699E-02, 4.446221479E+02
        25,-1.082501258E-04,-7.933138870E-03, 7.879085839E-02, 4.446221479E+02
        26,-1.175008219E-04,-7.796394173E-03, 7.963197678E-02, 4.429341807E+02
        27,-3.909424413E-05,-7.888226770E-03, 7.965447754E-02, 4.429609629E+02
        28,-1.823709026E-04,-7.902392186E-03, 7.921390980E-02, 4.446233834E+02
        29,-2.015836653E-04,-7.868012413E-03, 7.943844050E-02, 4.446233834E+02
        30,-2.276139712E-04,-7.880511694E-03, 7.955437899E-02, 4.446233834E+02
        31,-1.757168357E-04,-7.816148922E-03, 7.962713391E-02, 4.429321564E+02
        32,-1.172883276E-04,-7.886679843E-03, 7.964716852E-02, 4.429609729E+02
        33,-2.426053252E-04,-7.914216258E-03, 7.955437899E-02, 4.446251877E+02
        34,-1.823710627E-04,-7.902392186E-03, 7.963805646E-02, 4.429584285E+02
        35,-2.085128654E-04,-7.880889811E-03, 7.962968200E-02, 4.429584285E+02
        36,-2.016868530E-04,-7.847025990E-03, 7.962713391E-02, 4.429584285E+02
        37,-2.426053397E-04,-7.914216258E-03, 7.962536067E-02, 4.429546585E+02
         1,-2.574102109E-05, 7.940719835E-03, 9.329090267E-02, 3.302455876E+02
         2,-2.637320904E-05, 7.963835262E-03, 9.268227220E-02, 3.302957052E+02
         3,-5.211423195E-05, 7.951184176E-03, 9.298587590E-02, 3.302957052E+02
         4,-1.169731258E-04, 7.951684296E-03, 9.277196974E-02, 3.303096117E+02
         5,-3.908551298E-05, 7.956572808E-03, 9.235966206E-02, 3.304415307E+02
         6,-1.940398070E-04, 7.943745703E-03, 9.259852022E-02, 3.303389003E+02
         7,-1.169728785E-04, 7.951684296E-03, 9.236292541E-02, 3.304558356E+02
         8,-2.410431043E-04, 7.937666960E-03, 9.245067090E-02, 3.303834708E+02
         9,-1.940396614E-04, 7.943745703E-03, 9.236961603E-02, 3.304860625E+02
        10,-2.410430607E-04, 7.937666960E-03, 9.237518162E-02, 3.305321060E+02
        11,-2.407812717E-04, 7.912601344E-03, 9.237515181E-02, 3.278640158E+02
        12,-1.746601920E-04, 7.815767080E-03, 9.237360209E-02, 3.277602838E+02
        13,-1.803489431E-04, 7.902433164E-03, 9.236237407E-02, 3.278155333E+02
        14,-2.062513959E-04, 7.879284211E-03, 9.237077832E-02, 3.278155333E+02
        15,-2.003122208E-04, 7.845401764E-03, 9.237354994E-02, 3.278155333E+02
        16,-2.407812863E-04, 7.912601344E-03, 9.245064110E-02, 3.277532857E+02
        17,-1.163251145E-04, 7.796115242E-03, 9.236889333E-02, 3.277254448E+02
        18,-1.746597554E-04, 7.815767080E-03, 9.249358624E-02, 3.276486830E+02
        19,-2.590237273E-05, 7.731511723E-03, 9.237710387E-02, 3.275905210E+02
        20,-7.800525782E-05, 7.734337822E-03, 9.237938374E-02, 3.274954934E+02
        21,-1.160161191E-04, 7.886705920E-03, 9.235358238E-02, 3.277826432E+02
        22,-1.803486812E-04, 7.902433164E-03, 9.278756380E-02, 3.277048952E+02
        23,-2.001506655E-04, 7.868041284E-03, 9.256627411E-02, 3.277048952E+02
        24,-2.258922177E-04, 7.878895849E-03, 9.245064855E-02, 3.277048952E+02
        25,-2.582179150E-05, 7.803489920E-03, 9.235987812E-02, 3.277084702E+02
        26,-5.172416058E-05, 7.768977433E-03, 9.236904979E-02, 3.277084702E+02
        27,-1.033667431E-04, 7.801955566E-03, 9.270142764E-02, 3.276139719E+02
        28,-1.037456022E-04, 7.767947856E-03, 9.249487519E-02, 3.276139719E+02
        29,-1.295757684E-04, 7.782658562E-03, 9.249370545E-02, 3.276139719E+02
        30,-3.885377009E-05, 7.732160389E-03, 9.240589291E-02, 3.274772822E+02
        31,-3.867195119E-05, 7.888235152E-03, 9.234669805E-02, 3.277662712E+02
        32,-1.289466018E-04, 7.869449444E-03, 9.292150289E-02, 3.276721114E+02
        33,-1.030490166E-04, 7.902096026E-03, 9.310975671E-02, 3.276721114E+02
        34,-1.046239558E-04, 7.936065085E-03, 9.320693463E-02, 3.276721114E+02
        35,-3.879280484E-05, 7.786232978E-03, 9.273903072E-02, 3.275970839E+02
        36,-3.867509440E-05, 7.878127508E-03, 9.316716343E-02, 3.276558083E+02
        37,-2.574102109E-05, 7.927879691E-03, 9.329090267E-02, 3.276388962E+02
         1,-2.431707107E-04,-7.937502116E-03, 9.244638681E-02, 4.055018921E+02
         2,-2.431706962E-04,-7.937502116E-03, 9.237594157E-02, 4.081565216E+02
         3,-1.962330425E-04,-7.943583652E-03, 9.259256721E-02, 4.054879025E+02
         4,-1.962329698E-04,-7.943583652E-03, 9.237024933E-02, 4.081377731E+02
         5,-1.182907217E-04,-7.951635867E-03, 9.276950359E-02, 4.054738796E+02
         6,-2.603756548E-05,-7.940714248E-03, 9.329097718E-02, 4.028405646E+02
         7,-1.182905180E-04,-7.951634936E-03, 9.236324579E-02, 4.081204076E+02
         8,-2.666228102E-05,-7.963835262E-03, 9.268233180E-02, 4.054602324E+02
         9,-5.269984831E-05,-7.951178588E-03, 9.298601747E-02, 4.054602324E+02
        10,-3.952474799E-05,-7.956568152E-03, 9.235975146E-02, 4.081048207E+02
        11,-2.614869118E-05,-7.731465623E-03, 9.237724543E-02, 4.183743229E+02
        12,-2.609303920E-05,-7.803484332E-03, 9.235998243E-02, 4.184273903E+02
        13,-5.224172855E-05,-7.768966723E-03, 9.236922115E-02, 4.184273903E+02
        14,-3.922325777E-05,-7.732075639E-03, 9.240670502E-02, 4.153112239E+02
        15,-1.175071156E-04,-7.796125021E-03, 9.236927330E-02, 4.184286507E+02
        16,-7.889631524E-05,-7.734259591E-03, 9.238019586E-02, 4.153120342E+02
        17,-3.909781663E-05,-7.888226770E-03, 9.234680235E-02, 4.184513233E+02
        18,-3.918138464E-05,-7.786225062E-03, 9.273891151E-02, 4.153647697E+02
        19,-1.760941232E-04,-7.815782912E-03, 9.237416834E-02, 4.184321548E+02
        20,-1.172941629E-04,-7.886679843E-03, 9.235394001E-02, 4.184530509E+02
        21,-1.044284436E-04,-7.801934611E-03, 9.269896895E-02, 4.153650583E+02
        22,-1.305831684E-04,-7.782682776E-03, 9.249355644E-02, 4.153650583E+02
        23,-1.049952116E-04,-7.749189157E-03, 9.238019586E-02, 4.153650583E+02
        24,-3.909965017E-05,-7.878554054E-03, 9.316639602E-02, 4.153890755E+02
        25,-1.823749044E-04,-7.902392186E-03, 9.236305952E-02, 4.184559902E+02
        26,-2.019593376E-04,-7.868004963E-03, 9.237153083E-02, 4.184559902E+02
        27,-2.279923501E-04,-7.879811339E-03, 9.237594157E-02, 4.184559902E+02
        28,-1.760941668E-04,-7.815782912E-03, 9.249193221E-02, 4.153665177E+02
        29,-1.303550816E-04,-7.869421504E-03, 9.291487187E-02, 4.153897025E+02
        30,-1.053437300E-04,-7.903915830E-03, 9.310522676E-02, 4.153897025E+02
        31,-7.930810534E-05,-7.903121412E-03, 9.319141507E-02, 4.153897025E+02
        32,-2.603756548E-05,-7.927899249E-03, 9.329097718E-02, 4.123845746E+02
        33,-2.428804146E-04,-7.913517766E-03, 9.237594157E-02, 4.184602068E+02
        34,-1.823750354E-04,-7.902392186E-03, 9.277725965E-02, 4.153905923E+02
        35,-2.085192391E-04,-7.880196907E-03, 9.255974740E-02, 4.153905923E+02
        36,-2.020658430E-04,-7.846324705E-03, 9.249193221E-02, 4.153905923E+02
        37,-2.428804291E-04,-7.913517766E-03, 9.244638681E-02, 4.153917021E+02
         1,-4.038807674E-05, 8.001958951E-03, 1.064866409E-01, 3.285082509E+02
         2,-1.208449321E-04, 7.996601053E-03, 1.064787731E-01, 3.285243640E+02
         3,-4.038807674E-05, 8.001958951E-03, 1.062178686E-01, 3.287553631E+02
         4,-2.003700793E-04, 7.987616584E-03, 1.064632088E-01, 3.285569318E+02
         5,-1.208449321E-04, 7.996600121E-03, 1.062235683E-01, 3.287715335E+02
         6,-2.784385288E-04, 7.975524291E-03, 1.064399257E-01, 3.286057669E+02
         7,-2.003700647E-04, 7.987615652E-03, 1.062349603E-01, 3.288042176E+02
         8,-3.691023448E-04, 7.953953929E-03, 1.063948795E-01, 3.286608019E+02
         9,-2.784385288E-04, 7.975524291E-03, 1.062520370E-01, 3.288532262E+02
        10,-3.691023448E-04, 7.953953929E-03, 1.062853038E-01, 3.289080884E+02
        11,-3.173775913E-04, 7.620467339E-03, 1.063260734E-01, 3.273070149E+02
        12,-3.374454391E-04, 7.676917128E-03, 1.063082591E-01, 3.274544328E+02
        13,-2.726559760E-04, 7.605205756E-03, 1.063130945E-01, 3.271393090E+02
        14,-3.173772711E-04, 7.620467339E-03, 1.063383594E-01, 3.270727150E+02
        15,-1.626417798E-04, 7.526194677E-03, 1.063291505E-01, 3.268420410E+02
        16,-3.664883552E-04, 7.777338848E-03, 1.062828004E-01, 3.275501440E+02
        17,-2.721327473E-04, 7.679427508E-03, 1.062644422E-01, 3.273035519E+02
        18,-3.374444204E-04, 7.676917128E-03, 1.063627377E-01, 3.272196775E+02
        19,-1.818132005E-04, 7.596403826E-03, 1.062807739E-01, 3.270778825E+02
        20,-2.079173573E-04, 7.571558934E-03, 1.063098609E-01, 3.270778825E+02
        21,-1.885944366E-04, 7.537940517E-03, 1.063290760E-01, 3.270778825E+02
        22,-2.726550738E-04, 7.605205756E-03, 1.063561738E-01, 3.269057375E+02
        23,-1.171284675E-04, 7.520958781E-03, 1.063233465E-01, 3.267948949E+02
        24,-1.626416779E-04, 7.526194211E-03, 1.063351259E-01, 3.266094185E+02
        25,-3.847042390E-04, 7.878401317E-03, 1.062672809E-01, 3.275949016E+02
        26,-2.713935100E-04, 7.781518623E-03, 1.062135994E-01, 3.274099601E+02
        27,-3.664869582E-04, 7.777338382E-03, 1.063976511E-01, 3.273150894E+02
        28,-1.943843672E-04, 7.681155112E-03, 1.062289700E-01, 3.272490971E+02
        29,-2.721301571E-04, 7.679427508E-03, 1.064222977E-01, 3.270694355E+02
        30,-1.169480092E-04, 7.580686826E-03, 1.062749624E-01, 3.270371734E+02
        31,-1.818113378E-04, 7.596403826E-03, 1.064005867E-01, 3.268445085E+02
        32,-1.884423400E-04, 7.562272716E-03, 1.063610390E-01, 3.268445085E+02
        33,-2.144057798E-04, 7.571430411E-03, 1.063575223E-01, 3.268445085E+02
        34,-3.904954792E-05, 7.515783887E-03, 1.063171327E-01, 3.267765575E+02
        35,-1.171282638E-04, 7.520959247E-03, 1.063433811E-01, 3.265623334E+02
        36,-2.706531959E-04, 7.883609273E-03, 1.061826348E-01, 3.274609713E+02
        37,-3.847036569E-04, 7.878401317E-03, 1.064190492E-01, 3.273597432E+02
        38,-1.938547939E-04, 7.783165667E-03, 1.061786264E-01, 3.273602367E+02
        39,-2.713905997E-04, 7.781518158E-03, 1.064914167E-01, 3.271754999E+02
        40,-1.166308139E-04, 7.682692725E-03, 1.062051281E-01, 3.272127880E+02
        41,-1.943813695E-04, 7.681155112E-03, 1.064707339E-01, 3.270151813E+02
        42,-3.898271461E-05, 7.582229096E-03, 1.062623635E-01, 3.270188125E+02
        43,-1.169467287E-04, 7.580686826E-03, 1.064088643E-01, 3.268039164E+02
        44,-3.904941332E-05, 7.515783422E-03, 1.063524857E-01, 3.265439165E+02
        45,-1.933244930E-04, 7.885176688E-03, 1.061481312E-01, 3.274143446E+02
        46,-2.706520027E-04, 7.883609273E-03, 1.065335646E-01, 3.272263779E+02
        47,-1.163129855E-04, 7.784699555E-03, 1.061551571E-01, 3.273269100E+02
        48,-1.938520436E-04, 7.783165667E-03, 1.065390110E-01, 3.271259859E+02
        49,-3.887696948E-05, 7.684231270E-03, 1.061928272E-01, 3.271956671E+02
        50,-1.166285656E-04, 7.682693191E-03, 1.065033600E-01, 3.269790135E+02
        51,-3.898217619E-05, 7.582229096E-03, 1.064264551E-01, 3.267855623E+02
        52,-1.159947278E-04, 7.886705920E-03, 1.061250493E-01, 3.273827719E+02
        53,-1.933234162E-04, 7.885175757E-03, 1.065803841E-01, 3.271799298E+02
        54,-3.877101335E-05, 7.786232978E-03, 1.061431617E-01, 3.273107572E+02
        55,-1.163110719E-04, 7.784699090E-03, 1.065709740E-01, 3.270928001E+02
        56,-3.887614366E-05, 7.684231270E-03, 1.065203398E-01, 3.269619369E+02
        57,-3.866491534E-05, 7.888235152E-03, 1.061133891E-01, 3.273670798E+02
        58,-1.159939857E-04, 7.886705920E-03, 1.066117063E-01, 3.271484847E+02
        59,-3.877033305E-05, 7.786232978E-03, 1.065873951E-01, 3.270766956E+02
        60,-3.866465340E-05, 7.888235152E-03, 1.066276059E-01, 3.271328592E+02
         1,-3.692685859E-04,-7.953717373E-03, 1.063943207E-01, 3.832917130E+02
         2,-3.692685859E-04,-7.953718305E-03, 1.062863842E-01, 3.838420157E+02
         3,-2.813811006E-04,-7.975077257E-03, 1.064391285E-01, 3.825269712E+02
         4,-2.813811006E-04,-7.975077257E-03, 1.062531695E-01, 3.830833461E+02
         5,-2.024827118E-04,-7.987369783E-03, 1.064628288E-01, 3.825341962E+02
         6,-2.024827263E-04,-7.987369783E-03, 1.062356010E-01, 3.830909906E+02
         7,-1.221178827E-04,-7.996496744E-03, 1.064786687E-01, 3.825346967E+02
         8,-1.221178827E-04,-7.996496744E-03, 1.062238514E-01, 3.830918026E+02
         9,-4.081350562E-05,-8.001935668E-03, 1.064866334E-01, 3.825288597E+02
        10,-4.081350562E-05,-8.001935668E-03, 1.062179506E-01, 3.830861670E+02
        11,-3.940143506E-05,-7.515796460E-03, 1.063173115E-01, 3.916552241E+02
        12,-1.181882253E-04,-7.521050982E-03, 1.063239276E-01, 3.916482270E+02
        13,-3.934865890E-05,-7.582222112E-03, 1.062625349E-01, 3.917240965E+02
        14,-3.940143506E-05,-7.515796460E-03, 1.063526124E-01, 3.911915514E+02
        15,-1.636982633E-04,-7.526298519E-03, 1.063299254E-01, 3.916349084E+02
        16,-1.180459803E-04,-7.580664940E-03, 1.062755808E-01, 3.917168408E+02
        17,-1.181882180E-04,-7.521051448E-03, 1.063436866E-01, 3.911840905E+02
        18,-3.926522913E-05,-7.684222888E-03, 1.061929539E-01, 3.917746886E+02
        19,-3.934865890E-05,-7.582222112E-03, 1.064265072E-01, 3.912584094E+02
        20,-1.835436560E-04,-7.596369367E-03, 1.062819287E-01, 3.917030441E+02
        21,-1.897836191E-04,-7.562245708E-03, 1.063110232E-01, 3.917030441E+02
        22,-2.159945434E-04,-7.571775932E-03, 1.063134372E-01, 3.917030441E+02
        23,-1.636982633E-04,-7.526298519E-03, 1.063356027E-01, 3.911698835E+02
        24,-1.177956874E-04,-7.682669908E-03, 1.062056571E-01, 3.917675231E+02
        25,-1.180459803E-04,-7.580664940E-03, 1.064088941E-01, 3.912508627E+02
        26,-3.918179209E-05,-7.786225062E-03, 1.061432809E-01, 3.918073364E+02
        27,-3.926523277E-05,-7.684222888E-03, 1.065203398E-01, 3.913076650E+02
        28,-2.752586734E-04,-7.605951279E-03, 1.063146815E-01, 3.916822879E+02
        29,-1.963261457E-04,-7.681116462E-03, 1.062301472E-01, 3.917537466E+02
        30,-1.835436560E-04,-7.596369367E-03, 1.064003408E-01, 3.912364987E+02
        31,-2.098658151E-04,-7.571897935E-03, 1.063610911E-01, 3.912364987E+02
        32,-1.899011404E-04,-7.538292557E-03, 1.063356027E-01, 3.912364987E+02
        33,-1.175453726E-04,-7.784674875E-03, 1.061556190E-01, 3.918003922E+02
        34,-1.177956947E-04,-7.682669908E-03, 1.065032184E-01, 3.913003033E+02
        35,-3.909833686E-05,-7.888226770E-03, 1.061134860E-01, 3.918221583E+02
        36,-3.918178845E-05,-7.786225062E-03, 1.065873504E-01, 3.913394883E+02
        37,-3.196068865E-04,-7.621116471E-03, 1.063276902E-01, 3.916170697E+02
        38,-2.748511615E-04,-7.679346949E-03, 1.062665582E-01, 3.917331798E+02
        39,-2.752587025E-04,-7.605951279E-03, 1.063561589E-01, 3.912149755E+02
        40,-1.959089568E-04,-7.783124689E-03, 1.061796993E-01, 3.917868408E+02
        41,-1.963261602E-04,-7.681116462E-03, 1.064701825E-01, 3.912861399E+02
        42,-1.172950142E-04,-7.886679843E-03, 1.061254740E-01, 3.918154734E+02
        43,-1.175453654E-04,-7.784674875E-03, 1.065707058E-01, 3.913323974E+02
        44,-3.909834049E-05,-7.888226770E-03, 1.066275463E-01, 3.913539069E+02
        45,-3.388144542E-04,-7.676897570E-03, 1.063100621E-01, 3.916685668E+02
        46,-3.196068865E-04,-7.621116471E-03, 1.063385978E-01, 3.911479911E+02
        47,-2.742692595E-04,-7.781445049E-03, 1.062155813E-01, 3.917666737E+02
        48,-2.748511615E-04,-7.679347415E-03, 1.064210683E-01, 3.912650398E+02
        49,-1.954916952E-04,-7.885132916E-03, 1.061491519E-01, 3.918021766E+02
        50,-1.959089423E-04,-7.783124689E-03, 1.065382212E-01, 3.913185559E+02
        51,-1.172950215E-04,-7.886678912E-03, 1.066113785E-01, 3.913470965E+02
        52,-3.667901328E-04,-7.777395193E-03, 1.062844172E-01, 3.917027699E+02
        53,-3.388144542E-04,-7.676897570E-03, 1.063623950E-01, 3.911991304E+02
        54,-2.736872702E-04,-7.883543149E-03, 1.061845422E-01, 3.917823652E+02
        55,-2.742692595E-04,-7.781445049E-03, 1.064898223E-01, 3.912979801E+02
        56,-1.954916952E-04,-7.885132916E-03, 1.065794304E-01, 3.913335529E+02
        57,-3.839037090E-04,-7.878535427E-03, 1.062687486E-01, 3.917190738E+02
        58,-3.667901328E-04,-7.777395193E-03, 1.063969880E-01, 3.912330482E+02
        59,-2.736872993E-04,-7.883543149E-03, 1.065317020E-01, 3.913133923E+02
        60,-3.839036799E-04,-7.878535427E-03, 1.064181104E-01, 3.912491910E+02
         1,-4.041837383E-05, 8.003105409E-03, 1.201329604E-01, 3.250412511E+02
         2,-1.209353140E-04, 7.997739129E-03, 1.201263070E-01, 3.250566124E+02
         3,-4.041837383E-05, 8.003105409E-03, 1.198653281E-01, 3.252916896E+02
         4,-2.005193383E-04, 7.988734171E-03, 1.201130971E-01, 3.250876098E+02
         5,-1.209353140E-04, 7.997739129E-03, 1.198719442E-01, 3.253071365E+02
         6,-2.786451078E-04, 7.976607420E-03, 1.200933158E-01, 3.251340774E+02
         7,-2.005193237E-04, 7.988734171E-03, 1.198850870E-01, 3.253383021E+02
         8,-3.709922312E-04, 7.954561152E-03, 1.200541183E-01, 3.251911480E+02
         9,-2.786451078E-04, 7.976607420E-03, 1.199047565E-01, 3.253850231E+02
        10,-3.709922312E-04, 7.954561152E-03, 1.199437603E-01, 3.254426464E+02
        11,-3.187679395E-04, 7.618477568E-03, 1.199903265E-01, 3.240036770E+02
        12,-3.398013650E-04, 7.676779293E-03, 1.199690998E-01, 3.241474526E+02
        13,-2.723423240E-04, 7.602381054E-03, 1.199745759E-01, 3.238430347E+02
        14,-3.187675029E-04, 7.618477568E-03, 1.200058162E-01, 3.237572361E+02
        15,-1.661261049E-04, 7.524652407E-03, 1.199937090E-01, 3.235528879E+02
        16,-3.689991718E-04, 7.777191699E-03, 1.199399754E-01, 3.242409855E+02
        17,-2.718747710E-04, 7.679438684E-03, 1.199163273E-01, 3.240032474E+02
        18,-3.398002591E-04, 7.676778827E-03, 1.200274900E-01, 3.239007557E+02
        19,-1.815869618E-04, 7.596408483E-03, 1.199350059E-01, 3.237835178E+02
        20,-2.076504024E-04, 7.569688838E-03, 1.199700013E-01, 3.237835178E+02
        21,-1.920540672E-04, 7.535997313E-03, 1.199936494E-01, 3.237835178E+02
        22,-2.723413345E-04, 7.602381054E-03, 1.200218126E-01, 3.235971976E+02
        23,-1.169540628E-04, 7.518772967E-03, 1.199862063E-01, 3.235072696E+02
        24,-1.661259448E-04, 7.524652407E-03, 1.200028583E-01, 3.233076079E+02
        25,-3.872859234E-04, 7.878251374E-03, 1.199222505E-01, 3.242849998E+02
        26,-2.712388232E-04, 7.781524677E-03, 1.198581606E-01, 3.241070302E+02
        27,-3.689977748E-04, 7.777192164E-03, 1.200572699E-01, 3.239941367E+02
        28,-1.942000526E-04, 7.681158837E-03, 1.198756918E-01, 3.239507127E+02
        29,-2.718720643E-04, 7.679438218E-03, 1.200807840E-01, 3.237571207E+02
        30,-1.167930677E-04, 7.580690086E-03, 1.199283376E-01, 3.237442115E+02
        31,-1.815849682E-04, 7.596408483E-03, 1.200620905E-01, 3.235378605E+02
        32,-1.919130591E-04, 7.562203798E-03, 1.200266778E-01, 3.235378605E+02
        33,-2.178556024E-04, 7.569486741E-03, 1.200220287E-01, 3.235378605E+02
        34,-3.899045259E-05, 7.513627876E-03, 1.199790239E-01, 3.234903380E+02
        35,-1.169537863E-04, 7.518772967E-03, 1.200107038E-01, 3.232621457E+02
        36,-2.706016821E-04, 7.883611135E-03, 1.198227480E-01, 3.241568358E+02
        37,-3.872853413E-04, 7.878250442E-03, 1.200755313E-01, 3.240380979E+02
        38,-1.937442721E-04, 7.783167996E-03, 1.198180467E-01, 3.240591750E+02
        39,-2.712358837E-04, 7.781525142E-03, 1.201397032E-01, 3.238607154E+02
        40,-1.165202484E-04, 7.682695519E-03, 1.198483557E-01, 3.239157242E+02
        41,-1.941969967E-04, 7.681158837E-03, 1.201219708E-01, 3.237047610E+02
        42,-3.893107714E-05, 7.582230028E-03, 1.199138761E-01, 3.237266231E+02
        43,-1.167916998E-04, 7.580689620E-03, 1.200690642E-01, 3.234986861E+02
        44,-3.899030344E-05, 7.513627410E-03, 1.200184152E-01, 3.232453522E+02
        45,-1.932876621E-04, 7.885176688E-03, 1.197831407E-01, 3.241119758E+02
        46,-2.706004598E-04, 7.883611135E-03, 1.201756224E-01, 3.239104326E+02
        47,-1.162467015E-04, 7.784700487E-03, 1.197911203E-01, 3.240271103E+02
        48,-1.937415218E-04, 7.783167996E-03, 1.201802045E-01, 3.238130278E+02
        49,-3.884012040E-05, 7.684232201E-03, 1.198342294E-01, 3.238992462E+02
        50,-1.165179783E-04, 7.682695519E-03, 1.201497093E-01, 3.236698924E+02
        51,-3.893051326E-05, 7.582230028E-03, 1.200839803E-01, 3.234811733E+02
        52,-1.159726453E-04, 7.886705920E-03, 1.197566390E-01, 3.240816099E+02
        53,-1.932865853E-04, 7.885176688E-03, 1.202154905E-01, 3.238657332E+02
        54,-3.874892354E-05, 7.786232978E-03, 1.197773442E-01, 3.240115632E+02
        55,-1.162447879E-04, 7.784700952E-03, 1.202074066E-01, 3.237810760E+02
        56,-3.883928730E-05, 7.684231736E-03, 1.201641262E-01, 3.236534753E+02
        57,-3.865755571E-05, 7.888235152E-03, 1.197432280E-01, 3.240665275E+02
        58,-1.159719104E-04, 7.886706851E-03, 1.202421784E-01, 3.238354757E+02
        59,-3.874823960E-05, 7.786233444E-03, 1.202213615E-01, 3.237655856E+02
        60,-3.865729741E-05, 7.888235152E-03, 1.202556938E-01, 3.238204486E+02
         1,-4.084598550E-05,-8.003079332E-03, 1.201329231E-01, 3.754488506E+02
         2,-1.222143474E-04,-7.997628301E-03, 1.201261207E-01, 3.754560140E+02
         3,-4.084598550E-05,-8.003079332E-03, 1.198653653E-01, 3.759494979E+02
         4,-2.026402653E-04,-7.988473400E-03, 1.201125979E-01, 3.754581421E+02
         5,-1.222143474E-04,-7.997628301E-03, 1.198721305E-01, 3.759566603E+02
         6,-2.815950720E-04,-7.976141758E-03, 1.200923622E-01, 3.754548586E+02
         7,-2.026402653E-04,-7.988473400E-03, 1.198855788E-01, 3.759587389E+02
         8,-3.713852493E-04,-7.954297587E-03, 1.200532988E-01, 3.762215056E+02
         9,-2.815950720E-04,-7.976141758E-03, 1.199057102E-01, 3.759553558E+02
        10,-3.713852493E-04,-7.954297587E-03, 1.199445650E-01, 3.767253008E+02
        11,-3.909834049E-05,-7.888226770E-03, 1.202556267E-01, 3.843381732E+02
        12,-1.172950215E-04,-7.886679843E-03, 1.202418134E-01, 3.843314183E+02
        13,-3.918179209E-05,-7.786224596E-03, 1.202213094E-01, 3.843239842E+02
        14,-3.909834049E-05,-7.888226770E-03, 1.197433099E-01, 3.848786286E+02
        15,-1.954916952E-04,-7.885132916E-03, 1.202145517E-01, 3.843180438E+02
        16,-1.175453726E-04,-7.784674875E-03, 1.202070937E-01, 3.843168262E+02
        17,-1.172950215E-04,-7.886679843E-03, 1.197570413E-01, 3.848717660E+02
        18,-3.926523277E-05,-7.684223354E-03, 1.201640964E-01, 3.842928818E+02
        19,-3.918178845E-05,-7.786225062E-03, 1.197774485E-01, 3.848646889E+02
        20,-2.736872702E-04,-7.883543149E-03, 1.201737970E-01, 3.842982887E+02
        21,-1.959089423E-04,-7.783124689E-03, 1.201793626E-01, 3.843029262E+02
        22,-1.954916952E-04,-7.885132916E-03, 1.197841689E-01, 3.848581780E+02
        23,-1.177956947E-04,-7.682669908E-03, 1.201494783E-01, 3.842851638E+02
        24,-1.175453726E-04,-7.784674875E-03, 1.197915822E-01, 3.848574029E+02
        25,-3.934865890E-05,-7.582221646E-03, 1.200839877E-01, 3.842456942E+02
        26,-3.926523277E-05,-7.684223354E-03, 1.198343486E-01, 3.848341066E+02
        27,-3.867709020E-04,-7.878365926E-03, 1.200744137E-01, 3.842371408E+02
        28,-2.742692595E-04,-7.781445049E-03, 1.201380417E-01, 3.842824703E+02
        29,-2.736872993E-04,-7.883543149E-03, 1.198247075E-01, 3.848381127E+02
        30,-1.963261457E-04,-7.681116462E-03, 1.201212779E-01, 3.842703716E+02
        31,-1.959089568E-04,-7.783124689E-03, 1.198191643E-01, 3.848432630E+02
        32,-1.180459803E-04,-7.580665406E-03, 1.200689524E-01, 3.842369712E+02
        33,-1.177956947E-04,-7.682669908E-03, 1.198488921E-01, 3.848261951E+02
        34,-3.940318129E-05,-7.513654884E-03, 1.200184971E-01, 3.841831840E+02
        35,-3.934865890E-05,-7.582222112E-03, 1.199140400E-01, 3.847874720E+02
        36,-3.694928600E-04,-7.777236402E-03, 1.200563759E-01, 3.842198975E+02
        37,-3.867708729E-04,-7.878366858E-03, 1.199235544E-01, 3.847760172E+02
        38,-2.748511615E-04,-7.679347415E-03, 1.200793460E-01, 3.842487023E+02
        39,-2.742692595E-04,-7.781445049E-03, 1.198602617E-01, 3.848224684E+02
        40,-1.835436560E-04,-7.596369367E-03, 1.200616434E-01, 3.842208068E+02
        41,-2.098744735E-04,-7.570134476E-03, 1.200265363E-01, 3.842208068E+02
        42,-1.934417669E-04,-7.536459714E-03, 1.200031713E-01, 3.842208068E+02
        43,-1.963261457E-04,-7.681116462E-03, 1.198769435E-01, 3.848111052E+02
        44,-1.181934495E-04,-7.518917322E-03, 1.200108752E-01, 3.841734328E+02
        45,-1.180459731E-04,-7.580664940E-03, 1.199289858E-01, 3.847786388E+02
        46,-3.940318129E-05,-7.513654884E-03, 1.199791804E-01, 3.847258856E+02
        47,-3.412995720E-04,-7.676750887E-03, 1.200268492E-01, 3.841836192E+02
        48,-3.694928600E-04,-7.777235936E-03, 1.199414954E-01, 3.847589060E+02
        49,-2.752736909E-04,-7.603316102E-03, 1.200215295E-01, 3.841972773E+02
        50,-2.748511615E-04,-7.679347415E-03, 1.199186519E-01, 3.847890409E+02
        51,-1.672348735E-04,-7.524808869E-03, 1.200031713E-01, 3.841550205E+02
        52,-1.835436560E-04,-7.596369367E-03, 1.199362576E-01, 3.847620833E+02
        53,-1.933155727E-04,-7.562175859E-03, 1.199711859E-01, 3.847620833E+02
        54,-2.195351553E-04,-7.569943089E-03, 1.199755445E-01, 3.847620833E+02
        55,-1.181934567E-04,-7.518916856E-03, 1.199867576E-01, 3.847156066E+02
        56,-3.211949079E-04,-7.619272918E-03, 1.200057343E-01, 3.841284036E+02
        57,-3.412995720E-04,-7.676751353E-03, 1.199708730E-01, 3.847228730E+02
        58,-2.752736909E-04,-7.603316102E-03, 1.199761704E-01, 3.847380912E+02
        59,-1.672348735E-04,-7.524808403E-03, 1.199944317E-01, 3.846968117E+02
        60,-3.211948788E-04,-7.619272918E-03, 1.199918762E-01, 3.846680177E+02
         1,-3.694035404E-04, 7.954009809E-03, 1.337126195E-01, 3.210099016E+02
         2,-2.784343960E-04, 7.975635119E-03, 1.337461025E-01, 3.209674692E+02
         3,-3.694035986E-04, 7.954009809E-03, 1.336029172E-01, 3.213004891E+02
         4,-2.003623231E-04, 7.987726480E-03, 1.337632686E-01, 3.209262184E+02
         5,-2.784343960E-04, 7.975635119E-03, 1.335580498E-01, 3.212567636E+02
         6,-1.208387839E-04, 7.996708155E-03, 1.337746978E-01, 3.208987596E+02
         7,-2.003623231E-04, 7.987726480E-03, 1.335349232E-01, 3.212150972E+02
         8,-4.038590123E-05, 8.002064191E-03, 1.337804198E-01, 3.208852326E+02
         9,-1.208387839E-04, 7.996708155E-03, 1.335194558E-01, 3.211873568E+02
        10,-4.038590123E-05, 8.002064191E-03, 1.335116327E-01, 3.211736830E+02
        11,-3.851525253E-04, 7.878375240E-03, 1.337306201E-01, 3.198935045E+02
        12,-2.705489460E-04, 7.883612998E-03, 1.338159442E-01, 3.197768460E+02
        13,-3.668593708E-04, 7.777317427E-03, 1.337146908E-01, 3.198506379E+02
        14,-3.851531364E-04, 7.878376171E-03, 1.335785538E-01, 3.201835718E+02
        15,-1.932497544E-04, 7.885177620E-03, 1.338506192E-01, 3.197357798E+02
        16,-2.705501392E-04, 7.883612998E-03, 1.334645301E-01, 3.200660089E+02
        17,-2.710812259E-04, 7.781531196E-03, 1.337846518E-01, 3.197288536E+02
        18,-3.375704691E-04, 7.676910609E-03, 1.336887181E-01, 3.197602963E+02
        19,-3.668607969E-04, 7.777317427E-03, 1.335992515E-01, 3.201406182E+02
        20,-1.159498206E-04, 7.886706851E-03, 1.338738352E-01, 3.197079833E+02
        21,-1.932508458E-04, 7.885177620E-03, 1.334180981E-01, 3.200246385E+02
        22,-1.936310146E-04, 7.783170324E-03, 1.338198632E-01, 3.196849740E+02
        23,-2.710841363E-04, 7.781531662E-03, 1.335058957E-01, 3.200178788E+02
        24,-2.716140880E-04, 7.679449394E-03, 1.337333173E-01, 3.196290242E+02
        25,-3.170971177E-04, 7.620038465E-03, 1.336704046E-01, 3.196218223E+02
        26,-3.375715169E-04, 7.676910143E-03, 1.336332858E-01, 3.200500409E+02
        27,-3.864993414E-05, 7.888236083E-03, 1.338855773E-01, 3.196942038E+02
        28,-1.159505555E-04, 7.886706851E-03, 1.333870143E-01, 3.199966352E+02
        29,-1.161784967E-04, 7.784702349E-03, 1.338435113E-01, 3.196555879E+02
        30,-1.936337649E-04, 7.783170324E-03, 1.334589273E-01, 3.199736783E+02
        31,-1.940126822E-04, 7.681162562E-03, 1.337690800E-01, 3.195806773E+02
        32,-2.716167073E-04, 7.679449394E-03, 1.335739195E-01, 3.199177484E+02
        33,-2.719954646E-04, 7.604626007E-03, 1.336836815E-01, 3.194749708E+02
        34,-3.170974378E-04, 7.620038465E-03, 1.336573362E-01, 3.199111795E+02
        35,-3.872614980E-05, 7.786233909E-03, 1.338556260E-01, 3.196413878E+02
        36,-3.865019607E-05, 7.888235152E-03, 1.333712637E-01, 3.199827509E+02
        37,-1.161804103E-04, 7.784701884E-03, 1.334273666E-01, 3.199440744E+02
        38,-1.164074129E-04, 7.682697382E-03, 1.337931752E-01, 3.195485385E+02
        39,-1.940156799E-04, 7.681162562E-03, 1.335263550E-01, 3.198690573E+02
        40,-1.813587151E-04, 7.596412674E-03, 1.337168664E-01, 3.194198624E+02
        41,-1.885433448E-04, 7.562270854E-03, 1.336872131E-01, 3.194198624E+02
        42,-2.144464524E-04, 7.571065798E-03, 1.336844116E-01, 3.194198624E+02
        43,-2.719963959E-04, 7.604626007E-03, 1.336396635E-01, 3.197632259E+02
        44,-3.880243821E-05, 7.684232667E-03, 1.338056922E-01, 3.195334987E+02
        45,-3.872683010E-05, 7.786233909E-03, 1.334111840E-01, 3.199297643E+02
        46,-1.164096611E-04, 7.682697847E-03, 1.334943473E-01, 3.198366811E+02
        47,-1.166367510E-04, 7.580693346E-03, 1.337228566E-01, 3.193836816E+02
        48,-1.813606214E-04, 7.596412674E-03, 1.335957497E-01, 3.197077436E+02
        49,-2.073648939E-04, 7.571205497E-03, 1.336350888E-01, 3.197077436E+02
        50,-1.886546379E-04, 7.537575904E-03, 1.336611360E-01, 3.197077436E+02
        51,-1.627598831E-04, 7.525967434E-03, 1.336676329E-01, 3.191976943E+02
        52,-3.887887215E-05, 7.582230959E-03, 1.337357908E-01, 3.193677719E+02
        53,-3.880326403E-05, 7.684232667E-03, 1.334777623E-01, 3.198215199E+02
        54,-1.166380534E-04, 7.580692880E-03, 1.335879266E-01, 3.196712910E+02
        55,-1.167682931E-04, 7.520672400E-03, 1.336738169E-01, 3.191557012E+02
        56,-1.627599995E-04, 7.525967434E-03, 1.336611807E-01, 3.194849120E+02
        57,-3.892751920E-05, 7.515562698E-03, 1.336804777E-01, 3.191412929E+02
        58,-3.887941421E-05, 7.582230959E-03, 1.335709691E-01, 3.196552300E+02
        59,-1.167685186E-04, 7.520672400E-03, 1.336531639E-01, 3.194425852E+02
        60,-3.892765744E-05, 7.515562233E-03, 1.336446851E-01, 3.194279255E+02
         1,-4.081647057E-05,-8.002039976E-03, 1.337803602E-01, 3.672655763E+02
         2,-1.221267012E-04,-7.996600121E-03, 1.337744147E-01, 3.672720694E+02
         3,-4.081647421E-05,-8.002039976E-03, 1.335116327E-01, 3.678353208E+02
         4,-2.024971182E-04,-7.987470366E-03, 1.337626278E-01, 3.672738481E+02
         5,-1.221266866E-04,-7.996600121E-03, 1.335195601E-01, 3.678419092E+02
         6,-2.814006875E-04,-7.975175045E-03, 1.337449700E-01, 3.672705684E+02
         7,-2.024971182E-04,-7.987471297E-03, 1.335352957E-01, 3.678438306E+02
         8,-3.702034301E-04,-7.953727618E-03, 1.337115318E-01, 3.679684542E+02
         9,-2.814006584E-04,-7.975174114E-03, 1.335588545E-01, 3.678407369E+02
        10,-3.702034301E-04,-7.953728549E-03, 1.336034685E-01, 3.685428709E+02
        11,-3.909834049E-05,-7.888226770E-03, 1.338854879E-01, 3.754786644E+02
        12,-1.172950215E-04,-7.886679843E-03, 1.338734478E-01, 3.754721452E+02
        13,-3.918179209E-05,-7.786224596E-03, 1.338555515E-01, 3.754638148E+02
        14,-3.909834049E-05,-7.888226770E-03, 1.333713382E-01, 3.760951041E+02
        15,-1.954916952E-04,-7.885132916E-03, 1.338496506E-01, 3.754592513E+02
        16,-1.175453726E-04,-7.784674875E-03, 1.338431537E-01, 3.754568679E+02
        17,-1.172950215E-04,-7.886679843E-03, 1.333874315E-01, 3.760886314E+02
        18,-3.926523277E-05,-7.684223354E-03, 1.338056475E-01, 3.754317505E+02
        19,-3.918178845E-05,-7.786225062E-03, 1.334112883E-01, 3.760802260E+02
        20,-2.736872702E-04,-7.883543149E-03, 1.338140965E-01, 3.754402529E+02
        21,-1.959089423E-04,-7.783124689E-03, 1.338189542E-01, 3.754434236E+02
        22,-1.954917097E-04,-7.885132916E-03, 1.334191710E-01, 3.760758484E+02
        23,-1.177956947E-04,-7.682669908E-03, 1.337928921E-01, 3.754241561E+02
        24,-1.175453726E-04,-7.784674875E-03, 1.334278286E-01, 3.760733288E+02
        25,-3.934866254E-05,-7.582221646E-03, 1.337357461E-01, 3.753830562E+02
        26,-3.926523277E-05,-7.684223354E-03, 1.334778816E-01, 3.760480866E+02
        27,-3.851613437E-04,-7.878461853E-03, 1.337293088E-01, 3.753825822E+02
        28,-2.742692595E-04,-7.781445049E-03, 1.337829232E-01, 3.754237077E+02
        29,-2.736872702E-04,-7.883543149E-03, 1.334666014E-01, 3.760570089E+02
        30,-1.963261457E-04,-7.681116462E-03, 1.337682903E-01, 3.754097412E+02
        31,-1.959089568E-04,-7.783124689E-03, 1.334601194E-01, 3.760600022E+02
        32,-1.180459803E-04,-7.580665406E-03, 1.337226331E-01, 3.753744905E+02
        33,-1.177956947E-04,-7.682669908E-03, 1.334949136E-01, 3.760405549E+02
        34,-3.940159513E-05,-7.515600417E-03, 1.336805224E-01, 3.753187840E+02
        35,-3.934865890E-05,-7.582222112E-03, 1.335711479E-01, 3.759992699E+02
        36,-3.677413333E-04,-7.777339779E-03, 1.337135732E-01, 3.753645081E+02
        37,-3.851613437E-04,-7.878461853E-03, 1.335797310E-01, 3.759996783E+02
        38,-2.748511615E-04,-7.679347415E-03, 1.337317079E-01, 3.753887440E+02
        39,-2.742692595E-04,-7.781445514E-03, 1.335082203E-01, 3.760404527E+02
        40,-1.835436560E-04,-7.596369367E-03, 1.337162703E-01, 3.753585529E+02
        41,-2.098666155E-04,-7.571736351E-03, 1.336869001E-01, 3.753585529E+02
        42,-1.902248478E-04,-7.538124919E-03, 1.336677819E-01, 3.753585529E+02
        43,-1.963261602E-04,-7.681116462E-03, 1.335277408E-01, 3.760262761E+02
        44,-1.181886910E-04,-7.520856336E-03, 1.336738765E-01, 3.753087013E+02
        45,-1.180459731E-04,-7.580664940E-03, 1.335886419E-01, 3.759907926E+02
        46,-3.940159149E-05,-7.515600417E-03, 1.336448342E-01, 3.759348964E+02
        47,-3.393522929E-04,-7.676865906E-03, 1.336878240E-01, 3.753268557E+02
        48,-3.677413333E-04,-7.777339779E-03, 1.336007416E-01, 3.759816164E+02
        49,-2.752600703E-04,-7.605710067E-03, 1.336831748E-01, 3.753355631E+02
        50,-2.748511615E-04,-7.679347415E-03, 1.335765421E-01, 3.760054641E+02
        51,-1.640216069E-04,-7.526162546E-03, 1.336677819E-01, 3.752904202E+02
        52,-1.835436560E-04,-7.596369367E-03, 1.335971504E-01, 3.759750247E+02
        53,-1.901065116E-04,-7.562239189E-03, 1.336363256E-01, 3.759750247E+02
        54,-2.163182362E-04,-7.571608294E-03, 1.336397231E-01, 3.759750247E+02
        55,-1.181886983E-04,-7.520855870E-03, 1.336537004E-01, 3.759249272E+02
        56,-3.198134946E-04,-7.620944176E-03, 1.336700320E-01, 3.752696342E+02
        57,-3.393522929E-04,-7.676865906E-03, 1.336351186E-01, 3.759439723E+02
        58,-2.752600412E-04,-7.605710533E-03, 1.336413026E-01, 3.759522488E+02
        59,-1.640215778E-04,-7.526162546E-03, 1.336618215E-01, 3.759068513E+02
        60,-3.198134946E-04,-7.620944176E-03, 1.336588413E-01, 3.758867577E+02
         1,-2.423664118E-04, 7.937987335E-03, 1.476244479E-01, 3.179621299E+02
         2,-1.941087394E-04, 7.944271900E-03, 1.476301998E-01, 3.179244688E+02
         3,-2.423664555E-04, 7.937987335E-03, 1.475401670E-01, 3.182761138E+02
         4,-1.170116957E-04, 7.952221669E-03, 1.476369053E-01, 3.178991982E+02
         5,-1.941088703E-04, 7.944271900E-03, 1.473906636E-01, 3.182385808E+02
         6,-3.909797306E-05, 7.957114838E-03, 1.476401687E-01, 3.178864746E+02
         7,-1.170119504E-04, 7.952221669E-03, 1.472235173E-01, 3.182133159E+02
         8,-2.638982005E-05, 7.964671589E-03, 1.473169476E-01, 3.182004910E+02
         9,-5.213084296E-05, 7.951659150E-03, 1.470133364E-01, 3.182004910E+02
        10,-2.574102109E-05, 7.940833457E-03, 1.467082053E-01, 3.183522579E+02
        11,-2.419817611E-04, 7.908818312E-03, 1.476243883E-01, 3.174916410E+02
        12,-1.802693732E-04, 7.902435027E-03, 1.476380229E-01, 3.174524483E+02
        13,-2.020655083E-04, 7.868004031E-03, 1.476290971E-01, 3.174524483E+02
        14,-2.278202592E-04, 7.875096984E-03, 1.476242840E-01, 3.174524483E+02
        15,-2.419818047E-04, 7.908817381E-03, 1.475401074E-01, 3.182417627E+02
        16,-1.159263556E-04, 7.886707783E-03, 1.476468146E-01, 3.174259094E+02
        17,-1.802701736E-04, 7.902435027E-03, 1.471903473E-01, 3.182073088E+02
        18,-2.061065752E-04, 7.875527255E-03, 1.474165469E-01, 3.182073088E+02
        19,-2.021613764E-04, 7.841604762E-03, 1.474975795E-01, 3.182073088E+02
        20,-1.764560002E-04, 7.813711651E-03, 1.476257741E-01, 3.174016038E+02
        21,-3.864187238E-05, 7.888236083E-03, 1.476537138E-01, 3.174128498E+02
        22,-1.288290514E-04, 7.869452238E-03, 1.470596194E-01, 3.181840550E+02
        23,-1.055917819E-04, 7.903911173E-03, 1.468793154E-01, 3.181840550E+02
        24,-7.985410775E-05, 7.901518606E-03, 1.468017250E-01, 3.181840550E+02
        25,-1.031681386E-04, 7.801959291E-03, 1.476345509E-01, 3.173733761E+02
        26,-1.066726691E-04, 7.767890114E-03, 1.476261169E-01, 3.173733761E+02
        27,-1.324639888E-04, 7.780581713E-03, 1.476256847E-01, 3.173733761E+02
        28,-1.764566259E-04, 7.813711651E-03, 1.474974900E-01, 3.181669669E+02
        29,-3.870320143E-05, 7.786234375E-03, 1.476359069E-01, 3.173597931E+02
        30,-3.864516111E-05, 7.876571268E-03, 1.468248069E-01, 3.181725913E+02
        31,-7.981281669E-05, 7.935519330E-03, 1.467093974E-01, 3.184154567E+02
        32,-1.031694628E-04, 7.801959291E-03, 1.472736299E-01, 3.181423718E+02
        33,-1.290010405E-04, 7.780650631E-03, 1.474853158E-01, 3.181423718E+02
        34,-1.067227568E-04, 7.747091353E-03, 1.476086676E-01, 3.181423718E+02
        35,-8.093302313E-05, 7.733025122E-03, 1.476211697E-01, 3.172656930E+02
        36,-3.873510650E-05, 7.730342913E-03, 1.476223171E-01, 3.172509511E+02
        37,-3.870371802E-05, 7.786234375E-03, 1.472376287E-01, 3.181304990E+02
        38,-3.861419100E-05, 7.927571423E-03, 1.467083395E-01, 3.184081035E+02
        39,-8.093308134E-05, 7.733025122E-03, 1.476086229E-01, 3.180569053E+02
        40,-3.873515379E-05, 7.730342913E-03, 1.475779265E-01, 3.180442113E+02
         1,-3.954012209E-05,-7.957110181E-03, 1.476400793E-01, 3.585089764E+02
         2,-1.183361965E-04,-7.952171378E-03, 1.476365924E-01, 3.585141377E+02
         3,-2.668278466E-05,-7.964670658E-03, 1.473168880E-01, 3.590709406E+02
         4,-5.272034832E-05,-7.951651700E-03, 1.470132023E-01, 3.590709406E+02
         5,-1.963075920E-04,-7.944106124E-03, 1.476295739E-01, 3.585142184E+02
         6,-1.183364002E-04,-7.952170447E-03, 1.472259611E-01, 3.590761777E+02
         7,-2.603756548E-05,-7.940827869E-03, 1.467081308E-01, 3.596352231E+02
         8,-2.444860875E-04,-7.937820628E-03, 1.476236731E-01, 3.585089384E+02
         9,-1.963076647E-04,-7.944106124E-03, 1.473966390E-01, 3.590763452E+02
        10,-2.444861166E-04,-7.937820628E-03, 1.475444883E-01, 3.590711608E+02
        11,-3.909781663E-05,-7.888226770E-03, 1.476536244E-01, 3.660351428E+02
        12,-1.172941629E-04,-7.886678912E-03, 1.476464868E-01, 3.660284816E+02
        13,-3.918129732E-05,-7.786224596E-03, 1.476358324E-01, 3.660200415E+02
        14,-3.910093801E-05,-7.876969874E-03, 1.468254626E-01, 3.666386776E+02
        15,-1.823749044E-04,-7.902392186E-03, 1.476373523E-01, 3.660153293E+02
        16,-2.085350570E-04,-7.876968011E-03, 1.476284862E-01, 3.660153293E+02
        17,-2.038163948E-04,-7.843061350E-03, 1.476254463E-01, 3.660153293E+02
        18,-1.044282762E-04,-7.801934611E-03, 1.476343125E-01, 3.660129760E+02
        19,-1.305885817E-04,-7.781013846E-03, 1.476259083E-01, 3.660129760E+02
        20,-1.078093483E-04,-7.747464348E-03, 1.476211101E-01, 3.660129760E+02
        21,-1.303550816E-04,-7.869421504E-03, 1.470667273E-01, 3.666320381E+02
        22,-1.042099102E-04,-7.901581936E-03, 1.468837112E-01, 3.666320381E+02
        23,-1.062018346E-04,-7.935541682E-03, 1.467906982E-01, 3.666320381E+02
        24,-3.922463657E-05,-7.730385289E-03, 1.476222873E-01, 3.659877456E+02
        25,-3.918139191E-05,-7.786225062E-03, 1.472387761E-01, 3.666235670E+02
        26,-2.603756548E-05,-7.926833816E-03, 1.467081159E-01, 3.672446006E+02
        27,-2.441525867E-04,-7.910263725E-03, 1.476236731E-01, 3.659959162E+02
        28,-1.778343430E-04,-7.814079523E-03, 1.476254612E-01, 3.659993085E+02
        29,-1.823750354E-04,-7.902392186E-03, 1.472012699E-01, 3.666189133E+02
        30,-2.036941733E-04,-7.867970504E-03, 1.474237889E-01, 3.666189133E+02
        31,-2.297429746E-04,-7.876547985E-03, 1.475444883E-01, 3.666189133E+02
        32,-8.170684305E-05,-7.733080070E-03, 1.476211101E-01, 3.659800857E+02
        33,-1.044284436E-04,-7.801934611E-03, 1.472778171E-01, 3.666165208E+02
        34,-1.077426132E-04,-7.767868694E-03, 1.474885046E-01, 3.666165208E+02
        35,-1.338472503E-04,-7.780950051E-03, 1.474999487E-01, 3.666165208E+02
        36,-3.922464020E-05,-7.730385289E-03, 1.475783736E-01, 3.665912365E+02
        37,-2.441525867E-04,-7.910263725E-03, 1.475444883E-01, 3.665995453E+02
        38,-1.778343722E-04,-7.814078592E-03, 1.474999487E-01, 3.666028768E+02
        39,-8.170684305E-05,-7.733080070E-03, 1.476091892E-01, 3.665835920E+02
         1,-2.397253847E-04, 7.937340997E-03, 1.604409367E-01, 3.131435581E+02
         2,-1.939437643E-04, 7.943173870E-03, 1.605878621E-01, 3.131137632E+02
         3,-2.397253993E-04, 7.937340997E-03, 1.603747159E-01, 3.134243694E+02
         4,-2.573774873E-05, 7.940951735E-03, 1.612887830E-01, 3.128109076E+02
         5,-1.168995150E-04, 7.951021194E-03, 1.607675999E-01, 3.130939704E+02
         6,-1.939438807E-04, 7.943173870E-03, 1.603691876E-01, 3.133940962E+02
         7,-2.633808435E-05, 7.962949574E-03, 1.606798917E-01, 3.130843286E+02
         8,-5.207583308E-05, 7.950943895E-03, 1.609839052E-01, 3.130843286E+02
         9,-1.168997696E-04, 7.951021194E-03, 1.603622437E-01, 3.133739858E+02
        10,-3.905703488E-05, 7.955734618E-03, 1.603584439E-01, 3.133641867E+02
        11,-2.394211624E-04, 7.915780880E-03, 1.604409069E-01, 3.122082049E+02
        12,-1.802436309E-04, 7.902435027E-03, 1.607660651E-01, 3.121779270E+02
        13,-1.981540263E-04, 7.868080400E-03, 1.605487466E-01, 3.121779270E+02
        14,-2.238872694E-04, 7.882087491E-03, 1.604408175E-01, 3.121779270E+02
        15,-2.394212061E-04, 7.915780880E-03, 1.603746712E-01, 3.124736964E+02
        16,-2.573774873E-05, 7.925718091E-03, 1.612887830E-01, 3.118899761E+02
        17,-1.287913328E-04, 7.869452238E-03, 1.609049737E-01, 3.121574823E+02
        18,-1.029884443E-04, 7.901776582E-03, 1.611007005E-01, 3.121574823E+02
        19,-1.048568010E-04, 7.935739122E-03, 1.612015516E-01, 3.121574823E+02
        20,-1.802443294E-04, 7.902435027E-03, 1.603625566E-01, 3.124428931E+02
        21,-2.060405095E-04, 7.882440463E-03, 1.603706032E-01, 3.124428931E+02
        22,-1.982090325E-04, 7.848595269E-03, 1.603728980E-01, 3.124428931E+02
        23,-1.725072943E-04, 7.817686535E-03, 1.604847908E-01, 3.121327662E+02
        24,-3.863164966E-05, 7.876266725E-03, 1.611631215E-01, 3.121475054E+02
        25,-1.158979212E-04, 7.886707783E-03, 1.603536308E-01, 3.124220894E+02
        26,-1.160144602E-04, 7.799043786E-03, 1.606098861E-01, 3.121112230E+02
        27,-1.725078328E-04, 7.817686535E-03, 1.603728235E-01, 3.123974444E+02
        28,-2.576911902E-05, 7.803490385E-03, 1.608371586E-01, 3.121010578E+02
        29,-4.112726674E-05, 7.769186050E-03, 1.605985612E-01, 3.121010578E+02
        30,-6.692678289E-05, 7.770696655E-03, 1.605794579E-01, 3.121010578E+02
        31,-3.863075835E-05, 7.888236083E-03, 1.603464186E-01, 3.124119293E+02
        32,-1.160153188E-04, 7.799043786E-03, 1.603681594E-01, 3.123755156E+02
        33,-1.535814772E-05, 7.733700797E-03, 1.603953987E-01, 3.120064380E+02
        34,-2.576971201E-05, 7.803490385E-03, 1.603594869E-01, 3.123651545E+02
        35,-5.156922634E-05, 7.771000266E-03, 1.603682786E-01, 3.123651545E+02
        36,-4.115766205E-05, 7.737206295E-03, 1.603756100E-01, 3.123651545E+02
        37,-1.535814772E-05, 7.733700797E-03, 1.603753567E-01, 3.122698519E+02
         1,-2.603475332E-05,-7.940946147E-03, 1.612887233E-01, 3.504992406E+02
         2,-2.662970473E-05,-7.962898351E-03, 1.606798619E-01, 3.510091527E+02
         3,-5.266445805E-05,-7.950886153E-03, 1.609838009E-01, 3.510091527E+02
         4,-1.182172055E-04,-7.950856350E-03, 1.607657224E-01, 3.510129729E+02
         5,-3.949848178E-05,-7.955691777E-03, 1.603583992E-01, 3.515221467E+02
         6,-1.961202215E-04,-7.942822762E-03, 1.605801731E-01, 3.510111642E+02
         7,-1.182174092E-04,-7.950856350E-03, 1.603621840E-01, 3.515260472E+02
         8,-2.412533649E-04,-7.937039249E-03, 1.604329348E-01, 3.510034782E+02
         9,-1.961202797E-04,-7.942822762E-03, 1.603691578E-01, 3.515243286E+02
        10,-2.412533941E-04,-7.937038317E-03, 1.603745669E-01, 3.515167428E+02
        11,-2.603475332E-05,-7.925712503E-03, 1.612887383E-01, 3.574798586E+02
        12,-3.909669613E-05,-7.876263000E-03, 1.611625701E-01, 3.580169280E+02
        13,-1.303492318E-04,-7.869421504E-03, 1.608985811E-01, 3.580098253E+02
        14,-1.060908835E-04,-7.903900929E-03, 1.610976607E-01, 3.580098253E+02
        15,-8.005568088E-05,-7.902237587E-03, 1.611863077E-01, 3.580098253E+02
        16,-2.609060175E-05,-7.803483400E-03, 1.608365029E-01, 3.580019682E+02
        17,-5.223349945E-05,-7.771150675E-03, 1.605979949E-01, 3.580019682E+02
        18,-4.121710663E-05,-7.737368345E-03, 1.603956372E-01, 3.580019682E+02
        19,-3.909424049E-05,-7.888226770E-03, 1.603464335E-01, 3.585605568E+02
        20,-1.823709026E-04,-7.902392186E-03, 1.607526392E-01, 3.579962376E+02
        21,-2.084930893E-04,-7.884899154E-03, 1.605375558E-01, 3.579962376E+02
        22,-1.995127677E-04,-7.851077244E-03, 1.604812443E-01, 3.579962376E+02
        23,-1.174929203E-04,-7.799586747E-03, 1.606067866E-01, 3.579944613E+02
        24,-1.172883058E-04,-7.886679843E-03, 1.603537500E-01, 3.585534980E+02
        25,-1.507420984E-05,-7.733706385E-03, 1.603953838E-01, 3.579701669E+02
        26,-2.609071635E-05,-7.803484332E-03, 1.603595018E-01, 3.585455697E+02
        27,-4.116492346E-05,-7.769185584E-03, 1.603681892E-01, 3.585455697E+02
        28,-6.730782479E-05,-7.770852651E-03, 1.603691131E-01, 3.585455697E+02
        29,-2.410262241E-04,-7.918255404E-03, 1.604329348E-01, 3.579761647E+02
        30,-1.735556725E-04,-7.818263955E-03, 1.604812443E-01, 3.579803622E+02
        31,-1.823710481E-04,-7.902392186E-03, 1.603628546E-01, 3.585399676E+02
        32,-1.994293852E-04,-7.868055254E-03, 1.603707224E-01, 3.585399676E+02
        33,-2.254399587E-04,-7.884563878E-03, 1.603745669E-01, 3.585399676E+02
        34,-1.174930294E-04,-7.799586747E-03, 1.603681892E-01, 3.585381053E+02
        35,-1.507420984E-05,-7.733706385E-03, 1.603753418E-01, 3.585137078E+02
        36,-2.410262387E-04,-7.918255404E-03, 1.603745669E-01, 3.585199844E+02
        37,-1.735557016E-04,-7.818263955E-03, 1.603727937E-01, 3.585240570E+02
         1,-3.191174765E-04, 7.937372662E-03, 1.740864366E-01, 3.095269584E+02
         2,-2.724123478E-04, 7.946032099E-03, 1.741601080E-01, 3.095036553E+02
         3,-3.191174765E-04, 7.937372662E-03, 1.740389019E-01, 3.097444194E+02
         4,-1.959114597E-04, 7.956997491E-03, 1.742502302E-01, 3.094801642E+02
         5,-2.724124060E-04, 7.946032099E-03, 1.740298122E-01, 3.097208532E+02
         6,-1.181002517E-04, 7.965198718E-03, 1.743105352E-01, 3.094645550E+02
         7,-1.959115762E-04, 7.956997491E-03, 1.740186661E-01, 3.096969791E+02
         8,-3.945948993E-05, 7.970041595E-03, 1.743411571E-01, 3.094569693E+02
         9,-1.181004336E-04, 7.965198718E-03, 1.740112156E-01, 3.096811151E+02
        10,-3.945959907E-05, 7.970041595E-03, 1.740069091E-01, 3.096734043E+02
        11,-3.168491821E-04, 7.882365957E-03, 1.740797311E-01, 3.088634174E+02
        12,-2.703839855E-04, 7.883619517E-03, 1.742211133E-01, 3.087963360E+02
        13,-3.102954361E-04, 7.829193957E-03, 1.740492433E-01, 3.088263510E+02
        14,-3.168492403E-04, 7.882365957E-03, 1.740396470E-01, 3.090684180E+02
        15,-1.931255683E-04, 7.885180414E-03, 1.744025499E-01, 3.087739447E+02
        16,-2.703845093E-04, 7.883620448E-03, 1.740222573E-01, 3.089997181E+02
        17,-2.576808329E-04, 7.798860315E-03, 1.741302460E-01, 3.087568651E+02
        18,-2.595143451E-04, 7.764818147E-03, 1.740540713E-01, 3.087568651E+02
        19,-2.852179750E-04, 7.795771118E-03, 1.740491837E-01, 3.087568651E+02
        20,-3.102954652E-04, 7.829193957E-03, 1.740432978E-01, 3.090312145E+02
        21,-1.158664090E-04, 7.886708714E-03, 1.745241284E-01, 3.087589046E+02
        22,-1.931266597E-04, 7.885179482E-03, 1.739999652E-01, 3.089767813E+02
        23,-1.932888263E-04, 7.783176843E-03, 1.742421836E-01, 3.087330100E+02
        24,-2.576815605E-04, 7.798860315E-03, 1.740332991E-01, 3.089600075E+02
        25,-2.834502666E-04, 7.795812096E-03, 1.740426421E-01, 3.089600075E+02
        26,-2.595207188E-04, 7.762322202E-03, 1.740432531E-01, 3.089600075E+02
        27,-2.338201011E-04, 7.729793433E-03, 1.740487218E-01, 3.086754949E+02
        28,-3.861836376E-05, 7.888236083E-03, 1.745865792E-01, 3.087516919E+02
        29,-1.158674932E-04, 7.886707783E-03, 1.739850342E-01, 3.089613669E+02
        30,-1.159645399E-04, 7.784706540E-03, 1.743656099E-01, 3.087172929E+02
        31,-1.932902960E-04, 7.783176843E-03, 1.740195453E-01, 3.089355604E+02
        32,-1.933913009E-04, 7.717369124E-03, 1.740897745E-01, 3.086494706E+02
        33,-2.338201739E-04, 7.729793433E-03, 1.740431935E-01, 3.088781151E+02
        34,-3.865103281E-05, 7.786235306E-03, 1.744285524E-01, 3.087100846E+02
        35,-3.861884761E-05, 7.888236083E-03, 1.739771217E-01, 3.089539636E+02
        36,-1.159662279E-04, 7.784706075E-03, 1.740044057E-01, 3.089194389E+02
        37,-1.160459506E-04, 7.698746398E-03, 1.741519272E-01, 3.086327512E+02
        38,-1.933917956E-04, 7.717369124E-03, 1.740381420E-01, 3.088514138E+02
        39,-3.868155181E-05, 7.690090686E-03, 1.741831005E-01, 3.086255861E+02
        40,-3.865177496E-05, 7.786235306E-03, 1.739962846E-01, 3.089120270E+02
        41,-1.160467436E-04, 7.698746398E-03, 1.740305126E-01, 3.088342320E+02
        42,-3.868191925E-05, 7.690090686E-03, 1.740260571E-01, 3.088268388E+02
         1,-3.990153346E-05,-7.970005274E-03, 1.743409783E-01, 3.437320993E+02
         2,-1.194200158E-04,-7.965056226E-03, 1.743096262E-01, 3.437342154E+02
         3,-3.990162440E-05,-7.970005274E-03, 1.740069240E-01, 3.441925851E+02
         4,-1.980918169E-04,-7.956682704E-03, 1.742477715E-01, 3.437295475E+02
         5,-1.194201614E-04,-7.965056226E-03, 1.740112305E-01, 3.441948222E+02
         6,-2.754284360E-04,-7.945491932E-03, 1.741551906E-01, 3.437179721E+02
         7,-1.980918751E-04,-7.956683636E-03, 1.740187854E-01, 3.441903569E+02
         8,-3.216163896E-04,-7.936959155E-03, 1.740820408E-01, 3.442399105E+02
         9,-2.754284651E-04,-7.945491932E-03, 1.740301251E-01, 3.441790601E+02
        10,-3.216163896E-04,-7.936959155E-03, 1.740390658E-01, 3.447041385E+02
        11,-3.909025327E-05,-7.888226770E-03, 1.745862216E-01, 3.503174593E+02
        12,-1.172818156E-04,-7.886679843E-03, 1.745222658E-01, 3.503095011E+02
        13,-3.917419963E-05,-7.786225062E-03, 1.744281203E-01, 3.503033875E+02
        14,-3.909041698E-05,-7.888226770E-03, 1.739771515E-01, 3.508025313E+02
        15,-1.954840554E-04,-7.885132916E-03, 1.743974984E-01, 3.502944841E+02
        16,-1.175335274E-04,-7.784675341E-03, 1.743634343E-01, 3.502950302E+02
        17,-1.172820703E-04,-7.886679843E-03, 1.739852130E-01, 3.507946304E+02
        18,-3.925115743E-05,-7.690157741E-03, 1.741828620E-01, 3.502734011E+02
        19,-3.917430877E-05,-7.786225062E-03, 1.739963293E-01, 3.507883834E+02
        20,-2.736847382E-04,-7.883543149E-03, 1.742110699E-01, 3.502722960E+02
        21,-1.959026413E-04,-7.783124689E-03, 1.742365360E-01, 3.502794959E+02
        22,-1.954841719E-04,-7.885132916E-03, 1.740004718E-01, 3.507797102E+02
        23,-1.177381782E-04,-7.699094247E-03, 1.741507798E-01, 3.502644801E+02
        24,-1.175336874E-04,-7.784674875E-03, 1.740046442E-01, 3.507800841E+02
        25,-3.925119381E-05,-7.690158207E-03, 1.740260869E-01, 3.507582271E+02
        26,-3.191601136E-04,-7.882351056E-03, 1.740730852E-01, 3.502054050E+02
        27,-2.610964584E-04,-7.798777893E-03, 1.741204858E-01, 3.502565594E+02
        28,-2.871923789E-04,-7.797820959E-03, 1.740467697E-01, 3.502565594E+02
        29,-2.620506275E-04,-7.764372509E-03, 1.740459651E-01, 3.502565594E+02
        30,-2.605409827E-04,-7.900846191E-03, 1.740165502E-01, 3.507576674E+02
        31,-2.868016309E-04,-7.866268978E-03, 1.740300506E-01, 3.507576674E+02
        32,-1.961583475E-04,-7.718266919E-03, 1.740867943E-01, 3.502480792E+02
        33,-1.827577798E-04,-7.800384890E-03, 1.740125865E-01, 3.507646494E+02
        34,-2.090199123E-04,-7.765865419E-03, 1.740279794E-01, 3.507646494E+02
        35,-1.177382292E-04,-7.699094713E-03, 1.740306467E-01, 3.507493647E+02
        36,-3.132941492E-04,-7.831240073E-03, 1.740445644E-01, 3.501875079E+02
        37,-3.209992428E-04,-7.899266668E-03, 1.740390658E-01, 3.506912219E+02
        38,-2.361253864E-04,-7.730616722E-03, 1.740459651E-01, 3.502239946E+02
        39,-2.610964584E-04,-7.798777893E-03, 1.740347147E-01, 3.507418632E+02
        40,-1.830951805E-04,-7.714616135E-03, 1.740369797E-01, 3.507330656E+02
